# JRE version: OpenJDK Runtime Environment (8.0_242-b01) (build 1.8.0_242-release-1644-b01)
# Java VM: OpenJDK 64-Bit Server VM (25.242-b01 mixed mode windows-amd64 compressed oops)
Heap:
 PSYoungGen      total 128000K, used 54283K [0x00000000d5580000, 0x00000000dd780000, 0x0000000100000000)
  eden space 122880K, 44% used [0x00000000d5580000,0x00000000d8a82ef0,0x00000000dcd80000)
  from space 5120K, 0% used [0x00000000dd280000,0x00000000dd280000,0x00000000dd780000)
  to   space 5120K, 0% used [0x00000000dcd80000,0x00000000dcd80000,0x00000000dd280000)
 ParOldGen       total 44032K, used 5388K [0x0000000080000000, 0x0000000082b00000, 0x00000000d5580000)
  object space 44032K, 12% used [0x0000000080000000,0x0000000080543078,0x0000000082b00000)
 Metaspace       used 18701K, capacity 19384K, committed 19456K, reserved 1067008K
  class space    used 2562K, capacity 2744K, committed 2816K, reserved 1048576K
GC Heap History (10 events):
Event: 0.734 GC heap before
{Heap before GC invocations=1 (full 0):
 PSYoungGen      total 35840K, used 30720K [0x00000000d5580000, 0x00000000d7d80000, 0x0000000100000000)
  eden space 30720K, 100% used [0x00000000d5580000,0x00000000d7380000,0x00000000d7380000)
  from space 5120K, 0% used [0x00000000d7880000,0x00000000d7880000,0x00000000d7d80000)
  to   space 5120K, 0% used [0x00000000d7380000,0x00000000d7380000,0x00000000d7880000)
 ParOldGen       total 81920K, used 0K [0x0000000080000000, 0x0000000085000000, 0x00000000d5580000)
  object space 81920K, 0% used [0x0000000080000000,0x0000000080000000,0x0000000085000000)
 Metaspace       used 7569K, capacity 7912K, committed 8064K, reserved 1056768K
  class space    used 934K, capacity 1039K, committed 1152K, reserved 1048576K
Event: 0.747 GC heap after
Heap after GC invocations=1 (full 0):
 PSYoungGen      total 35840K, used 4608K [0x00000000d5580000, 0x00000000d9b80000, 0x0000000100000000)
  eden space 30720K, 0% used [0x00000000d5580000,0x00000000d5580000,0x00000000d7380000)
  from space 5120K, 90% used [0x00000000d7380000,0x00000000d7800198,0x00000000d7880000)
  to   space 5120K, 0% used [0x00000000d9680000,0x00000000d9680000,0x00000000d9b80000)
 ParOldGen       total 81920K, used 8K [0x0000000080000000, 0x0000000085000000, 0x00000000d5580000)
  object space 81920K, 0% used [0x0000000080000000,0x0000000080002000,0x0000000085000000)
 Metaspace       used 7569K, capacity 7912K, committed 8064K, reserved 1056768K
  class space    used 934K, capacity 1039K, committed 1152K, reserved 1048576K
}
Event: 0.986 GC heap before
{Heap before GC invocations=2 (full 0):
 PSYoungGen      total 35840K, used 35328K [0x00000000d5580000, 0x00000000d9b80000, 0x0000000100000000)
  eden space 30720K, 100% used [0x00000000d5580000,0x00000000d7380000,0x00000000d7380000)
  from space 5120K, 90% used [0x00000000d7380000,0x00000000d7800198,0x00000000d7880000)
  to   space 5120K, 0% used [0x00000000d9680000,0x00000000d9680000,0x00000000d9b80000)
 ParOldGen       total 81920K, used 8K [0x0000000080000000, 0x0000000085000000, 0x00000000d5580000)
  object space 81920K, 0% used [0x0000000080000000,0x0000000080002000,0x0000000085000000)
 Metaspace       used 7797K, capacity 8104K, committed 8320K, reserved 1056768K
  class space    used 944K, capacity 1039K, committed 1152K, reserved 1048576K
Event: 0.989 GC heap after
Heap after GC invocations=2 (full 0):
 PSYoungGen      total 66560K, used 3529K [0x00000000d5580000, 0x00000000d9b80000, 0x0000000100000000)
  eden space 61440K, 0% used [0x00000000d5580000,0x00000000d5580000,0x00000000d9180000)
  from space 5120K, 68% used [0x00000000d9680000,0x00000000d99f25e8,0x00000000d9b80000)
  to   space 5120K, 0% used [0x00000000d9180000,0x00000000d9180000,0x00000000d9680000)
 ParOldGen       total 81920K, used 16K [0x0000000080000000, 0x0000000085000000, 0x00000000d5580000)
  object space 81920K, 0% used [0x0000000080000000,0x0000000080004000,0x0000000085000000)
 Metaspace       used 7797K, capacity 8104K, committed 8320K, reserved 1056768K
  class space    used 944K, capacity 1039K, committed 1152K, reserved 1048576K
}
Event: 1.663 GC heap before
{Heap before GC invocations=3 (full 0):
 PSYoungGen      total 66560K, used 64969K [0x00000000d5580000, 0x00000000d9b80000, 0x0000000100000000)
  eden space 61440K, 100% used [0x00000000d5580000,0x00000000d9180000,0x00000000d9180000)
  from space 5120K, 68% used [0x00000000d9680000,0x00000000d99f25e8,0x00000000d9b80000)
  to   space 5120K, 0% used [0x00000000d9180000,0x00000000d9180000,0x00000000d9680000)
 ParOldGen       total 81920K, used 16K [0x0000000080000000, 0x0000000085000000, 0x00000000d5580000)
  object space 81920K, 0% used [0x0000000080000000,0x0000000080004000,0x0000000085000000)
 Metaspace       used 13264K, capacity 13710K, committed 13824K, reserved 1060864K
  class space    used 1817K, capacity 1951K, committed 2048K, reserved 1048576K
Event: 1.671 GC heap after
Heap after GC invocations=3 (full 0):
 PSYoungGen      total 66560K, used 5112K [0x00000000d5580000, 0x00000000dd780000, 0x0000000100000000)
  eden space 61440K, 0% used [0x00000000d5580000,0x00000000d5580000,0x00000000d9180000)
  from space 5120K, 99% used [0x00000000d9180000,0x00000000d967e030,0x00000000d9680000)
  to   space 5120K, 0% used [0x00000000dd280000,0x00000000dd280000,0x00000000dd780000)
 ParOldGen       total 81920K, used 3061K [0x0000000080000000, 0x0000000085000000, 0x00000000d5580000)
  object space 81920K, 3% used [0x0000000080000000,0x00000000802fd5e8,0x0000000085000000)
 Metaspace       used 13264K, capacity 13710K, committed 13824K, reserved 1060864K
  class space    used 1817K, capacity 1951K, committed 2048K, reserved 1048576K
}
Event: 1.711 GC heap before
{Heap before GC invocations=4 (full 0):
 PSYoungGen      total 66560K, used 9777K [0x00000000d5580000, 0x00000000dd780000, 0x0000000100000000)
  eden space 61440K, 7% used [0x00000000d5580000,0x00000000d5a0e450,0x00000000d9180000)
  from space 5120K, 99% used [0x00000000d9180000,0x00000000d967e030,0x00000000d9680000)
  to   space 5120K, 0% used [0x00000000dd280000,0x00000000dd280000,0x00000000dd780000)
 ParOldGen       total 81920K, used 3061K [0x0000000080000000, 0x0000000085000000, 0x00000000d5580000)
  object space 81920K, 3% used [0x0000000080000000,0x00000000802fd5e8,0x0000000085000000)
 Metaspace       used 13857K, capacity 14324K, committed 14336K, reserved 1064960K
  class space    used 1900K, capacity 2048K, committed 2048K, reserved 1048576K
Event: 1.726 GC heap after
Heap after GC invocations=4 (full 0):
 PSYoungGen      total 128000K, used 5103K [0x00000000d5580000, 0x00000000dd780000, 0x0000000100000000)
  eden space 122880K, 0% used [0x00000000d5580000,0x00000000d5580000,0x00000000dcd80000)
  from space 5120K, 99% used [0x00000000dd280000,0x00000000dd77bc38,0x00000000dd780000)
  to   space 5120K, 0% used [0x00000000dcd80000,0x00000000dcd80000,0x00000000dd280000)
 ParOldGen       total 81920K, used 3441K [0x0000000080000000, 0x0000000085000000, 0x00000000d5580000)
  object space 81920K, 4% used [0x0000000080000000,0x000000008035c740,0x0000000085000000)
 Metaspace       used 13857K, capacity 14324K, committed 14336K, reserved 1064960K
  class space    used 1900K, capacity 2048K, committed 2048K, reserved 1048576K
}
Event: 1.726 GC heap before
{Heap before GC invocations=5 (full 1):
 PSYoungGen      total 128000K, used 5103K [0x00000000d5580000, 0x00000000dd780000, 0x0000000100000000)
  eden space 122880K, 0% used [0x00000000d5580000,0x00000000d5580000,0x00000000dcd80000)
  from space 5120K, 99% used [0x00000000dd280000,0x00000000dd77bc38,0x00000000dd780000)
  to   space 5120K, 0% used [0x00000000dcd80000,0x00000000dcd80000,0x00000000dd280000)
 ParOldGen       total 81920K, used 3441K [0x0000000080000000, 0x0000000085000000, 0x00000000d5580000)
  object space 81920K, 4% used [0x0000000080000000,0x000000008035c740,0x0000000085000000)
 Metaspace       used 13857K, capacity 14324K, committed 14336K, reserved 1064960K
  class space    used 1900K, capacity 2048K, committed 2048K, reserved 1048576K
Event: 1.751 GC heap after
Heap after GC invocations=5 (full 1):
 PSYoungGen      total 128000K, used 0K [0x00000000d5580000, 0x00000000dd780000, 0x0000000100000000)
  eden space 122880K, 0% used [0x00000000d5580000,0x00000000d5580000,0x00000000dcd80000)
  from space 5120K, 0% used [0x00000000dd280000,0x00000000dd280000,0x00000000dd780000)
  to   space 5120K, 0% used [0x00000000dcd80000,0x00000000dcd80000,0x00000000dd280000)
 ParOldGen       total 44032K, used 5388K [0x0000000080000000, 0x0000000082b00000, 0x00000000d5580000)
  object space 44032K, 12% used [0x0000000080000000,0x0000000080543078,0x0000000082b00000)
 Metaspace       used 13857K, capacity 14324K, committed 14336K, reserved 1062912K
  class space    used 1900K, capacity 2048K, committed 2048K, reserved 1048576K
}

