# JRE version: OpenJDK Runtime Environment (8.0_242-b01) (build 1.8.0_242-release-1644-b01)
# Java VM: OpenJDK 64-Bit Server VM (25.242-b01 mixed mode windows-amd64 compressed oops)
Heap:
 PSYoungGen      total 182784K, used 112831K [0x00000000d8380000, 0x00000000e7180000, 0x0000000100000000)
  eden space 150528K, 74% used [0x00000000d8380000,0x00000000df1aff20,0x00000000e1680000)
  from space 32256K, 0% used [0x00000000e3c80000,0x00000000e3c80000,0x00000000e5c00000)
  to   space 38912K, 0% used [0x00000000e1680000,0x00000000e1680000,0x00000000e3c80000)
 ParOldGen       total 177152K, used 56574K [0x0000000088a00000, 0x0000000093700000, 0x00000000d8380000)
  object space 177152K, 31% used [0x0000000088a00000,0x000000008c13fb48,0x0000000093700000)
 Metaspace       used 64638K, capacity 66022K, committed 66352K, reserved 1107968K
  class space    used 7594K, capacity 7922K, committed 7984K, reserved 1048576K
GC Heap History (10 events):
Event: 2.283 GC heap before
{Heap before GC invocations=7 (full 2):
 PSYoungGen      total 128000K, used 5108K [0x00000000d8380000, 0x00000000e1f80000, 0x0000000100000000)
  eden space 122880K, 0% used [0x00000000d8380000,0x00000000d8380000,0x00000000dfb80000)
  from space 5120K, 99% used [0x00000000dfb80000,0x00000000e007d308,0x00000000e0080000)
  to   space 16896K, 0% used [0x00000000e0f00000,0x00000000e0f00000,0x00000000e1f80000)
 ParOldGen       total 65024K, used 28458K [0x0000000088a00000, 0x000000008c980000, 0x00000000d8380000)
  object space 65024K, 43% used [0x0000000088a00000,0x000000008a5cabf8,0x000000008c980000)
 Metaspace       used 34665K, capacity 35188K, committed 35496K, reserved 1081344K
  class space    used 4420K, capacity 4549K, committed 4656K, reserved 1048576K
Event: 2.338 GC heap after
Heap after GC invocations=7 (full 2):
 PSYoungGen      total 128000K, used 0K [0x00000000d8380000, 0x00000000e1f80000, 0x0000000100000000)
  eden space 122880K, 0% used [0x00000000d8380000,0x00000000d8380000,0x00000000dfb80000)
  from space 5120K, 0% used [0x00000000dfb80000,0x00000000dfb80000,0x00000000e0080000)
  to   space 16896K, 0% used [0x00000000e0f00000,0x00000000e0f00000,0x00000000e1f80000)
 ParOldGen       total 113664K, used 22348K [0x0000000088a00000, 0x000000008f900000, 0x00000000d8380000)
  object space 113664K, 19% used [0x0000000088a00000,0x0000000089fd3168,0x000000008f900000)
 Metaspace       used 34665K, capacity 35188K, committed 35496K, reserved 1081344K
  class space    used 4420K, capacity 4549K, committed 4656K, reserved 1048576K
}
Event: 4.040 GC heap before
{Heap before GC invocations=8 (full 2):
 PSYoungGen      total 128000K, used 122880K [0x00000000d8380000, 0x00000000e1f80000, 0x0000000100000000)
  eden space 122880K, 100% used [0x00000000d8380000,0x00000000dfb80000,0x00000000dfb80000)
  from space 5120K, 0% used [0x00000000dfb80000,0x00000000dfb80000,0x00000000e0080000)
  to   space 16896K, 0% used [0x00000000e0f00000,0x00000000e0f00000,0x00000000e1f80000)
 ParOldGen       total 113664K, used 22348K [0x0000000088a00000, 0x000000008f900000, 0x00000000d8380000)
  object space 113664K, 19% used [0x0000000088a00000,0x0000000089fd3168,0x000000008f900000)
 Metaspace       used 46461K, capacity 47292K, committed 47536K, reserved 1091584K
  class space    used 5788K, capacity 6031K, committed 6064K, reserved 1048576K
Event: 4.061 GC heap after
Heap after GC invocations=8 (full 2):
 PSYoungGen      total 134656K, used 16885K [0x00000000d8380000, 0x00000000e5500000, 0x0000000100000000)
  eden space 117760K, 0% used [0x00000000d8380000,0x00000000d8380000,0x00000000df680000)
  from space 16896K, 99% used [0x00000000e0f00000,0x00000000e1f7d728,0x00000000e1f80000)
  to   space 25088K, 0% used [0x00000000df680000,0x00000000df680000,0x00000000e0f00000)
 ParOldGen       total 113664K, used 32358K [0x0000000088a00000, 0x000000008f900000, 0x00000000d8380000)
  object space 113664K, 28% used [0x0000000088a00000,0x000000008a999980,0x000000008f900000)
 Metaspace       used 46461K, capacity 47292K, committed 47536K, reserved 1091584K
  class space    used 5788K, capacity 6031K, committed 6064K, reserved 1048576K
}
Event: 6.049 GC heap before
{Heap before GC invocations=9 (full 2):
 PSYoungGen      total 134656K, used 134645K [0x00000000d8380000, 0x00000000e5500000, 0x0000000100000000)
  eden space 117760K, 100% used [0x00000000d8380000,0x00000000df680000,0x00000000df680000)
  from space 16896K, 99% used [0x00000000e0f00000,0x00000000e1f7d728,0x00000000e1f80000)
  to   space 25088K, 0% used [0x00000000df680000,0x00000000df680000,0x00000000e0f00000)
 ParOldGen       total 113664K, used 32358K [0x0000000088a00000, 0x000000008f900000, 0x00000000d8380000)
  object space 113664K, 28% used [0x0000000088a00000,0x000000008a999980,0x000000008f900000)
 Metaspace       used 51716K, capacity 52746K, committed 53040K, reserved 1095680K
  class space    used 6175K, capacity 6442K, committed 6448K, reserved 1048576K
Event: 6.086 GC heap after
Heap after GC invocations=9 (full 2):
 PSYoungGen      total 142848K, used 25064K [0x00000000d8380000, 0x00000000e5c00000, 0x0000000100000000)
  eden space 117760K, 0% used [0x00000000d8380000,0x00000000d8380000,0x00000000df680000)
  from space 25088K, 99% used [0x00000000df680000,0x00000000e0efa2f8,0x00000000e0f00000)
  to   space 32256K, 0% used [0x00000000e3c80000,0x00000000e3c80000,0x00000000e5c00000)
 ParOldGen       total 113664K, used 38010K [0x0000000088a00000, 0x000000008f900000, 0x00000000d8380000)
  object space 113664K, 33% used [0x0000000088a00000,0x000000008af1e920,0x000000008f900000)
 Metaspace       used 51716K, capacity 52746K, committed 53040K, reserved 1095680K
  class space    used 6175K, capacity 6442K, committed 6448K, reserved 1048576K
}
Event: 7.825 GC heap before
{Heap before GC invocations=10 (full 2):
 PSYoungGen      total 142848K, used 121146K [0x00000000d8380000, 0x00000000e5c00000, 0x0000000100000000)
  eden space 117760K, 81% used [0x00000000d8380000,0x00000000de1547f8,0x00000000df680000)
  from space 25088K, 99% used [0x00000000df680000,0x00000000e0efa2f8,0x00000000e0f00000)
  to   space 32256K, 0% used [0x00000000e3c80000,0x00000000e3c80000,0x00000000e5c00000)
 ParOldGen       total 113664K, used 38010K [0x0000000088a00000, 0x000000008f900000, 0x00000000d8380000)
  object space 113664K, 33% used [0x0000000088a00000,0x000000008af1e920,0x000000008f900000)
 Metaspace       used 57863K, capacity 59080K, committed 59160K, reserved 1101824K
  class space    used 7037K, capacity 7343K, committed 7344K, reserved 1048576K
Event: 7.903 GC heap after
Heap after GC invocations=10 (full 2):
 PSYoungGen      total 182784K, used 32234K [0x00000000d8380000, 0x00000000e7180000, 0x0000000100000000)
  eden space 150528K, 0% used [0x00000000d8380000,0x00000000d8380000,0x00000000e1680000)
  from space 32256K, 99% used [0x00000000e3c80000,0x00000000e5bfa950,0x00000000e5c00000)
  to   space 38912K, 0% used [0x00000000e1680000,0x00000000e1680000,0x00000000e3c80000)
 ParOldGen       total 113664K, used 41996K [0x0000000088a00000, 0x000000008f900000, 0x00000000d8380000)
  object space 113664K, 36% used [0x0000000088a00000,0x000000008b303050,0x000000008f900000)
 Metaspace       used 57863K, capacity 59080K, committed 59160K, reserved 1101824K
  class space    used 7037K, capacity 7343K, committed 7344K, reserved 1048576K
}
Event: 7.903 GC heap before
{Heap before GC invocations=11 (full 3):
 PSYoungGen      total 182784K, used 32234K [0x00000000d8380000, 0x00000000e7180000, 0x0000000100000000)
  eden space 150528K, 0% used [0x00000000d8380000,0x00000000d8380000,0x00000000e1680000)
  from space 32256K, 99% used [0x00000000e3c80000,0x00000000e5bfa950,0x00000000e5c00000)
  to   space 38912K, 0% used [0x00000000e1680000,0x00000000e1680000,0x00000000e3c80000)
 ParOldGen       total 113664K, used 41996K [0x0000000088a00000, 0x000000008f900000, 0x00000000d8380000)
  object space 113664K, 36% used [0x0000000088a00000,0x000000008b303050,0x000000008f900000)
 Metaspace       used 57863K, capacity 59080K, committed 59160K, reserved 1101824K
  class space    used 7037K, capacity 7343K, committed 7344K, reserved 1048576K
Event: 8.114 GC heap after
Heap after GC invocations=11 (full 3):
 PSYoungGen      total 182784K, used 0K [0x00000000d8380000, 0x00000000e7180000, 0x0000000100000000)
  eden space 150528K, 0% used [0x00000000d8380000,0x00000000d8380000,0x00000000e1680000)
  from space 32256K, 0% used [0x00000000e3c80000,0x00000000e3c80000,0x00000000e5c00000)
  to   space 38912K, 0% used [0x00000000e1680000,0x00000000e1680000,0x00000000e3c80000)
 ParOldGen       total 177152K, used 56574K [0x0000000088a00000, 0x0000000093700000, 0x00000000d8380000)
  object space 177152K, 31% used [0x0000000088a00000,0x000000008c13fb48,0x0000000093700000)
 Metaspace       used 57863K, capacity 59080K, committed 59160K, reserved 1101824K
  class space    used 7037K, capacity 7343K, committed 7344K, reserved 1048576K
}

