# JRE version: OpenJDK Runtime Environment (8.0_242-b01) (build 1.8.0_242-release-1644-b01)
# Java VM: OpenJDK 64-Bit Server VM (25.242-b01 mixed mode windows-amd64 compressed oops)
Heap:
 PSYoungGen      total 261120K, used 47600K [0x00000000d5580000, 0x00000000e7000000, 0x0000000100000000)
  eden space 233984K, 15% used [0x00000000d5580000,0x00000000d78cc0f8,0x00000000e3a00000)
  from space 27136K, 42% used [0x00000000e5580000,0x00000000e60b0020,0x00000000e7000000)
  to   space 27648K, 0% used [0x00000000e3a00000,0x00000000e3a00000,0x00000000e5500000)
 ParOldGen       total 304128K, used 54940K [0x0000000080000000, 0x0000000092900000, 0x00000000d5580000)
  object space 304128K, 18% used [0x0000000080000000,0x00000000835a7220,0x0000000092900000)
 Metaspace       used 112377K, capacity 120860K, committed 122712K, reserved 1157120K
  class space    used 13962K, capacity 15385K, committed 15744K, reserved 1048576K
GC Heap History (10 events):
Event: 14701.019 GC heap before
{Heap before GC invocations=100 (full 10):
 PSYoungGen      total 254976K, used 241728K [0x00000000d5580000, 0x00000000e6680000, 0x0000000100000000)
  eden space 228864K, 100% used [0x00000000d5580000,0x00000000e3500000,0x00000000e3500000)
  from space 26112K, 49% used [0x00000000e3500000,0x00000000e4190060,0x00000000e4e80000)
  to   space 24576K, 0% used [0x00000000e4e80000,0x00000000e4e80000,0x00000000e6680000)
 ParOldGen       total 304128K, used 51754K [0x0000000080000000, 0x0000000092900000, 0x00000000d5580000)
  object space 304128K, 17% used [0x0000000080000000,0x000000008328ab00,0x0000000092900000)
 Metaspace       used 111074K, capacity 119326K, committed 121560K, reserved 1155072K
  class space    used 13809K, capacity 15156K, committed 15616K, reserved 1048576K
Event: 14701.052 GC heap after
Heap after GC invocations=100 (full 10):
 PSYoungGen      total 250368K, used 24557K [0x00000000d5580000, 0x00000000e7480000, 0x0000000100000000)
  eden space 225792K, 0% used [0x00000000d5580000,0x00000000d5580000,0x00000000e3200000)
  from space 24576K, 99% used [0x00000000e4e80000,0x00000000e667b450,0x00000000e6680000)
  to   space 29184K, 0% used [0x00000000e3200000,0x00000000e3200000,0x00000000e4e80000)
 ParOldGen       total 304128K, used 54924K [0x0000000080000000, 0x0000000092900000, 0x00000000d5580000)
  object space 304128K, 18% used [0x0000000080000000,0x00000000835a3220,0x0000000092900000)
 Metaspace       used 111074K, capacity 119326K, committed 121560K, reserved 1155072K
  class space    used 13809K, capacity 15156K, committed 15616K, reserved 1048576K
}
Event: 14774.913 GC heap before
{Heap before GC invocations=101 (full 10):
 PSYoungGen      total 250368K, used 250349K [0x00000000d5580000, 0x00000000e7480000, 0x0000000100000000)
  eden space 225792K, 100% used [0x00000000d5580000,0x00000000e3200000,0x00000000e3200000)
  from space 24576K, 99% used [0x00000000e4e80000,0x00000000e667b450,0x00000000e6680000)
  to   space 29184K, 0% used [0x00000000e3200000,0x00000000e3200000,0x00000000e4e80000)
 ParOldGen       total 304128K, used 54924K [0x0000000080000000, 0x0000000092900000, 0x00000000d5580000)
  object space 304128K, 18% used [0x0000000080000000,0x00000000835a3220,0x0000000092900000)
 Metaspace       used 111102K, capacity 119356K, committed 121560K, reserved 1155072K
  class space    used 13811K, capacity 15161K, committed 15616K, reserved 1048576K
Event: 14774.928 GC heap after
Heap after GC invocations=101 (full 10):
 PSYoungGen      total 254976K, used 18216K [0x00000000d5580000, 0x00000000e7000000, 0x0000000100000000)
  eden space 225792K, 0% used [0x00000000d5580000,0x00000000d5580000,0x00000000e3200000)
  from space 29184K, 62% used [0x00000000e3200000,0x00000000e43ca3e0,0x00000000e4e80000)
  to   space 29184K, 0% used [0x00000000e5380000,0x00000000e5380000,0x00000000e7000000)
 ParOldGen       total 304128K, used 54924K [0x0000000080000000, 0x0000000092900000, 0x00000000d5580000)
  object space 304128K, 18% used [0x0000000080000000,0x00000000835a3220,0x0000000092900000)
 Metaspace       used 111102K, capacity 119356K, committed 121560K, reserved 1155072K
  class space    used 13811K, capacity 15161K, committed 15616K, reserved 1048576K
}
Event: 14999.565 GC heap before
{Heap before GC invocations=102 (full 10):
 PSYoungGen      total 254976K, used 244008K [0x00000000d5580000, 0x00000000e7000000, 0x0000000100000000)
  eden space 225792K, 100% used [0x00000000d5580000,0x00000000e3200000,0x00000000e3200000)
  from space 29184K, 62% used [0x00000000e3200000,0x00000000e43ca3e0,0x00000000e4e80000)
  to   space 29184K, 0% used [0x00000000e5380000,0x00000000e5380000,0x00000000e7000000)
 ParOldGen       total 304128K, used 54924K [0x0000000080000000, 0x0000000092900000, 0x00000000d5580000)
  object space 304128K, 18% used [0x0000000080000000,0x00000000835a3220,0x0000000092900000)
 Metaspace       used 111299K, capacity 119572K, committed 121816K, reserved 1155072K
  class space    used 13822K, capacity 15175K, committed 15616K, reserved 1048576K
Event: 14999.574 GC heap after
Heap after GC invocations=102 (full 10):
 PSYoungGen      total 258048K, used 5536K [0x00000000d5580000, 0x00000000e6f00000, 0x0000000100000000)
  eden space 229888K, 0% used [0x00000000d5580000,0x00000000d5580000,0x00000000e3600000)
  from space 28160K, 19% used [0x00000000e5380000,0x00000000e58e8000,0x00000000e6f00000)
  to   space 29184K, 0% used [0x00000000e3600000,0x00000000e3600000,0x00000000e5280000)
 ParOldGen       total 304128K, used 54932K [0x0000000080000000, 0x0000000092900000, 0x00000000d5580000)
  object space 304128K, 18% used [0x0000000080000000,0x00000000835a5220,0x0000000092900000)
 Metaspace       used 111299K, capacity 119572K, committed 121816K, reserved 1155072K
  class space    used 13822K, capacity 15175K, committed 15616K, reserved 1048576K
}
Event: 15016.330 GC heap before
{Heap before GC invocations=103 (full 10):
 PSYoungGen      total 258048K, used 235424K [0x00000000d5580000, 0x00000000e6f00000, 0x0000000100000000)
  eden space 229888K, 100% used [0x00000000d5580000,0x00000000e3600000,0x00000000e3600000)
  from space 28160K, 19% used [0x00000000e5380000,0x00000000e58e8000,0x00000000e6f00000)
  to   space 29184K, 0% used [0x00000000e3600000,0x00000000e3600000,0x00000000e5280000)
 ParOldGen       total 304128K, used 54932K [0x0000000080000000, 0x0000000092900000, 0x00000000d5580000)
  object space 304128K, 18% used [0x0000000080000000,0x00000000835a5220,0x0000000092900000)
 Metaspace       used 112328K, capacity 120836K, committed 122712K, reserved 1157120K
  class space    used 13960K, capacity 15381K, committed 15744K, reserved 1048576K
Event: 15016.342 GC heap after
Heap after GC invocations=103 (full 10):
 PSYoungGen      total 259072K, used 7717K [0x00000000d5580000, 0x00000000e7180000, 0x0000000100000000)
  eden space 229888K, 0% used [0x00000000d5580000,0x00000000d5580000,0x00000000e3600000)
  from space 29184K, 26% used [0x00000000e3600000,0x00000000e3d89610,0x00000000e5280000)
  to   space 28672K, 0% used [0x00000000e5580000,0x00000000e5580000,0x00000000e7180000)
 ParOldGen       total 304128K, used 54940K [0x0000000080000000, 0x0000000092900000, 0x00000000d5580000)
  object space 304128K, 18% used [0x0000000080000000,0x00000000835a7220,0x0000000092900000)
 Metaspace       used 112328K, capacity 120836K, committed 122712K, reserved 1157120K
  class space    used 13960K, capacity 15381K, committed 15744K, reserved 1048576K
}
Event: 15026.421 GC heap before
{Heap before GC invocations=104 (full 10):
 PSYoungGen      total 259072K, used 237605K [0x00000000d5580000, 0x00000000e7180000, 0x0000000100000000)
  eden space 229888K, 100% used [0x00000000d5580000,0x00000000e3600000,0x00000000e3600000)
  from space 29184K, 26% used [0x00000000e3600000,0x00000000e3d89610,0x00000000e5280000)
  to   space 28672K, 0% used [0x00000000e5580000,0x00000000e5580000,0x00000000e7180000)
 ParOldGen       total 304128K, used 54940K [0x0000000080000000, 0x0000000092900000, 0x00000000d5580000)
  object space 304128K, 18% used [0x0000000080000000,0x00000000835a7220,0x0000000092900000)
 Metaspace       used 112377K, capacity 120860K, committed 122712K, reserved 1157120K
  class space    used 13962K, capacity 15385K, committed 15744K, reserved 1048576K
Event: 15026.448 GC heap after
Heap after GC invocations=104 (full 10):
 PSYoungGen      total 261120K, used 11456K [0x00000000d5580000, 0x00000000e7000000, 0x0000000100000000)
  eden space 233984K, 0% used [0x00000000d5580000,0x00000000d5580000,0x00000000e3a00000)
  from space 27136K, 42% used [0x00000000e5580000,0x00000000e60b0020,0x00000000e7000000)
  to   space 27648K, 0% used [0x00000000e3a00000,0x00000000e3a00000,0x00000000e5500000)
 ParOldGen       total 304128K, used 54940K [0x0000000080000000, 0x0000000092900000, 0x00000000d5580000)
  object space 304128K, 18% used [0x0000000080000000,0x00000000835a7220,0x0000000092900000)
 Metaspace       used 112377K, capacity 120860K, committed 122712K, reserved 1157120K
  class space    used 13962K, capacity 15385K, committed 15744K, reserved 1048576K
}

