# JRE version: OpenJDK Runtime Environment (8.0_242-b01) (build 1.8.0_242-release-1644-b01)
# Java VM: OpenJDK 64-Bit Server VM (25.242-b01 mixed mode windows-amd64 compressed oops)
Heap:
 PSYoungGen      total 590848K, used 479752K [0x00000000d5580000, 0x0000000100000000, 0x0000000100000000)
  eden space 559104K, 81% used [0x00000000d5580000,0x00000000f13978f0,0x00000000f7780000)
  from space 31744K, 72% used [0x00000000f7780000,0x00000000f8dea880,0x00000000f9680000)
  to   space 33792K, 0% used [0x00000000fdf00000,0x00000000fdf00000,0x0000000100000000)
 ParOldGen       total 98816K, used 73716K [0x0000000080000000, 0x0000000086080000, 0x00000000d5580000)
  object space 98816K, 74% used [0x0000000080000000,0x00000000847fd028,0x0000000086080000)
 Metaspace       used 92275K, capacity 97884K, committed 98008K, reserved 1134592K
  class space    used 12239K, capacity 13218K, committed 13312K, reserved 1048576K
GC Heap History (10 events):
Event: 8.183 GC heap before
{Heap before GC invocations=10 (full 2):
 PSYoungGen      total 254464K, used 239616K [0x00000000d5580000, 0x00000000f0e00000, 0x0000000100000000)
  eden space 239616K, 100% used [0x00000000d5580000,0x00000000e3f80000,0x00000000e3f80000)
  from space 14848K, 0% used [0x00000000e3f80000,0x00000000e3f80000,0x00000000e4e00000)
  to   space 14336K, 0% used [0x00000000f0000000,0x00000000f0000000,0x00000000f0e00000)
 ParOldGen       total 65024K, used 15526K [0x0000000080000000, 0x0000000083f80000, 0x00000000d5580000)
  object space 65024K, 23% used [0x0000000080000000,0x0000000080f29920,0x0000000083f80000)
 Metaspace       used 45623K, capacity 47488K, committed 47704K, reserved 1091584K
  class space    used 6161K, capacity 6510K, committed 6528K, reserved 1048576K
Event: 8.206 GC heap after
Heap after GC invocations=10 (full 2):
 PSYoungGen      total 424960K, used 14332K [0x00000000d5580000, 0x00000000f0e00000, 0x0000000100000000)
  eden space 410624K, 0% used [0x00000000d5580000,0x00000000d5580000,0x00000000ee680000)
  from space 14336K, 99% used [0x00000000f0000000,0x00000000f0dff048,0x00000000f0e00000)
  to   space 17920K, 0% used [0x00000000eeb00000,0x00000000eeb00000,0x00000000efc80000)
 ParOldGen       total 65024K, used 18253K [0x0000000080000000, 0x0000000083f80000, 0x00000000d5580000)
  object space 65024K, 28% used [0x0000000080000000,0x00000000811d3618,0x0000000083f80000)
 Metaspace       used 45623K, capacity 47488K, committed 47704K, reserved 1091584K
  class space    used 6161K, capacity 6510K, committed 6528K, reserved 1048576K
}
Event: 9.405 GC heap before
{Heap before GC invocations=11 (full 2):
 PSYoungGen      total 424960K, used 157184K [0x00000000d5580000, 0x00000000f0e00000, 0x0000000100000000)
  eden space 410624K, 34% used [0x00000000d5580000,0x00000000de101260,0x00000000ee680000)
  from space 14336K, 99% used [0x00000000f0000000,0x00000000f0dff048,0x00000000f0e00000)
  to   space 17920K, 0% used [0x00000000eeb00000,0x00000000eeb00000,0x00000000efc80000)
 ParOldGen       total 65024K, used 18253K [0x0000000080000000, 0x0000000083f80000, 0x00000000d5580000)
  object space 65024K, 28% used [0x0000000080000000,0x00000000811d3618,0x0000000083f80000)
 Metaspace       used 56718K, capacity 58978K, committed 59028K, reserved 1099776K
  class space    used 7680K, capacity 8146K, committed 8192K, reserved 1048576K
Event: 9.434 GC heap after
Heap after GC invocations=11 (full 2):
 PSYoungGen      total 433152K, used 17900K [0x00000000d5580000, 0x00000000fb480000, 0x0000000100000000)
  eden space 415232K, 0% used [0x00000000d5580000,0x00000000d5580000,0x00000000eeb00000)
  from space 17920K, 99% used [0x00000000eeb00000,0x00000000efc7b218,0x00000000efc80000)
  to   space 23040K, 0% used [0x00000000f9e00000,0x00000000f9e00000,0x00000000fb480000)
 ParOldGen       total 65024K, used 25312K [0x0000000080000000, 0x0000000083f80000, 0x00000000d5580000)
  object space 65024K, 38% used [0x0000000080000000,0x00000000818b8218,0x0000000083f80000)
 Metaspace       used 56718K, capacity 58978K, committed 59028K, reserved 1099776K
  class space    used 7680K, capacity 8146K, committed 8192K, reserved 1048576K
}
Event: 9.434 GC heap before
{Heap before GC invocations=12 (full 3):
 PSYoungGen      total 433152K, used 17900K [0x00000000d5580000, 0x00000000fb480000, 0x0000000100000000)
  eden space 415232K, 0% used [0x00000000d5580000,0x00000000d5580000,0x00000000eeb00000)
  from space 17920K, 99% used [0x00000000eeb00000,0x00000000efc7b218,0x00000000efc80000)
  to   space 23040K, 0% used [0x00000000f9e00000,0x00000000f9e00000,0x00000000fb480000)
 ParOldGen       total 65024K, used 25312K [0x0000000080000000, 0x0000000083f80000, 0x00000000d5580000)
  object space 65024K, 38% used [0x0000000080000000,0x00000000818b8218,0x0000000083f80000)
 Metaspace       used 56718K, capacity 58978K, committed 59028K, reserved 1099776K
  class space    used 7680K, capacity 8146K, committed 8192K, reserved 1048576K
Event: 9.600 GC heap after
Heap after GC invocations=12 (full 3):
 PSYoungGen      total 433152K, used 0K [0x00000000d5580000, 0x00000000fb480000, 0x0000000100000000)
  eden space 415232K, 0% used [0x00000000d5580000,0x00000000d5580000,0x00000000eeb00000)
  from space 17920K, 0% used [0x00000000eeb00000,0x00000000eeb00000,0x00000000efc80000)
  to   space 23040K, 0% used [0x00000000f9e00000,0x00000000f9e00000,0x00000000fb480000)
 ParOldGen       total 98816K, used 37652K [0x0000000080000000, 0x0000000086080000, 0x00000000d5580000)
  object space 98816K, 38% used [0x0000000080000000,0x00000000824c5370,0x0000000086080000)
 Metaspace       used 56713K, capacity 58960K, committed 59028K, reserved 1099776K
  class space    used 7679K, capacity 8143K, committed 8192K, reserved 1048576K
}
Event: 13.189 GC heap before
{Heap before GC invocations=13 (full 3):
 PSYoungGen      total 433152K, used 415232K [0x00000000d5580000, 0x00000000fb480000, 0x0000000100000000)
  eden space 415232K, 100% used [0x00000000d5580000,0x00000000eeb00000,0x00000000eeb00000)
  from space 17920K, 0% used [0x00000000eeb00000,0x00000000eeb00000,0x00000000efc80000)
  to   space 23040K, 0% used [0x00000000f9e00000,0x00000000f9e00000,0x00000000fb480000)
 ParOldGen       total 98816K, used 37652K [0x0000000080000000, 0x0000000086080000, 0x00000000d5580000)
  object space 98816K, 38% used [0x0000000080000000,0x00000000824c5370,0x0000000086080000)
 Metaspace       used 72250K, capacity 75484K, committed 75736K, reserved 1114112K
  class space    used 9855K, capacity 10466K, committed 10496K, reserved 1048576K
Event: 13.219 GC heap after
Heap after GC invocations=13 (full 3):
 PSYoungGen      total 582144K, used 23021K [0x00000000d5580000, 0x00000000fb580000, 0x0000000100000000)
  eden space 559104K, 0% used [0x00000000d5580000,0x00000000d5580000,0x00000000f7780000)
  from space 23040K, 99% used [0x00000000f9e00000,0x00000000fb47b500,0x00000000fb480000)
  to   space 31744K, 0% used [0x00000000f7780000,0x00000000f7780000,0x00000000f9680000)
 ParOldGen       total 98816K, used 52547K [0x0000000080000000, 0x0000000086080000, 0x00000000d5580000)
  object space 98816K, 53% used [0x0000000080000000,0x0000000083350e30,0x0000000086080000)
 Metaspace       used 72250K, capacity 75484K, committed 75736K, reserved 1114112K
  class space    used 9855K, capacity 10466K, committed 10496K, reserved 1048576K
}
Event: 182.980 GC heap before
{Heap before GC invocations=14 (full 3):
 PSYoungGen      total 582144K, used 582125K [0x00000000d5580000, 0x00000000fb580000, 0x0000000100000000)
  eden space 559104K, 100% used [0x00000000d5580000,0x00000000f7780000,0x00000000f7780000)
  from space 23040K, 99% used [0x00000000f9e00000,0x00000000fb47b500,0x00000000fb480000)
  to   space 31744K, 0% used [0x00000000f7780000,0x00000000f7780000,0x00000000f9680000)
 ParOldGen       total 98816K, used 52547K [0x0000000080000000, 0x0000000086080000, 0x00000000d5580000)
  object space 98816K, 53% used [0x0000000080000000,0x0000000083350e30,0x0000000086080000)
 Metaspace       used 90480K, capacity 95432K, committed 95704K, reserved 1132544K
  class space    used 12138K, capacity 13030K, committed 13056K, reserved 1048576K
Event: 183.018 GC heap after
Heap after GC invocations=14 (full 3):
 PSYoungGen      total 590848K, used 22954K [0x00000000d5580000, 0x0000000100000000, 0x0000000100000000)
  eden space 559104K, 0% used [0x00000000d5580000,0x00000000d5580000,0x00000000f7780000)
  from space 31744K, 72% used [0x00000000f7780000,0x00000000f8dea880,0x00000000f9680000)
  to   space 33792K, 0% used [0x00000000fdf00000,0x00000000fdf00000,0x0000000100000000)
 ParOldGen       total 98816K, used 73716K [0x0000000080000000, 0x0000000086080000, 0x00000000d5580000)
  object space 98816K, 74% used [0x0000000080000000,0x00000000847fd028,0x0000000086080000)
 Metaspace       used 90480K, capacity 95432K, committed 95704K, reserved 1132544K
  class space    used 12138K, capacity 13030K, committed 13056K, reserved 1048576K
}

