# JRE version: OpenJDK Runtime Environment (8.0_242-b01) (build 1.8.0_242-release-1644-b01)
# Java VM: OpenJDK 64-Bit Server VM (25.242-b01 mixed mode windows-amd64 compressed oops)
Heap:
 PSYoungGen      total 403456K, used 200939K [0x00000000d5580000, 0x00000000eff00000, 0x0000000100000000)
  eden space 371200K, 54% used [0x00000000d5580000,0x00000000e19bae30,0x00000000ec000000)
  from space 32256K, 0% used [0x00000000ec000000,0x00000000ec000000,0x00000000edf80000)
  to   space 21504K, 0% used [0x00000000eea00000,0x00000000eea00000,0x00000000eff00000)
 ParOldGen       total 177152K, used 167695K [0x0000000080000000, 0x000000008ad00000, 0x00000000d5580000)
  object space 177152K, 94% used [0x0000000080000000,0x000000008a3c3d18,0x000000008ad00000)
 Metaspace       used 104101K, capacity 109052K, committed 109784K, reserved 1144832K
  class space    used 13720K, capacity 14647K, committed 14848K, reserved 1048576K
GC Heap History (10 events):
Event: 60.911 GC heap before
{Heap before GC invocations=18 (full 4):
 PSYoungGen      total 349184K, used 346293K [0x00000000d5580000, 0x00000000f0980000, 0x0000000100000000)
  eden space 320000K, 100% used [0x00000000d5580000,0x00000000e8e00000,0x00000000e8e00000)
  from space 29184K, 90% used [0x00000000e8e00000,0x00000000ea7ad4c8,0x00000000eaa80000)
  to   space 32256K, 0% used [0x00000000eea00000,0x00000000eea00000,0x00000000f0980000)
 ParOldGen       total 125952K, used 60460K [0x0000000080000000, 0x0000000087b00000, 0x00000000d5580000)
  object space 125952K, 48% used [0x0000000080000000,0x0000000083b0b3b8,0x0000000087b00000)
 Metaspace       used 90599K, capacity 94536K, committed 94808K, reserved 1130496K
  class space    used 12020K, capacity 12801K, committed 12928K, reserved 1048576K
Event: 60.927 GC heap after
Heap after GC invocations=18 (full 4):
 PSYoungGen      total 392704K, used 19134K [0x00000000d5580000, 0x00000000eff00000, 0x0000000100000000)
  eden space 371200K, 0% used [0x00000000d5580000,0x00000000d5580000,0x00000000ec000000)
  from space 21504K, 88% used [0x00000000eea00000,0x00000000efcaf898,0x00000000eff00000)
  to   space 32256K, 0% used [0x00000000ec000000,0x00000000ec000000,0x00000000edf80000)
 ParOldGen       total 125952K, used 60468K [0x0000000080000000, 0x0000000087b00000, 0x00000000d5580000)
  object space 125952K, 48% used [0x0000000080000000,0x0000000083b0d3b8,0x0000000087b00000)
 Metaspace       used 90599K, capacity 94536K, committed 94808K, reserved 1130496K
  class space    used 12020K, capacity 12801K, committed 12928K, reserved 1048576K
}
Event: 73.436 GC heap before
{Heap before GC invocations=19 (full 4):
 PSYoungGen      total 392704K, used 390334K [0x00000000d5580000, 0x00000000eff00000, 0x0000000100000000)
  eden space 371200K, 100% used [0x00000000d5580000,0x00000000ec000000,0x00000000ec000000)
  from space 21504K, 88% used [0x00000000eea00000,0x00000000efcaf898,0x00000000eff00000)
  to   space 32256K, 0% used [0x00000000ec000000,0x00000000ec000000,0x00000000edf80000)
 ParOldGen       total 125952K, used 60468K [0x0000000080000000, 0x0000000087b00000, 0x00000000d5580000)
  object space 125952K, 48% used [0x0000000080000000,0x0000000083b0d3b8,0x0000000087b00000)
 Metaspace       used 99949K, capacity 104550K, committed 104920K, reserved 1140736K
  class space    used 13366K, capacity 14264K, committed 14336K, reserved 1048576K
Event: 73.508 GC heap after
Heap after GC invocations=19 (full 4):
 PSYoungGen      total 403456K, used 32253K [0x00000000d5580000, 0x00000000eff00000, 0x0000000100000000)
  eden space 371200K, 0% used [0x00000000d5580000,0x00000000d5580000,0x00000000ec000000)
  from space 32256K, 99% used [0x00000000ec000000,0x00000000edf7f700,0x00000000edf80000)
  to   space 21504K, 0% used [0x00000000eea00000,0x00000000eea00000,0x00000000eff00000)
 ParOldGen       total 125952K, used 84276K [0x0000000080000000, 0x0000000087b00000, 0x00000000d5580000)
  object space 125952K, 66% used [0x0000000080000000,0x000000008524d3d8,0x0000000087b00000)
 Metaspace       used 99949K, capacity 104550K, committed 104920K, reserved 1140736K
  class space    used 13366K, capacity 14264K, committed 14336K, reserved 1048576K
}
Event: 75.929 GC heap before
{Heap before GC invocations=20 (full 4):
 PSYoungGen      total 403456K, used 403453K [0x00000000d5580000, 0x00000000eff00000, 0x0000000100000000)
  eden space 371200K, 100% used [0x00000000d5580000,0x00000000ec000000,0x00000000ec000000)
  from space 32256K, 99% used [0x00000000ec000000,0x00000000edf7f700,0x00000000edf80000)
  to   space 21504K, 0% used [0x00000000eea00000,0x00000000eea00000,0x00000000eff00000)
 ParOldGen       total 125952K, used 84276K [0x0000000080000000, 0x0000000087b00000, 0x00000000d5580000)
  object space 125952K, 66% used [0x0000000080000000,0x000000008524d3d8,0x0000000087b00000)
 Metaspace       used 102816K, capacity 107828K, committed 108120K, reserved 1142784K
  class space    used 13671K, capacity 14613K, committed 14720K, reserved 1048576K
Event: 75.984 GC heap after
Heap after GC invocations=20 (full 4):
 PSYoungGen      total 392704K, used 17839K [0x00000000d5580000, 0x00000000eff00000, 0x0000000100000000)
  eden space 371200K, 0% used [0x00000000d5580000,0x00000000d5580000,0x00000000ec000000)
  from space 21504K, 82% used [0x00000000eea00000,0x00000000efb6bdf8,0x00000000eff00000)
  to   space 32256K, 0% used [0x00000000ec000000,0x00000000ec000000,0x00000000edf80000)
 ParOldGen       total 125952K, used 101254K [0x0000000080000000, 0x0000000087b00000, 0x00000000d5580000)
  object space 125952K, 80% used [0x0000000080000000,0x00000000862e1a18,0x0000000087b00000)
 Metaspace       used 102816K, capacity 107828K, committed 108120K, reserved 1142784K
  class space    used 13671K, capacity 14613K, committed 14720K, reserved 1048576K
}
Event: 79.510 GC heap before
{Heap before GC invocations=21 (full 4):
 PSYoungGen      total 392704K, used 389039K [0x00000000d5580000, 0x00000000eff00000, 0x0000000100000000)
  eden space 371200K, 100% used [0x00000000d5580000,0x00000000ec000000,0x00000000ec000000)
  from space 21504K, 82% used [0x00000000eea00000,0x00000000efb6bdf8,0x00000000eff00000)
  to   space 32256K, 0% used [0x00000000ec000000,0x00000000ec000000,0x00000000edf80000)
 ParOldGen       total 125952K, used 101254K [0x0000000080000000, 0x0000000087b00000, 0x00000000d5580000)
  object space 125952K, 80% used [0x0000000080000000,0x00000000862e1a18,0x0000000087b00000)
 Metaspace       used 104142K, capacity 109376K, committed 109528K, reserved 1144832K
  class space    used 13776K, capacity 14755K, committed 14848K, reserved 1048576K
Event: 79.646 GC heap after
Heap after GC invocations=21 (full 4):
 PSYoungGen      total 403456K, used 32244K [0x00000000d5580000, 0x00000000eff00000, 0x0000000100000000)
  eden space 371200K, 0% used [0x00000000d5580000,0x00000000d5580000,0x00000000ec000000)
  from space 32256K, 99% used [0x00000000ec000000,0x00000000edf7d398,0x00000000edf80000)
  to   space 21504K, 0% used [0x00000000eea00000,0x00000000eea00000,0x00000000eff00000)
 ParOldGen       total 177152K, used 176656K [0x0000000080000000, 0x000000008ad00000, 0x00000000d5580000)
  object space 177152K, 99% used [0x0000000080000000,0x000000008ac84030,0x000000008ad00000)
 Metaspace       used 104142K, capacity 109376K, committed 109528K, reserved 1144832K
  class space    used 13776K, capacity 14755K, committed 14848K, reserved 1048576K
}
Event: 79.646 GC heap before
{Heap before GC invocations=22 (full 5):
 PSYoungGen      total 403456K, used 32244K [0x00000000d5580000, 0x00000000eff00000, 0x0000000100000000)
  eden space 371200K, 0% used [0x00000000d5580000,0x00000000d5580000,0x00000000ec000000)
  from space 32256K, 99% used [0x00000000ec000000,0x00000000edf7d398,0x00000000edf80000)
  to   space 21504K, 0% used [0x00000000eea00000,0x00000000eea00000,0x00000000eff00000)
 ParOldGen       total 177152K, used 176656K [0x0000000080000000, 0x000000008ad00000, 0x00000000d5580000)
  object space 177152K, 99% used [0x0000000080000000,0x000000008ac84030,0x000000008ad00000)
 Metaspace       used 104142K, capacity 109376K, committed 109528K, reserved 1144832K
  class space    used 13776K, capacity 14755K, committed 14848K, reserved 1048576K
Event: 80.390 GC heap after
Heap after GC invocations=22 (full 5):
 PSYoungGen      total 403456K, used 0K [0x00000000d5580000, 0x00000000eff00000, 0x0000000100000000)
  eden space 371200K, 0% used [0x00000000d5580000,0x00000000d5580000,0x00000000ec000000)
  from space 32256K, 0% used [0x00000000ec000000,0x00000000ec000000,0x00000000edf80000)
  to   space 21504K, 0% used [0x00000000eea00000,0x00000000eea00000,0x00000000eff00000)
 ParOldGen       total 177152K, used 167695K [0x0000000080000000, 0x000000008ad00000, 0x00000000d5580000)
  object space 177152K, 94% used [0x0000000080000000,0x000000008a3c3d18,0x000000008ad00000)
 Metaspace       used 103963K, capacity 108954K, committed 109528K, reserved 1144832K
  class space    used 13712K, capacity 14640K, committed 14848K, reserved 1048576K
}

