# JRE version: OpenJDK Runtime Environment (8.0_242-b01) (build 1.8.0_242-release-1644-b01)
# Java VM: OpenJDK 64-Bit Server VM (25.242-b01 mixed mode windows-amd64 compressed oops)
Heap:
 PSYoungGen      total 289792K, used 117743K [0x00000000d5580000, 0x00000000ed300000, 0x0000000100000000)
  eden space 268288K, 35% used [0x00000000d5580000,0x00000000db37e580,0x00000000e5b80000)
  from space 21504K, 99% used [0x00000000e5b80000,0x00000000e707d880,0x00000000e7080000)
  to   space 25600K, 0% used [0x00000000eba00000,0x00000000eba00000,0x00000000ed300000)
 ParOldGen       total 119296K, used 41190K [0x0000000080000000, 0x0000000087480000, 0x00000000d5580000)
  object space 119296K, 34% used [0x0000000080000000,0x00000000828398d0,0x0000000087480000)
 Metaspace       used 72894K, capacity 76252K, committed 76504K, reserved 1116160K
  class space    used 9951K, capacity 10630K, committed 10752K, reserved 1048576K
GC Heap History (10 events):
Event: 4.106 GC heap before
{Heap before GC invocations=10 (full 2):
 PSYoungGen      total 215040K, used 8774K [0x00000000d5580000, 0x00000000e4700000, 0x0000000100000000)
  eden space 200704K, 0% used [0x00000000d5580000,0x00000000d5580000,0x00000000e1980000)
  from space 14336K, 61% used [0x00000000e2700000,0x00000000e2f91b38,0x00000000e3500000)
  to   space 13824K, 0% used [0x00000000e1980000,0x00000000e1980000,0x00000000e2700000)
 ParOldGen       total 54784K, used 10668K [0x0000000080000000, 0x0000000083580000, 0x00000000d5580000)
  object space 54784K, 19% used [0x0000000080000000,0x0000000080a6b130,0x0000000083580000)
 Metaspace       used 34246K, capacity 35398K, committed 35416K, reserved 1079296K
  class space    used 4705K, capacity 4974K, committed 4992K, reserved 1048576K
Event: 4.163 GC heap after
Heap after GC invocations=10 (full 2):
 PSYoungGen      total 215040K, used 0K [0x00000000d5580000, 0x00000000e4700000, 0x0000000100000000)
  eden space 200704K, 0% used [0x00000000d5580000,0x00000000d5580000,0x00000000e1980000)
  from space 14336K, 0% used [0x00000000e2700000,0x00000000e2700000,0x00000000e3500000)
  to   space 13824K, 0% used [0x00000000e1980000,0x00000000e1980000,0x00000000e2700000)
 ParOldGen       total 76800K, used 15522K [0x0000000080000000, 0x0000000084b00000, 0x00000000d5580000)
  object space 76800K, 20% used [0x0000000080000000,0x0000000080f28bb8,0x0000000084b00000)
 Metaspace       used 34246K, capacity 35398K, committed 35416K, reserved 1079296K
  class space    used 4705K, capacity 4974K, committed 4992K, reserved 1048576K
}
Event: 5.422 GC heap before
{Heap before GC invocations=11 (full 2):
 PSYoungGen      total 215040K, used 200704K [0x00000000d5580000, 0x00000000e4700000, 0x0000000100000000)
  eden space 200704K, 100% used [0x00000000d5580000,0x00000000e1980000,0x00000000e1980000)
  from space 14336K, 0% used [0x00000000e2700000,0x00000000e2700000,0x00000000e3500000)
  to   space 13824K, 0% used [0x00000000e1980000,0x00000000e1980000,0x00000000e2700000)
 ParOldGen       total 76800K, used 15522K [0x0000000080000000, 0x0000000084b00000, 0x00000000d5580000)
  object space 76800K, 20% used [0x0000000080000000,0x0000000080f28bb8,0x0000000084b00000)
 Metaspace       used 44065K, capacity 45938K, committed 46296K, reserved 1089536K
  class space    used 5952K, capacity 6315K, committed 6400K, reserved 1048576K
Event: 5.436 GC heap after
Heap after GC invocations=11 (full 2):
 PSYoungGen      total 214528K, used 13817K [0x00000000d5580000, 0x00000000e8000000, 0x0000000100000000)
  eden space 200704K, 0% used [0x00000000d5580000,0x00000000d5580000,0x00000000e1980000)
  from space 13824K, 99% used [0x00000000e1980000,0x00000000e26fe480,0x00000000e2700000)
  to   space 15872K, 0% used [0x00000000e7080000,0x00000000e7080000,0x00000000e8000000)
 ParOldGen       total 76800K, used 15591K [0x0000000080000000, 0x0000000084b00000, 0x00000000d5580000)
  object space 76800K, 20% used [0x0000000080000000,0x0000000080f39f68,0x0000000084b00000)
 Metaspace       used 44065K, capacity 45938K, committed 46296K, reserved 1089536K
  class space    used 5952K, capacity 6315K, committed 6400K, reserved 1048576K
}
Event: 6.794 GC heap before
{Heap before GC invocations=12 (full 2):
 PSYoungGen      total 214528K, used 170287K [0x00000000d5580000, 0x00000000e8000000, 0x0000000100000000)
  eden space 200704K, 77% used [0x00000000d5580000,0x00000000dee4db68,0x00000000e1980000)
  from space 13824K, 99% used [0x00000000e1980000,0x00000000e26fe480,0x00000000e2700000)
  to   space 15872K, 0% used [0x00000000e7080000,0x00000000e7080000,0x00000000e8000000)
 ParOldGen       total 76800K, used 15591K [0x0000000080000000, 0x0000000084b00000, 0x00000000d5580000)
  object space 76800K, 20% used [0x0000000080000000,0x0000000080f39f68,0x0000000084b00000)
 Metaspace       used 56656K, capacity 58888K, committed 59028K, reserved 1099776K
  class space    used 7660K, capacity 8115K, committed 8192K, reserved 1048576K
Event: 6.828 GC heap after
Heap after GC invocations=12 (full 2):
 PSYoungGen      total 284160K, used 15868K [0x00000000d5580000, 0x00000000e8780000, 0x0000000100000000)
  eden space 268288K, 0% used [0x00000000d5580000,0x00000000d5580000,0x00000000e5b80000)
  from space 15872K, 99% used [0x00000000e7080000,0x00000000e7fff320,0x00000000e8000000)
  to   space 21504K, 0% used [0x00000000e5b80000,0x00000000e5b80000,0x00000000e7080000)
 ParOldGen       total 76800K, used 25251K [0x0000000080000000, 0x0000000084b00000, 0x00000000d5580000)
  object space 76800K, 32% used [0x0000000080000000,0x00000000818a8fe0,0x0000000084b00000)
 Metaspace       used 56656K, capacity 58888K, committed 59028K, reserved 1099776K
  class space    used 7660K, capacity 8115K, committed 8192K, reserved 1048576K
}
Event: 6.828 GC heap before
{Heap before GC invocations=13 (full 3):
 PSYoungGen      total 284160K, used 15868K [0x00000000d5580000, 0x00000000e8780000, 0x0000000100000000)
  eden space 268288K, 0% used [0x00000000d5580000,0x00000000d5580000,0x00000000e5b80000)
  from space 15872K, 99% used [0x00000000e7080000,0x00000000e7fff320,0x00000000e8000000)
  to   space 21504K, 0% used [0x00000000e5b80000,0x00000000e5b80000,0x00000000e7080000)
 ParOldGen       total 76800K, used 25251K [0x0000000080000000, 0x0000000084b00000, 0x00000000d5580000)
  object space 76800K, 32% used [0x0000000080000000,0x00000000818a8fe0,0x0000000084b00000)
 Metaspace       used 56656K, capacity 58888K, committed 59028K, reserved 1099776K
  class space    used 7660K, capacity 8115K, committed 8192K, reserved 1048576K
Event: 7.004 GC heap after
Heap after GC invocations=13 (full 3):
 PSYoungGen      total 284160K, used 0K [0x00000000d5580000, 0x00000000e8780000, 0x0000000100000000)
  eden space 268288K, 0% used [0x00000000d5580000,0x00000000d5580000,0x00000000e5b80000)
  from space 15872K, 0% used [0x00000000e7080000,0x00000000e7080000,0x00000000e8000000)
  to   space 21504K, 0% used [0x00000000e5b80000,0x00000000e5b80000,0x00000000e7080000)
 ParOldGen       total 119296K, used 38262K [0x0000000080000000, 0x0000000087480000, 0x00000000d5580000)
  object space 119296K, 32% used [0x0000000080000000,0x000000008255dad0,0x0000000087480000)
 Metaspace       used 56646K, capacity 58858K, committed 59028K, reserved 1099776K
  class space    used 7657K, capacity 8110K, committed 8192K, reserved 1048576K
}
Event: 9.467 GC heap before
{Heap before GC invocations=14 (full 3):
 PSYoungGen      total 284160K, used 268288K [0x00000000d5580000, 0x00000000e8780000, 0x0000000100000000)
  eden space 268288K, 100% used [0x00000000d5580000,0x00000000e5b80000,0x00000000e5b80000)
  from space 15872K, 0% used [0x00000000e7080000,0x00000000e7080000,0x00000000e8000000)
  to   space 21504K, 0% used [0x00000000e5b80000,0x00000000e5b80000,0x00000000e7080000)
 ParOldGen       total 119296K, used 38262K [0x0000000080000000, 0x0000000087480000, 0x00000000d5580000)
  object space 119296K, 32% used [0x0000000080000000,0x000000008255dad0,0x0000000087480000)
 Metaspace       used 68730K, capacity 71838K, committed 72024K, reserved 1112064K
  class space    used 9431K, capacity 10069K, committed 10112K, reserved 1048576K
Event: 9.491 GC heap after
Heap after GC invocations=14 (full 3):
 PSYoungGen      total 289792K, used 21494K [0x00000000d5580000, 0x00000000ed300000, 0x0000000100000000)
  eden space 268288K, 0% used [0x00000000d5580000,0x00000000d5580000,0x00000000e5b80000)
  from space 21504K, 99% used [0x00000000e5b80000,0x00000000e707d880,0x00000000e7080000)
  to   space 25600K, 0% used [0x00000000eba00000,0x00000000eba00000,0x00000000ed300000)
 ParOldGen       total 119296K, used 41190K [0x0000000080000000, 0x0000000087480000, 0x00000000d5580000)
  object space 119296K, 34% used [0x0000000080000000,0x00000000828398d0,0x0000000087480000)
 Metaspace       used 68730K, capacity 71838K, committed 72024K, reserved 1112064K
  class space    used 9431K, capacity 10069K, committed 10112K, reserved 1048576K
}

