# JRE version: OpenJDK Runtime Environment (8.0_242-b01) (build 1.8.0_242-release-1644-b01)
# Java VM: OpenJDK 64-Bit Server VM (25.242-b01 mixed mode windows-amd64 compressed oops)
Heap:
 PSYoungGen      total 235520K, used 24930K [0x00000000d5580000, 0x00000000e5c80000, 0x0000000100000000)
  eden space 223744K, 5% used [0x00000000d5580000,0x00000000d625c700,0x00000000e3000000)
  from space 11776K, 99% used [0x00000000e5100000,0x00000000e5c7c240,0x00000000e5c80000)
  to   space 14848K, 0% used [0x00000000e3f80000,0x00000000e3f80000,0x00000000e4e00000)
 ParOldGen       total 68608K, used 19188K [0x0000000080000000, 0x0000000084300000, 0x00000000d5580000)
  object space 68608K, 27% used [0x0000000080000000,0x00000000812bd120,0x0000000084300000)
 Metaspace       used 45640K, capacity 47434K, committed 47488K, reserved 1089536K
  class space    used 6156K, capacity 6511K, committed 6528K, reserved 1048576K
GC Heap History (10 events):
Event: 1.883 GC heap before
{Heap before GC invocations=6 (full 1):
 PSYoungGen      total 128000K, used 5100K [0x00000000d5580000, 0x00000000e5c80000, 0x0000000100000000)
  eden space 122880K, 0% used [0x00000000d5580000,0x00000000d5580000,0x00000000dcd80000)
  from space 5120K, 99% used [0x00000000dcd80000,0x00000000dd27b070,0x00000000dd280000)
  to   space 11776K, 0% used [0x00000000e5100000,0x00000000e5100000,0x00000000e5c80000)
 ParOldGen       total 81920K, used 11041K [0x0000000080000000, 0x0000000085000000, 0x00000000d5580000)
  object space 81920K, 13% used [0x0000000080000000,0x0000000080ac8568,0x0000000085000000)
 Metaspace       used 20455K, capacity 21204K, committed 21248K, reserved 1067008K
  class space    used 2844K, capacity 3048K, committed 3072K, reserved 1048576K
Event: 1.912 GC heap after
Heap after GC invocations=6 (full 1):
 PSYoungGen      total 128000K, used 0K [0x00000000d5580000, 0x00000000e5c80000, 0x0000000100000000)
  eden space 122880K, 0% used [0x00000000d5580000,0x00000000d5580000,0x00000000dcd80000)
  from space 5120K, 0% used [0x00000000dcd80000,0x00000000dcd80000,0x00000000dd280000)
  to   space 11776K, 0% used [0x00000000e5100000,0x00000000e5100000,0x00000000e5c80000)
 ParOldGen       total 49664K, used 8051K [0x0000000080000000, 0x0000000083080000, 0x00000000d5580000)
  object space 49664K, 16% used [0x0000000080000000,0x00000000807dcf80,0x0000000083080000)
 Metaspace       used 20455K, capacity 21204K, committed 21248K, reserved 1067008K
  class space    used 2844K, capacity 3048K, committed 3072K, reserved 1048576K
}
Event: 2.827 GC heap before
{Heap before GC invocations=7 (full 1):
 PSYoungGen      total 128000K, used 122880K [0x00000000d5580000, 0x00000000e5c80000, 0x0000000100000000)
  eden space 122880K, 100% used [0x00000000d5580000,0x00000000dcd80000,0x00000000dcd80000)
  from space 5120K, 0% used [0x00000000dcd80000,0x00000000dcd80000,0x00000000dd280000)
  to   space 11776K, 0% used [0x00000000e5100000,0x00000000e5100000,0x00000000e5c80000)
 ParOldGen       total 49664K, used 8051K [0x0000000080000000, 0x0000000083080000, 0x00000000d5580000)
  object space 49664K, 16% used [0x0000000080000000,0x00000000807dcf80,0x0000000083080000)
 Metaspace       used 32652K, capacity 33718K, committed 33920K, reserved 1079296K
  class space    used 4439K, capacity 4722K, committed 4736K, reserved 1048576K
Event: 2.838 GC heap after
Heap after GC invocations=7 (full 1):
 PSYoungGen      total 235520K, used 11756K [0x00000000d5580000, 0x00000000e5c80000, 0x0000000100000000)
  eden space 223744K, 0% used [0x00000000d5580000,0x00000000d5580000,0x00000000e3000000)
  from space 11776K, 99% used [0x00000000e5100000,0x00000000e5c7b3e0,0x00000000e5c80000)
  to   space 14848K, 0% used [0x00000000e3f80000,0x00000000e3f80000,0x00000000e4e00000)
 ParOldGen       total 49664K, used 9840K [0x0000000080000000, 0x0000000083080000, 0x00000000d5580000)
  object space 49664K, 19% used [0x0000000080000000,0x000000008099c2d0,0x0000000083080000)
 Metaspace       used 32652K, capacity 33718K, committed 33920K, reserved 1079296K
  class space    used 4439K, capacity 4722K, committed 4736K, reserved 1048576K
}
Event: 3.044 GC heap before
{Heap before GC invocations=8 (full 1):
 PSYoungGen      total 235520K, used 58260K [0x00000000d5580000, 0x00000000e5c80000, 0x0000000100000000)
  eden space 223744K, 20% used [0x00000000d5580000,0x00000000d82e9f90,0x00000000e3000000)
  from space 11776K, 99% used [0x00000000e5100000,0x00000000e5c7b3e0,0x00000000e5c80000)
  to   space 14848K, 0% used [0x00000000e3f80000,0x00000000e3f80000,0x00000000e4e00000)
 ParOldGen       total 49664K, used 9840K [0x0000000080000000, 0x0000000083080000, 0x00000000d5580000)
  object space 49664K, 19% used [0x0000000080000000,0x000000008099c2d0,0x0000000083080000)
 Metaspace       used 34240K, capacity 35394K, committed 35416K, reserved 1079296K
  class space    used 4700K, capacity 4974K, committed 4992K, reserved 1048576K
Event: 3.073 GC heap after
Heap after GC invocations=8 (full 1):
 PSYoungGen      total 238592K, used 8821K [0x00000000d5580000, 0x00000000e5c80000, 0x0000000100000000)
  eden space 223744K, 0% used [0x00000000d5580000,0x00000000d5580000,0x00000000e3000000)
  from space 14848K, 59% used [0x00000000e3f80000,0x00000000e481d670,0x00000000e4e00000)
  to   space 11776K, 0% used [0x00000000e5100000,0x00000000e5100000,0x00000000e5c80000)
 ParOldGen       total 49664K, used 9848K [0x0000000080000000, 0x0000000083080000, 0x00000000d5580000)
  object space 49664K, 19% used [0x0000000080000000,0x000000008099e2d0,0x0000000083080000)
 Metaspace       used 34240K, capacity 35394K, committed 35416K, reserved 1079296K
  class space    used 4700K, capacity 4974K, committed 4992K, reserved 1048576K
}
Event: 3.073 GC heap before
{Heap before GC invocations=9 (full 2):
 PSYoungGen      total 238592K, used 8821K [0x00000000d5580000, 0x00000000e5c80000, 0x0000000100000000)
  eden space 223744K, 0% used [0x00000000d5580000,0x00000000d5580000,0x00000000e3000000)
  from space 14848K, 59% used [0x00000000e3f80000,0x00000000e481d670,0x00000000e4e00000)
  to   space 11776K, 0% used [0x00000000e5100000,0x00000000e5100000,0x00000000e5c80000)
 ParOldGen       total 49664K, used 9848K [0x0000000080000000, 0x0000000083080000, 0x00000000d5580000)
  object space 49664K, 19% used [0x0000000080000000,0x000000008099e2d0,0x0000000083080000)
 Metaspace       used 34240K, capacity 35394K, committed 35416K, reserved 1079296K
  class space    used 4700K, capacity 4974K, committed 4992K, reserved 1048576K
Event: 3.152 GC heap after
Heap after GC invocations=9 (full 2):
 PSYoungGen      total 238592K, used 0K [0x00000000d5580000, 0x00000000e5c80000, 0x0000000100000000)
  eden space 223744K, 0% used [0x00000000d5580000,0x00000000d5580000,0x00000000e3000000)
  from space 14848K, 0% used [0x00000000e3f80000,0x00000000e3f80000,0x00000000e4e00000)
  to   space 11776K, 0% used [0x00000000e5100000,0x00000000e5100000,0x00000000e5c80000)
 ParOldGen       total 68608K, used 15454K [0x0000000080000000, 0x0000000084300000, 0x00000000d5580000)
  object space 68608K, 22% used [0x0000000080000000,0x0000000080f17848,0x0000000084300000)
 Metaspace       used 34240K, capacity 35394K, committed 35416K, reserved 1079296K
  class space    used 4700K, capacity 4974K, committed 4992K, reserved 1048576K
}
Event: 4.455 GC heap before
{Heap before GC invocations=10 (full 2):
 PSYoungGen      total 238592K, used 223744K [0x00000000d5580000, 0x00000000e5c80000, 0x0000000100000000)
  eden space 223744K, 100% used [0x00000000d5580000,0x00000000e3000000,0x00000000e3000000)
  from space 14848K, 0% used [0x00000000e3f80000,0x00000000e3f80000,0x00000000e4e00000)
  to   space 11776K, 0% used [0x00000000e5100000,0x00000000e5100000,0x00000000e5c80000)
 ParOldGen       total 68608K, used 15454K [0x0000000080000000, 0x0000000084300000, 0x00000000d5580000)
  object space 68608K, 22% used [0x0000000080000000,0x0000000080f17848,0x0000000084300000)
 Metaspace       used 45538K, capacity 47338K, committed 47488K, reserved 1089536K
  class space    used 6140K, capacity 6479K, committed 6528K, reserved 1048576K
Event: 4.468 GC heap after
Heap after GC invocations=10 (full 2):
 PSYoungGen      total 235520K, used 11760K [0x00000000d5580000, 0x00000000e5c80000, 0x0000000100000000)
  eden space 223744K, 0% used [0x00000000d5580000,0x00000000d5580000,0x00000000e3000000)
  from space 11776K, 99% used [0x00000000e5100000,0x00000000e5c7c240,0x00000000e5c80000)
  to   space 14848K, 0% used [0x00000000e3f80000,0x00000000e3f80000,0x00000000e4e00000)
 ParOldGen       total 68608K, used 19188K [0x0000000080000000, 0x0000000084300000, 0x00000000d5580000)
  object space 68608K, 27% used [0x0000000080000000,0x00000000812bd120,0x0000000084300000)
 Metaspace       used 45538K, capacity 47338K, committed 47488K, reserved 1089536K
  class space    used 6140K, capacity 6479K, committed 6528K, reserved 1048576K
}

