# JRE version: OpenJDK Runtime Environment (8.0_242-b01) (build 1.8.0_242-release-1644-b01)
# Java VM: OpenJDK 64-Bit Server VM (25.242-b01 mixed mode windows-amd64 compressed oops)
Heap:
 PSYoungGen      total 337920K, used 34315K [0x00000000d5580000, 0x00000000f1880000, 0x0000000100000000)
  eden space 320000K, 10% used [0x00000000d5580000,0x00000000d7702c38,0x00000000e8e00000)
  from space 17920K, 0% used [0x00000000e8e00000,0x00000000e8e00000,0x00000000e9f80000)
  to   space 23040K, 0% used [0x00000000f0200000,0x00000000f0200000,0x00000000f1880000)
 ParOldGen       total 82944K, used 37913K [0x0000000080000000, 0x0000000085100000, 0x00000000d5580000)
  object space 82944K, 45% used [0x0000000080000000,0x00000000825064b8,0x0000000085100000)
 Metaspace       used 57891K, capacity 60178K, committed 60376K, reserved 1101824K
  class space    used 7889K, capacity 8360K, committed 8448K, reserved 1048576K
GC Heap History (10 events):
Event: 2.843 GC heap before
{Heap before GC invocations=8 (full 1):
 PSYoungGen      total 201728K, used 54680K [0x00000000d5580000, 0x00000000e5c80000, 0x0000000100000000)
  eden space 189952K, 22% used [0x00000000d5580000,0x00000000d7f6c308,0x00000000e0f00000)
  from space 11776K, 99% used [0x00000000e5100000,0x00000000e5c79e70,0x00000000e5c80000)
  to   space 14848K, 0% used [0x00000000e3f80000,0x00000000e3f80000,0x00000000e4e00000)
 ParOldGen       total 58368K, used 10225K [0x0000000080000000, 0x0000000083900000, 0x00000000d5580000)
  object space 58368K, 17% used [0x0000000080000000,0x00000000809fc5e8,0x0000000083900000)
 Metaspace       used 34246K, capacity 35398K, committed 35416K, reserved 1079296K
  class space    used 4707K, capacity 4974K, committed 4992K, reserved 1048576K
Event: 2.875 GC heap after
Heap after GC invocations=8 (full 1):
 PSYoungGen      total 254464K, used 8854K [0x00000000d5580000, 0x00000000ead80000, 0x0000000100000000)
  eden space 239616K, 0% used [0x00000000d5580000,0x00000000d5580000,0x00000000e3f80000)
  from space 14848K, 59% used [0x00000000e3f80000,0x00000000e4825968,0x00000000e4e00000)
  to   space 14336K, 0% used [0x00000000e9f80000,0x00000000e9f80000,0x00000000ead80000)
 ParOldGen       total 58368K, used 10233K [0x0000000080000000, 0x0000000083900000, 0x00000000d5580000)
  object space 58368K, 17% used [0x0000000080000000,0x00000000809fe5e8,0x0000000083900000)
 Metaspace       used 34246K, capacity 35398K, committed 35416K, reserved 1079296K
  class space    used 4707K, capacity 4974K, committed 4992K, reserved 1048576K
}
Event: 2.875 GC heap before
{Heap before GC invocations=9 (full 2):
 PSYoungGen      total 254464K, used 8854K [0x00000000d5580000, 0x00000000ead80000, 0x0000000100000000)
  eden space 239616K, 0% used [0x00000000d5580000,0x00000000d5580000,0x00000000e3f80000)
  from space 14848K, 59% used [0x00000000e3f80000,0x00000000e4825968,0x00000000e4e00000)
  to   space 14336K, 0% used [0x00000000e9f80000,0x00000000e9f80000,0x00000000ead80000)
 ParOldGen       total 58368K, used 10233K [0x0000000080000000, 0x0000000083900000, 0x00000000d5580000)
  object space 58368K, 17% used [0x0000000080000000,0x00000000809fe5e8,0x0000000083900000)
 Metaspace       used 34246K, capacity 35398K, committed 35416K, reserved 1079296K
  class space    used 4707K, capacity 4974K, committed 4992K, reserved 1048576K
Event: 2.939 GC heap after
Heap after GC invocations=9 (full 2):
 PSYoungGen      total 254464K, used 0K [0x00000000d5580000, 0x00000000ead80000, 0x0000000100000000)
  eden space 239616K, 0% used [0x00000000d5580000,0x00000000d5580000,0x00000000e3f80000)
  from space 14848K, 0% used [0x00000000e3f80000,0x00000000e3f80000,0x00000000e4e00000)
  to   space 14336K, 0% used [0x00000000e9f80000,0x00000000e9f80000,0x00000000ead80000)
 ParOldGen       total 82944K, used 15452K [0x0000000080000000, 0x0000000085100000, 0x00000000d5580000)
  object space 82944K, 18% used [0x0000000080000000,0x0000000080f17260,0x0000000085100000)
 Metaspace       used 34246K, capacity 35398K, committed 35416K, reserved 1079296K
  class space    used 4707K, capacity 4974K, committed 4992K, reserved 1048576K
}
Event: 4.250 GC heap before
{Heap before GC invocations=10 (full 2):
 PSYoungGen      total 254464K, used 239616K [0x00000000d5580000, 0x00000000ead80000, 0x0000000100000000)
  eden space 239616K, 100% used [0x00000000d5580000,0x00000000e3f80000,0x00000000e3f80000)
  from space 14848K, 0% used [0x00000000e3f80000,0x00000000e3f80000,0x00000000e4e00000)
  to   space 14336K, 0% used [0x00000000e9f80000,0x00000000e9f80000,0x00000000ead80000)
 ParOldGen       total 82944K, used 15452K [0x0000000080000000, 0x0000000085100000, 0x00000000d5580000)
  object space 82944K, 18% used [0x0000000080000000,0x0000000080f17260,0x0000000085100000)
 Metaspace       used 45588K, capacity 47422K, committed 47704K, reserved 1091584K
  class space    used 6154K, capacity 6509K, committed 6528K, reserved 1048576K
Event: 4.273 GC heap after
Heap after GC invocations=10 (full 2):
 PSYoungGen      total 334336K, used 14310K [0x00000000d5580000, 0x00000000ee200000, 0x0000000100000000)
  eden space 320000K, 0% used [0x00000000d5580000,0x00000000d5580000,0x00000000e8e00000)
  from space 14336K, 99% used [0x00000000e9f80000,0x00000000ead79928,0x00000000ead80000)
  to   space 17920K, 0% used [0x00000000e8e00000,0x00000000e8e00000,0x00000000e9f80000)
 ParOldGen       total 82944K, used 18288K [0x0000000080000000, 0x0000000085100000, 0x00000000d5580000)
  object space 82944K, 22% used [0x0000000080000000,0x00000000811dc238,0x0000000085100000)
 Metaspace       used 45588K, capacity 47422K, committed 47704K, reserved 1091584K
  class space    used 6154K, capacity 6509K, committed 6528K, reserved 1048576K
}
Event: 5.501 GC heap before
{Heap before GC invocations=11 (full 2):
 PSYoungGen      total 334336K, used 148844K [0x00000000d5580000, 0x00000000ee200000, 0x0000000100000000)
  eden space 320000K, 42% used [0x00000000d5580000,0x00000000dd8e1a40,0x00000000e8e00000)
  from space 14336K, 99% used [0x00000000e9f80000,0x00000000ead79928,0x00000000ead80000)
  to   space 17920K, 0% used [0x00000000e8e00000,0x00000000e8e00000,0x00000000e9f80000)
 ParOldGen       total 82944K, used 18288K [0x0000000080000000, 0x0000000085100000, 0x00000000d5580000)
  object space 82944K, 22% used [0x0000000080000000,0x00000000811dc238,0x0000000085100000)
 Metaspace       used 56710K, capacity 58972K, committed 59028K, reserved 1099776K
  class space    used 7672K, capacity 8145K, committed 8192K, reserved 1048576K
Event: 5.519 GC heap after
Heap after GC invocations=11 (full 2):
 PSYoungGen      total 337920K, used 17905K [0x00000000d5580000, 0x00000000f1880000, 0x0000000100000000)
  eden space 320000K, 0% used [0x00000000d5580000,0x00000000d5580000,0x00000000e8e00000)
  from space 17920K, 99% used [0x00000000e8e00000,0x00000000e9f7c738,0x00000000e9f80000)
  to   space 23040K, 0% used [0x00000000f0200000,0x00000000f0200000,0x00000000f1880000)
 ParOldGen       total 82944K, used 25565K [0x0000000080000000, 0x0000000085100000, 0x00000000d5580000)
  object space 82944K, 30% used [0x0000000080000000,0x00000000818f7560,0x0000000085100000)
 Metaspace       used 56710K, capacity 58972K, committed 59028K, reserved 1099776K
  class space    used 7672K, capacity 8145K, committed 8192K, reserved 1048576K
}
Event: 5.519 GC heap before
{Heap before GC invocations=12 (full 3):
 PSYoungGen      total 337920K, used 17905K [0x00000000d5580000, 0x00000000f1880000, 0x0000000100000000)
  eden space 320000K, 0% used [0x00000000d5580000,0x00000000d5580000,0x00000000e8e00000)
  from space 17920K, 99% used [0x00000000e8e00000,0x00000000e9f7c738,0x00000000e9f80000)
  to   space 23040K, 0% used [0x00000000f0200000,0x00000000f0200000,0x00000000f1880000)
 ParOldGen       total 82944K, used 25565K [0x0000000080000000, 0x0000000085100000, 0x00000000d5580000)
  object space 82944K, 30% used [0x0000000080000000,0x00000000818f7560,0x0000000085100000)
 Metaspace       used 56710K, capacity 58972K, committed 59028K, reserved 1099776K
  class space    used 7672K, capacity 8145K, committed 8192K, reserved 1048576K
Event: 5.683 GC heap after
Heap after GC invocations=12 (full 3):
 PSYoungGen      total 337920K, used 0K [0x00000000d5580000, 0x00000000f1880000, 0x0000000100000000)
  eden space 320000K, 0% used [0x00000000d5580000,0x00000000d5580000,0x00000000e8e00000)
  from space 17920K, 0% used [0x00000000e8e00000,0x00000000e8e00000,0x00000000e9f80000)
  to   space 23040K, 0% used [0x00000000f0200000,0x00000000f0200000,0x00000000f1880000)
 ParOldGen       total 82944K, used 37913K [0x0000000080000000, 0x0000000085100000, 0x00000000d5580000)
  object space 82944K, 45% used [0x0000000080000000,0x00000000825064b8,0x0000000085100000)
 Metaspace       used 56707K, capacity 58960K, committed 59028K, reserved 1099776K
  class space    used 7670K, capacity 8143K, committed 8192K, reserved 1048576K
}

