# JRE version: OpenJDK Runtime Environment (8.0_242-b01) (build 1.8.0_242-release-1644-b01)
# Java VM: OpenJDK 64-Bit Server VM (25.242-b01 mixed mode windows-amd64 compressed oops)
Heap:
 PSYoungGen      total 652288K, used 537418K [0x00000000d5580000, 0x00000000ffe80000, 0x0000000100000000)
  eden space 611328K, 84% used [0x00000000d5580000,0x00000000f4fcefc0,0x00000000faa80000)
  from space 40960K, 46% used [0x00000000faa80000,0x00000000fbd03950,0x00000000fd280000)
  to   space 39936K, 0% used [0x00000000fd780000,0x00000000fd780000,0x00000000ffe80000)
 ParOldGen       total 187392K, used 43070K [0x0000000080000000, 0x000000008b700000, 0x00000000d5580000)
  object space 187392K, 22% used [0x0000000080000000,0x0000000082a0f960,0x000000008b700000)
 Metaspace       used 100472K, capacity 108634K, committed 108876K, reserved 1144832K
  class space    used 13109K, capacity 14409K, committed 14464K, reserved 1048576K
GC Heap History (10 events):
Event: 602.467 GC heap before
{Heap before GC invocations=18 (full 4):
 PSYoungGen      total 590336K, used 563999K [0x00000000d5580000, 0x00000000ffe00000, 0x0000000100000000)
  eden space 542208K, 100% used [0x00000000d5580000,0x00000000f6700000,0x00000000f6700000)
  from space 48128K, 45% used [0x00000000f6700000,0x00000000f7c47e60,0x00000000f9600000)
  to   space 47104K, 0% used [0x00000000fd000000,0x00000000fd000000,0x00000000ffe00000)
 ParOldGen       total 187392K, used 66228K [0x0000000080000000, 0x000000008b700000, 0x00000000d5580000)
  object space 187392K, 35% used [0x0000000080000000,0x00000000840ad110,0x000000008b700000)
 Metaspace       used 96818K, capacity 102718K, committed 102860K, reserved 1138688K
  class space    used 12762K, capacity 13787K, committed 13824K, reserved 1048576K
Event: 602.494 GC heap after
Heap after GC invocations=18 (full 4):
 PSYoungGen      total 646656K, used 14720K [0x00000000d5580000, 0x00000000ffa00000, 0x0000000100000000)
  eden space 603648K, 0% used [0x00000000d5580000,0x00000000d5580000,0x00000000fa300000)
  from space 43008K, 34% used [0x00000000fd000000,0x00000000fde60030,0x00000000ffa00000)
  to   space 44544K, 0% used [0x00000000fa300000,0x00000000fa300000,0x00000000fce80000)
 ParOldGen       total 187392K, used 66236K [0x0000000080000000, 0x000000008b700000, 0x00000000d5580000)
  object space 187392K, 35% used [0x0000000080000000,0x00000000840af110,0x000000008b700000)
 Metaspace       used 96818K, capacity 102718K, committed 102860K, reserved 1138688K
  class space    used 12762K, capacity 13787K, committed 13824K, reserved 1048576K
}
Event: 754.031 GC heap before
{Heap before GC invocations=19 (full 4):
 PSYoungGen      total 646656K, used 618368K [0x00000000d5580000, 0x00000000ffa00000, 0x0000000100000000)
  eden space 603648K, 100% used [0x00000000d5580000,0x00000000fa300000,0x00000000fa300000)
  from space 43008K, 34% used [0x00000000fd000000,0x00000000fde60030,0x00000000ffa00000)
  to   space 44544K, 0% used [0x00000000fa300000,0x00000000fa300000,0x00000000fce80000)
 ParOldGen       total 187392K, used 66236K [0x0000000080000000, 0x000000008b700000, 0x00000000d5580000)
  object space 187392K, 35% used [0x0000000080000000,0x00000000840af110,0x000000008b700000)
 Metaspace       used 98647K, capacity 105842K, committed 106060K, reserved 1140736K
  class space    used 12991K, capacity 14203K, committed 14208K, reserved 1048576K
Event: 754.048 GC heap after
Heap after GC invocations=19 (full 4):
 PSYoungGen      total 648192K, used 16958K [0x00000000d5580000, 0x00000000ffb80000, 0x0000000100000000)
  eden space 603648K, 0% used [0x00000000d5580000,0x00000000d5580000,0x00000000fa300000)
  from space 44544K, 38% used [0x00000000fa300000,0x00000000fb38fb10,0x00000000fce80000)
  to   space 41472K, 0% used [0x00000000fd300000,0x00000000fd300000,0x00000000ffb80000)
 ParOldGen       total 187392K, used 66244K [0x0000000080000000, 0x000000008b700000, 0x00000000d5580000)
  object space 187392K, 35% used [0x0000000080000000,0x00000000840b1110,0x000000008b700000)
 Metaspace       used 98647K, capacity 105842K, committed 106060K, reserved 1140736K
  class space    used 12991K, capacity 14203K, committed 14208K, reserved 1048576K
}
Event: 6826.517 GC heap before
{Heap before GC invocations=20 (full 4):
 PSYoungGen      total 648192K, used 450884K [0x00000000d5580000, 0x00000000ffb80000, 0x0000000100000000)
  eden space 603648K, 71% used [0x00000000d5580000,0x00000000efd418a8,0x00000000fa300000)
  from space 44544K, 38% used [0x00000000fa300000,0x00000000fb38fb10,0x00000000fce80000)
  to   space 41472K, 0% used [0x00000000fd300000,0x00000000fd300000,0x00000000ffb80000)
 ParOldGen       total 187392K, used 66244K [0x0000000080000000, 0x000000008b700000, 0x00000000d5580000)
  object space 187392K, 35% used [0x0000000080000000,0x00000000840b1110,0x000000008b700000)
 Metaspace       used 99027K, capacity 106316K, committed 106572K, reserved 1142784K
  class space    used 12993K, capacity 14204K, committed 14208K, reserved 1048576K
Event: 6826.604 GC heap after
Heap after GC invocations=20 (full 4):
 PSYoungGen      total 651776K, used 5951K [0x00000000d5580000, 0x00000000ffa80000, 0x0000000100000000)
  eden space 611328K, 0% used [0x00000000d5580000,0x00000000d5580000,0x00000000faa80000)
  from space 40448K, 14% used [0x00000000fd300000,0x00000000fd8cfc98,0x00000000ffa80000)
  to   space 40960K, 0% used [0x00000000faa80000,0x00000000faa80000,0x00000000fd280000)
 ParOldGen       total 187392K, used 66252K [0x0000000080000000, 0x000000008b700000, 0x00000000d5580000)
  object space 187392K, 35% used [0x0000000080000000,0x00000000840b3110,0x000000008b700000)
 Metaspace       used 99027K, capacity 106316K, committed 106572K, reserved 1142784K
  class space    used 12993K, capacity 14204K, committed 14208K, reserved 1048576K
}
Event: 6826.604 GC heap before
{Heap before GC invocations=21 (full 5):
 PSYoungGen      total 651776K, used 5951K [0x00000000d5580000, 0x00000000ffa80000, 0x0000000100000000)
  eden space 611328K, 0% used [0x00000000d5580000,0x00000000d5580000,0x00000000faa80000)
  from space 40448K, 14% used [0x00000000fd300000,0x00000000fd8cfc98,0x00000000ffa80000)
  to   space 40960K, 0% used [0x00000000faa80000,0x00000000faa80000,0x00000000fd280000)
 ParOldGen       total 187392K, used 66252K [0x0000000080000000, 0x000000008b700000, 0x00000000d5580000)
  object space 187392K, 35% used [0x0000000080000000,0x00000000840b3110,0x000000008b700000)
 Metaspace       used 99027K, capacity 106316K, committed 106572K, reserved 1142784K
  class space    used 12993K, capacity 14204K, committed 14208K, reserved 1048576K
Event: 6826.918 GC heap after
Heap after GC invocations=21 (full 5):
 PSYoungGen      total 651776K, used 0K [0x00000000d5580000, 0x00000000ffa80000, 0x0000000100000000)
  eden space 611328K, 0% used [0x00000000d5580000,0x00000000d5580000,0x00000000faa80000)
  from space 40448K, 0% used [0x00000000fd300000,0x00000000fd300000,0x00000000ffa80000)
  to   space 40960K, 0% used [0x00000000faa80000,0x00000000faa80000,0x00000000fd280000)
 ParOldGen       total 187392K, used 43062K [0x0000000080000000, 0x000000008b700000, 0x00000000d5580000)
  object space 187392K, 22% used [0x0000000080000000,0x0000000082a0d960,0x000000008b700000)
 Metaspace       used 97854K, capacity 104188K, committed 106572K, reserved 1142784K
  class space    used 12788K, capacity 13823K, committed 14208K, reserved 1048576K
}
Event: 7360.118 GC heap before
{Heap before GC invocations=22 (full 5):
 PSYoungGen      total 651776K, used 611328K [0x00000000d5580000, 0x00000000ffa80000, 0x0000000100000000)
  eden space 611328K, 100% used [0x00000000d5580000,0x00000000faa80000,0x00000000faa80000)
  from space 40448K, 0% used [0x00000000fd300000,0x00000000fd300000,0x00000000ffa80000)
  to   space 40960K, 0% used [0x00000000faa80000,0x00000000faa80000,0x00000000fd280000)
 ParOldGen       total 187392K, used 43062K [0x0000000080000000, 0x000000008b700000, 0x00000000d5580000)
  object space 187392K, 22% used [0x0000000080000000,0x0000000082a0d960,0x000000008b700000)
 Metaspace       used 99118K, capacity 105878K, committed 107084K, reserved 1142784K
  class space    used 12887K, capacity 14005K, committed 14208K, reserved 1048576K
Event: 7360.136 GC heap after
Heap after GC invocations=22 (full 5):
 PSYoungGen      total 652288K, used 18958K [0x00000000d5580000, 0x00000000ffe80000, 0x0000000100000000)
  eden space 611328K, 0% used [0x00000000d5580000,0x00000000d5580000,0x00000000faa80000)
  from space 40960K, 46% used [0x00000000faa80000,0x00000000fbd03950,0x00000000fd280000)
  to   space 39936K, 0% used [0x00000000fd780000,0x00000000fd780000,0x00000000ffe80000)
 ParOldGen       total 187392K, used 43070K [0x0000000080000000, 0x000000008b700000, 0x00000000d5580000)
  object space 187392K, 22% used [0x0000000080000000,0x0000000082a0f960,0x000000008b700000)
 Metaspace       used 99118K, capacity 105878K, committed 107084K, reserved 1142784K
  class space    used 12887K, capacity 14005K, committed 14208K, reserved 1048576K
}

