# JRE version: OpenJDK Runtime Environment (8.0_242-b01) (build 1.8.0_242-release-1644-b01)
# Java VM: OpenJDK 64-Bit Server VM (25.242-b01 mixed mode windows-amd64 compressed oops)
Heap:
 PSYoungGen      total 199680K, used 132532K [0x00000000d5580000, 0x00000000e5c80000, 0x0000000100000000)
  eden space 184320K, 71% used [0x00000000d5580000,0x00000000dd6ed0f8,0x00000000e0980000)
  from space 15360K, 0% used [0x00000000e3e80000,0x00000000e3e80000,0x00000000e4d80000)
  to   space 11776K, 0% used [0x00000000e5100000,0x00000000e5100000,0x00000000e5c80000)
 ParOldGen       total 84992K, used 15444K [0x0000000080000000, 0x0000000085300000, 0x00000000d5580000)
  object space 84992K, 18% used [0x0000000080000000,0x0000000080f152a8,0x0000000085300000)
 Metaspace       used 37108K, capacity 38716K, committed 39000K, reserved 1083392K
  class space    used 5098K, capacity 5399K, committed 5504K, reserved 1048576K
GC Heap History (10 events):
Event: 1.715 GC heap before
{Heap before GC invocations=5 (full 0):
 PSYoungGen      total 128000K, used 25016K [0x00000000d5580000, 0x00000000dd780000, 0x0000000100000000)
  eden space 122880K, 16% used [0x00000000d5580000,0x00000000d68f40a0,0x00000000dcd80000)
  from space 5120K, 99% used [0x00000000dd280000,0x00000000dd77a040,0x00000000dd780000)
  to   space 5120K, 0% used [0x00000000dcd80000,0x00000000dcd80000,0x00000000dd280000)
 ParOldGen       total 81920K, used 9490K [0x0000000080000000, 0x0000000085000000, 0x00000000d5580000)
  object space 81920K, 11% used [0x0000000080000000,0x0000000080944be0,0x0000000085000000)
 Metaspace       used 20533K, capacity 21204K, committed 21248K, reserved 1067008K
  class space    used 2860K, capacity 3048K, committed 3072K, reserved 1048576K
Event: 1.735 GC heap after
Heap after GC invocations=5 (full 0):
 PSYoungGen      total 128000K, used 5112K [0x00000000d5580000, 0x00000000e5c80000, 0x0000000100000000)
  eden space 122880K, 0% used [0x00000000d5580000,0x00000000d5580000,0x00000000dcd80000)
  from space 5120K, 99% used [0x00000000dcd80000,0x00000000dd27e040,0x00000000dd280000)
  to   space 11776K, 0% used [0x00000000e5100000,0x00000000e5100000,0x00000000e5c80000)
 ParOldGen       total 81920K, used 11175K [0x0000000080000000, 0x0000000085000000, 0x00000000d5580000)
  object space 81920K, 13% used [0x0000000080000000,0x0000000080ae9cb0,0x0000000085000000)
 Metaspace       used 20533K, capacity 21204K, committed 21248K, reserved 1067008K
  class space    used 2860K, capacity 3048K, committed 3072K, reserved 1048576K
}
Event: 1.735 GC heap before
{Heap before GC invocations=6 (full 1):
 PSYoungGen      total 128000K, used 5112K [0x00000000d5580000, 0x00000000e5c80000, 0x0000000100000000)
  eden space 122880K, 0% used [0x00000000d5580000,0x00000000d5580000,0x00000000dcd80000)
  from space 5120K, 99% used [0x00000000dcd80000,0x00000000dd27e040,0x00000000dd280000)
  to   space 11776K, 0% used [0x00000000e5100000,0x00000000e5100000,0x00000000e5c80000)
 ParOldGen       total 81920K, used 11175K [0x0000000080000000, 0x0000000085000000, 0x00000000d5580000)
  object space 81920K, 13% used [0x0000000080000000,0x0000000080ae9cb0,0x0000000085000000)
 Metaspace       used 20533K, capacity 21204K, committed 21248K, reserved 1067008K
  class space    used 2860K, capacity 3048K, committed 3072K, reserved 1048576K
Event: 1.822 GC heap after
Heap after GC invocations=6 (full 1):
 PSYoungGen      total 128000K, used 0K [0x00000000d5580000, 0x00000000e5c80000, 0x0000000100000000)
  eden space 122880K, 0% used [0x00000000d5580000,0x00000000d5580000,0x00000000dcd80000)
  from space 5120K, 0% used [0x00000000dcd80000,0x00000000dcd80000,0x00000000dd280000)
  to   space 11776K, 0% used [0x00000000e5100000,0x00000000e5100000,0x00000000e5c80000)
 ParOldGen       total 59392K, used 8174K [0x0000000080000000, 0x0000000083a00000, 0x00000000d5580000)
  object space 59392K, 13% used [0x0000000080000000,0x00000000807fbab8,0x0000000083a00000)
 Metaspace       used 20533K, capacity 21204K, committed 21248K, reserved 1067008K
  class space    used 2860K, capacity 3048K, committed 3072K, reserved 1048576K
}
Event: 2.716 GC heap before
{Heap before GC invocations=7 (full 1):
 PSYoungGen      total 128000K, used 122880K [0x00000000d5580000, 0x00000000e5c80000, 0x0000000100000000)
  eden space 122880K, 100% used [0x00000000d5580000,0x00000000dcd80000,0x00000000dcd80000)
  from space 5120K, 0% used [0x00000000dcd80000,0x00000000dcd80000,0x00000000dd280000)
  to   space 11776K, 0% used [0x00000000e5100000,0x00000000e5100000,0x00000000e5c80000)
 ParOldGen       total 59392K, used 8174K [0x0000000080000000, 0x0000000083a00000, 0x00000000d5580000)
  object space 59392K, 13% used [0x0000000080000000,0x00000000807fbab8,0x0000000083a00000)
 Metaspace       used 32657K, capacity 33718K, committed 33920K, reserved 1079296K
  class space    used 4446K, capacity 4722K, committed 4736K, reserved 1048576K
Event: 2.728 GC heap after
Heap after GC invocations=7 (full 1):
 PSYoungGen      total 196096K, used 11775K [0x00000000d5580000, 0x00000000e5c80000, 0x0000000100000000)
  eden space 184320K, 0% used [0x00000000d5580000,0x00000000d5580000,0x00000000e0980000)
  from space 11776K, 99% used [0x00000000e5100000,0x00000000e5c7fd00,0x00000000e5c80000)
  to   space 15360K, 0% used [0x00000000e3e80000,0x00000000e3e80000,0x00000000e4d80000)
 ParOldGen       total 59392K, used 10281K [0x0000000080000000, 0x0000000083a00000, 0x00000000d5580000)
  object space 59392K, 17% used [0x0000000080000000,0x0000000080a0a480,0x0000000083a00000)
 Metaspace       used 32657K, capacity 33718K, committed 33920K, reserved 1079296K
  class space    used 4446K, capacity 4722K, committed 4736K, reserved 1048576K
}
Event: 2.941 GC heap before
{Heap before GC invocations=8 (full 1):
 PSYoungGen      total 196096K, used 53435K [0x00000000d5580000, 0x00000000e5c80000, 0x0000000100000000)
  eden space 184320K, 22% used [0x00000000d5580000,0x00000000d7e2ef38,0x00000000e0980000)
  from space 11776K, 99% used [0x00000000e5100000,0x00000000e5c7fd00,0x00000000e5c80000)
  to   space 15360K, 0% used [0x00000000e3e80000,0x00000000e3e80000,0x00000000e4d80000)
 ParOldGen       total 59392K, used 10281K [0x0000000080000000, 0x0000000083a00000, 0x00000000d5580000)
  object space 59392K, 17% used [0x0000000080000000,0x0000000080a0a480,0x0000000083a00000)
 Metaspace       used 34232K, capacity 35398K, committed 35416K, reserved 1079296K
  class space    used 4703K, capacity 4974K, committed 4992K, reserved 1048576K
Event: 2.968 GC heap after
Heap after GC invocations=8 (full 1):
 PSYoungGen      total 199680K, used 8802K [0x00000000d5580000, 0x00000000e5c80000, 0x0000000100000000)
  eden space 184320K, 0% used [0x00000000d5580000,0x00000000d5580000,0x00000000e0980000)
  from space 15360K, 57% used [0x00000000e3e80000,0x00000000e4718a78,0x00000000e4d80000)
  to   space 11776K, 0% used [0x00000000e5100000,0x00000000e5100000,0x00000000e5c80000)
 ParOldGen       total 59392K, used 10289K [0x0000000080000000, 0x0000000083a00000, 0x00000000d5580000)
  object space 59392K, 17% used [0x0000000080000000,0x0000000080a0c480,0x0000000083a00000)
 Metaspace       used 34232K, capacity 35398K, committed 35416K, reserved 1079296K
  class space    used 4703K, capacity 4974K, committed 4992K, reserved 1048576K
}
Event: 2.968 GC heap before
{Heap before GC invocations=9 (full 2):
 PSYoungGen      total 199680K, used 8802K [0x00000000d5580000, 0x00000000e5c80000, 0x0000000100000000)
  eden space 184320K, 0% used [0x00000000d5580000,0x00000000d5580000,0x00000000e0980000)
  from space 15360K, 57% used [0x00000000e3e80000,0x00000000e4718a78,0x00000000e4d80000)
  to   space 11776K, 0% used [0x00000000e5100000,0x00000000e5100000,0x00000000e5c80000)
 ParOldGen       total 59392K, used 10289K [0x0000000080000000, 0x0000000083a00000, 0x00000000d5580000)
  object space 59392K, 17% used [0x0000000080000000,0x0000000080a0c480,0x0000000083a00000)
 Metaspace       used 34232K, capacity 35398K, committed 35416K, reserved 1079296K
  class space    used 4703K, capacity 4974K, committed 4992K, reserved 1048576K
Event: 3.023 GC heap after
Heap after GC invocations=9 (full 2):
 PSYoungGen      total 199680K, used 0K [0x00000000d5580000, 0x00000000e5c80000, 0x0000000100000000)
  eden space 184320K, 0% used [0x00000000d5580000,0x00000000d5580000,0x00000000e0980000)
  from space 15360K, 0% used [0x00000000e3e80000,0x00000000e3e80000,0x00000000e4d80000)
  to   space 11776K, 0% used [0x00000000e5100000,0x00000000e5100000,0x00000000e5c80000)
 ParOldGen       total 84992K, used 15444K [0x0000000080000000, 0x0000000085300000, 0x00000000d5580000)
  object space 84992K, 18% used [0x0000000080000000,0x0000000080f152a8,0x0000000085300000)
 Metaspace       used 34232K, capacity 35398K, committed 35416K, reserved 1079296K
  class space    used 4703K, capacity 4974K, committed 4992K, reserved 1048576K
}

