# JRE version: OpenJDK Runtime Environment (8.0_242-b01) (build 1.8.0_242-release-1644-b01)
# Java VM: OpenJDK 64-Bit Server VM (25.242-b01 mixed mode windows-amd64 compressed oops)
Heap:
 PSYoungGen      total 507392K, used 21645K [0x00000000d5580000, 0x00000000ff580000, 0x0000000100000000)
  eden space 484352K, 4% used [0x00000000d5580000,0x00000000d6aa3700,0x00000000f2e80000)
  from space 23040K, 0% used [0x00000000f5b00000,0x00000000f5b00000,0x00000000f7180000)
  to   space 45568K, 0% used [0x00000000f2e80000,0x00000000f2e80000,0x00000000f5b00000)
 ParOldGen       total 108032K, used 60970K [0x0000000080000000, 0x0000000086980000, 0x00000000d5580000)
  object space 108032K, 56% used [0x0000000080000000,0x0000000083b8a978,0x0000000086980000)
 Metaspace       used 92738K, capacity 97876K, committed 98636K, reserved 1134592K
  class space    used 12289K, capacity 13244K, committed 13440K, reserved 1048576K
GC Heap History (10 events):
Event: 6.416 GC heap before
{Heap before GC invocations=12 (full 3):
 PSYoungGen      total 417792K, used 17381K [0x00000000d5580000, 0x00000000f7180000, 0x0000000100000000)
  eden space 400384K, 0% used [0x00000000d5580000,0x00000000d5580000,0x00000000edc80000)
  from space 17408K, 99% used [0x00000000edc80000,0x00000000eed79670,0x00000000eed80000)
  to   space 23040K, 0% used [0x00000000f5b00000,0x00000000f5b00000,0x00000000f7180000)
 ParOldGen       total 69632K, used 25809K [0x0000000080000000, 0x0000000084400000, 0x00000000d5580000)
  object space 69632K, 37% used [0x0000000080000000,0x00000000819347d8,0x0000000084400000)
 Metaspace       used 56662K, capacity 58894K, committed 59028K, reserved 1099776K
  class space    used 7658K, capacity 8114K, committed 8192K, reserved 1048576K
Event: 6.601 GC heap after
Heap after GC invocations=12 (full 3):
 PSYoungGen      total 417792K, used 0K [0x00000000d5580000, 0x00000000f7180000, 0x0000000100000000)
  eden space 400384K, 0% used [0x00000000d5580000,0x00000000d5580000,0x00000000edc80000)
  from space 17408K, 0% used [0x00000000edc80000,0x00000000edc80000,0x00000000eed80000)
  to   space 23040K, 0% used [0x00000000f5b00000,0x00000000f5b00000,0x00000000f7180000)
 ParOldGen       total 108032K, used 37794K [0x0000000080000000, 0x0000000086980000, 0x00000000d5580000)
  object space 108032K, 34% used [0x0000000080000000,0x00000000824e8970,0x0000000086980000)
 Metaspace       used 56655K, capacity 58870K, committed 59028K, reserved 1099776K
  class space    used 7656K, capacity 8110K, committed 8192K, reserved 1048576K
}
Event: 12.787 GC heap before
{Heap before GC invocations=13 (full 3):
 PSYoungGen      total 417792K, used 400384K [0x00000000d5580000, 0x00000000f7180000, 0x0000000100000000)
  eden space 400384K, 100% used [0x00000000d5580000,0x00000000edc80000,0x00000000edc80000)
  from space 17408K, 0% used [0x00000000edc80000,0x00000000edc80000,0x00000000eed80000)
  to   space 23040K, 0% used [0x00000000f5b00000,0x00000000f5b00000,0x00000000f7180000)
 ParOldGen       total 108032K, used 37794K [0x0000000080000000, 0x0000000086980000, 0x00000000d5580000)
  object space 108032K, 34% used [0x0000000080000000,0x00000000824e8970,0x0000000086980000)
 Metaspace       used 74026K, capacity 77392K, committed 77656K, reserved 1116160K
  class space    used 10136K, capacity 10784K, committed 10880K, reserved 1048576K
Event: 12.831 GC heap after
Heap after GC invocations=13 (full 3):
 PSYoungGen      total 521216K, used 23021K [0x00000000d5580000, 0x00000000f8800000, 0x0000000100000000)
  eden space 498176K, 0% used [0x00000000d5580000,0x00000000d5580000,0x00000000f3c00000)
  from space 23040K, 99% used [0x00000000f5b00000,0x00000000f717b4e0,0x00000000f7180000)
  to   space 31744K, 0% used [0x00000000f3c00000,0x00000000f3c00000,0x00000000f5b00000)
 ParOldGen       total 108032K, used 52509K [0x0000000080000000, 0x0000000086980000, 0x00000000d5580000)
  object space 108032K, 48% used [0x0000000080000000,0x0000000083347610,0x0000000086980000)
 Metaspace       used 74026K, capacity 77392K, committed 77656K, reserved 1116160K
  class space    used 10136K, capacity 10784K, committed 10880K, reserved 1048576K
}
Event: 92.137 GC heap before
{Heap before GC invocations=14 (full 3):
 PSYoungGen      total 521216K, used 521197K [0x00000000d5580000, 0x00000000f8800000, 0x0000000100000000)
  eden space 498176K, 100% used [0x00000000d5580000,0x00000000f3c00000,0x00000000f3c00000)
  from space 23040K, 99% used [0x00000000f5b00000,0x00000000f717b4e0,0x00000000f7180000)
  to   space 31744K, 0% used [0x00000000f3c00000,0x00000000f3c00000,0x00000000f5b00000)
 ParOldGen       total 108032K, used 52509K [0x0000000080000000, 0x0000000086980000, 0x00000000d5580000)
  object space 108032K, 48% used [0x0000000080000000,0x0000000083347610,0x0000000086980000)
 Metaspace       used 91080K, capacity 96128K, committed 96216K, reserved 1132544K
  class space    used 12288K, capacity 13244K, committed 13312K, reserved 1048576K
Event: 92.248 GC heap after
Heap after GC invocations=14 (full 3):
 PSYoungGen      total 529920K, used 31735K [0x00000000d5580000, 0x00000000f8800000, 0x0000000100000000)
  eden space 498176K, 0% used [0x00000000d5580000,0x00000000d5580000,0x00000000f3c00000)
  from space 31744K, 99% used [0x00000000f3c00000,0x00000000f5afdfb8,0x00000000f5b00000)
  to   space 23040K, 0% used [0x00000000f5b00000,0x00000000f5b00000,0x00000000f7180000)
 ParOldGen       total 108032K, used 78914K [0x0000000080000000, 0x0000000086980000, 0x00000000d5580000)
  object space 108032K, 73% used [0x0000000080000000,0x0000000084d10af0,0x0000000086980000)
 Metaspace       used 91080K, capacity 96128K, committed 96216K, reserved 1132544K
  class space    used 12288K, capacity 13244K, committed 13312K, reserved 1048576K
}
Event: 1380.558 GC heap before
{Heap before GC invocations=15 (full 3):
 PSYoungGen      total 529920K, used 351380K [0x00000000d5580000, 0x00000000f8800000, 0x0000000100000000)
  eden space 498176K, 64% used [0x00000000d5580000,0x00000000e8da7298,0x00000000f3c00000)
  from space 31744K, 99% used [0x00000000f3c00000,0x00000000f5afdfb8,0x00000000f5b00000)
  to   space 23040K, 0% used [0x00000000f5b00000,0x00000000f5b00000,0x00000000f7180000)
 ParOldGen       total 108032K, used 78914K [0x0000000080000000, 0x0000000086980000, 0x00000000d5580000)
  object space 108032K, 73% used [0x0000000080000000,0x0000000084d10af0,0x0000000086980000)
 Metaspace       used 92872K, capacity 98326K, committed 98380K, reserved 1134592K
  class space    used 12369K, capacity 13387K, committed 13440K, reserved 1048576K
Event: 1380.591 GC heap after
Heap after GC invocations=15 (full 3):
 PSYoungGen      total 507392K, used 5860K [0x00000000d5580000, 0x00000000ff580000, 0x0000000100000000)
  eden space 484352K, 0% used [0x00000000d5580000,0x00000000d5580000,0x00000000f2e80000)
  from space 23040K, 25% used [0x00000000f5b00000,0x00000000f60b9228,0x00000000f7180000)
  to   space 45568K, 0% used [0x00000000f2e80000,0x00000000f2e80000,0x00000000f5b00000)
 ParOldGen       total 108032K, used 92724K [0x0000000080000000, 0x0000000086980000, 0x00000000d5580000)
  object space 108032K, 85% used [0x0000000080000000,0x0000000085a8d328,0x0000000086980000)
 Metaspace       used 92872K, capacity 98326K, committed 98380K, reserved 1134592K
  class space    used 12369K, capacity 13387K, committed 13440K, reserved 1048576K
}
Event: 1380.591 GC heap before
{Heap before GC invocations=16 (full 4):
 PSYoungGen      total 507392K, used 5860K [0x00000000d5580000, 0x00000000ff580000, 0x0000000100000000)
  eden space 484352K, 0% used [0x00000000d5580000,0x00000000d5580000,0x00000000f2e80000)
  from space 23040K, 25% used [0x00000000f5b00000,0x00000000f60b9228,0x00000000f7180000)
  to   space 45568K, 0% used [0x00000000f2e80000,0x00000000f2e80000,0x00000000f5b00000)
 ParOldGen       total 108032K, used 92724K [0x0000000080000000, 0x0000000086980000, 0x00000000d5580000)
  object space 108032K, 85% used [0x0000000080000000,0x0000000085a8d328,0x0000000086980000)
 Metaspace       used 92872K, capacity 98326K, committed 98380K, reserved 1134592K
  class space    used 12369K, capacity 13387K, committed 13440K, reserved 1048576K
Event: 1380.827 GC heap after
Heap after GC invocations=16 (full 4):
 PSYoungGen      total 507392K, used 0K [0x00000000d5580000, 0x00000000ff580000, 0x0000000100000000)
  eden space 484352K, 0% used [0x00000000d5580000,0x00000000d5580000,0x00000000f2e80000)
  from space 23040K, 0% used [0x00000000f5b00000,0x00000000f5b00000,0x00000000f7180000)
  to   space 45568K, 0% used [0x00000000f2e80000,0x00000000f2e80000,0x00000000f5b00000)
 ParOldGen       total 108032K, used 60970K [0x0000000080000000, 0x0000000086980000, 0x00000000d5580000)
  object space 108032K, 56% used [0x0000000080000000,0x0000000083b8a978,0x0000000086980000)
 Metaspace       used 92611K, capacity 97680K, committed 98380K, reserved 1134592K
  class space    used 12278K, capacity 13224K, committed 13440K, reserved 1048576K
}

