# JRE version: OpenJDK Runtime Environment (8.0_242-b01) (build 1.8.0_242-release-1644-b01)
# Java VM: OpenJDK 64-Bit Server VM (25.242-b01 mixed mode windows-amd64 compressed oops)
Heap:
 PSYoungGen      total 521216K, used 243479K [0x00000000d5580000, 0x00000000f7380000, 0x0000000100000000)
  eden space 491520K, 46% used [0x00000000d5580000,0x00000000e32cdda0,0x00000000f3580000)
  from space 29696K, 56% used [0x00000000f5680000,0x00000000f66f8040,0x00000000f7380000)
  to   space 31744K, 0% used [0x00000000f3580000,0x00000000f3580000,0x00000000f5480000)
 ParOldGen       total 228352K, used 58933K [0x0000000080000000, 0x000000008df00000, 0x00000000d5580000)
  object space 228352K, 25% used [0x0000000080000000,0x000000008398d450,0x000000008df00000)
 Metaspace       used 106507K, capacity 115094K, committed 115276K, reserved 1148928K
  class space    used 13782K, capacity 15164K, committed 15220K, reserved 1048576K
GC Heap History (10 events):
Event: 13139.240 GC heap before
{Heap before GC invocations=27 (full 7):
 PSYoungGen      total 491520K, used 473088K [0x00000000d5580000, 0x00000000f6980000, 0x0000000100000000)
  eden space 473088K, 100% used [0x00000000d5580000,0x00000000f2380000,0x00000000f2380000)
  from space 18432K, 0% used [0x00000000f2380000,0x00000000f2380000,0x00000000f3580000)
  to   space 35840K, 0% used [0x00000000f4680000,0x00000000f4680000,0x00000000f6980000)
 ParOldGen       total 228352K, used 58893K [0x0000000080000000, 0x000000008df00000, 0x00000000d5580000)
  object space 228352K, 25% used [0x0000000080000000,0x0000000083983450,0x000000008df00000)
 Metaspace       used 98462K, capacity 105090K, committed 105292K, reserved 1140736K
  class space    used 12783K, capacity 13881K, committed 13940K, reserved 1048576K
Event: 13139.256 GC heap after
Heap after GC invocations=27 (full 7):
 PSYoungGen      total 510976K, used 14880K [0x00000000d5580000, 0x00000000f7480000, 0x0000000100000000)
  eden space 475136K, 0% used [0x00000000d5580000,0x00000000d5580000,0x00000000f2580000)
  from space 35840K, 41% used [0x00000000f4680000,0x00000000f5508040,0x00000000f6980000)
  to   space 33792K, 0% used [0x00000000f2580000,0x00000000f2580000,0x00000000f4680000)
 ParOldGen       total 228352K, used 58901K [0x0000000080000000, 0x000000008df00000, 0x00000000d5580000)
  object space 228352K, 25% used [0x0000000080000000,0x0000000083985450,0x000000008df00000)
 Metaspace       used 98462K, capacity 105090K, committed 105292K, reserved 1140736K
  class space    used 12783K, capacity 13881K, committed 13940K, reserved 1048576K
}
Event: 13240.323 GC heap before
{Heap before GC invocations=28 (full 7):
 PSYoungGen      total 510976K, used 490016K [0x00000000d5580000, 0x00000000f7480000, 0x0000000100000000)
  eden space 475136K, 100% used [0x00000000d5580000,0x00000000f2580000,0x00000000f2580000)
  from space 35840K, 41% used [0x00000000f4680000,0x00000000f5508040,0x00000000f6980000)
  to   space 33792K, 0% used [0x00000000f2580000,0x00000000f2580000,0x00000000f4680000)
 ParOldGen       total 228352K, used 58901K [0x0000000080000000, 0x000000008df00000, 0x00000000d5580000)
  object space 228352K, 25% used [0x0000000080000000,0x0000000083985450,0x000000008df00000)
 Metaspace       used 98986K, capacity 106042K, committed 106188K, reserved 1140736K
  class space    used 12846K, capacity 13995K, committed 14068K, reserved 1048576K
Event: 13240.340 GC heap after
Heap after GC invocations=28 (full 7):
 PSYoungGen      total 508928K, used 14128K [0x00000000d5580000, 0x00000000f6f80000, 0x0000000100000000)
  eden space 475136K, 0% used [0x00000000d5580000,0x00000000d5580000,0x00000000f2580000)
  from space 33792K, 41% used [0x00000000f2580000,0x00000000f334c030,0x00000000f4680000)
  to   space 31744K, 0% used [0x00000000f5080000,0x00000000f5080000,0x00000000f6f80000)
 ParOldGen       total 228352K, used 58909K [0x0000000080000000, 0x000000008df00000, 0x00000000d5580000)
  object space 228352K, 25% used [0x0000000080000000,0x0000000083987450,0x000000008df00000)
 Metaspace       used 98986K, capacity 106042K, committed 106188K, reserved 1140736K
  class space    used 12846K, capacity 13995K, committed 14068K, reserved 1048576K
}
Event: 13352.451 GC heap before
{Heap before GC invocations=29 (full 7):
 PSYoungGen      total 508928K, used 489264K [0x00000000d5580000, 0x00000000f6f80000, 0x0000000100000000)
  eden space 475136K, 100% used [0x00000000d5580000,0x00000000f2580000,0x00000000f2580000)
  from space 33792K, 41% used [0x00000000f2580000,0x00000000f334c030,0x00000000f4680000)
  to   space 31744K, 0% used [0x00000000f5080000,0x00000000f5080000,0x00000000f6f80000)
 ParOldGen       total 228352K, used 58909K [0x0000000080000000, 0x000000008df00000, 0x00000000d5580000)
  object space 228352K, 25% used [0x0000000080000000,0x0000000083987450,0x000000008df00000)
 Metaspace       used 105379K, capacity 113668K, committed 113868K, reserved 1148928K
  class space    used 13684K, capacity 15039K, committed 15092K, reserved 1048576K
Event: 13352.475 GC heap after
Heap after GC invocations=29 (full 7):
 PSYoungGen      total 516608K, used 24362K [0x00000000d5580000, 0x00000000f7100000, 0x0000000100000000)
  eden space 484864K, 0% used [0x00000000d5580000,0x00000000d5580000,0x00000000f2f00000)
  from space 31744K, 76% used [0x00000000f5080000,0x00000000f684a9e8,0x00000000f6f80000)
  to   space 33792K, 0% used [0x00000000f2f00000,0x00000000f2f00000,0x00000000f5000000)
 ParOldGen       total 228352K, used 58917K [0x0000000080000000, 0x000000008df00000, 0x00000000d5580000)
  object space 228352K, 25% used [0x0000000080000000,0x0000000083989450,0x000000008df00000)
 Metaspace       used 105379K, capacity 113668K, committed 113868K, reserved 1148928K
  class space    used 13684K, capacity 15039K, committed 15092K, reserved 1048576K
}
Event: 13471.865 GC heap before
{Heap before GC invocations=30 (full 7):
 PSYoungGen      total 516608K, used 509226K [0x00000000d5580000, 0x00000000f7100000, 0x0000000100000000)
  eden space 484864K, 100% used [0x00000000d5580000,0x00000000f2f00000,0x00000000f2f00000)
  from space 31744K, 76% used [0x00000000f5080000,0x00000000f684a9e8,0x00000000f6f80000)
  to   space 33792K, 0% used [0x00000000f2f00000,0x00000000f2f00000,0x00000000f5000000)
 ParOldGen       total 228352K, used 58917K [0x0000000080000000, 0x000000008df00000, 0x00000000d5580000)
  object space 228352K, 25% used [0x0000000080000000,0x0000000083989450,0x000000008df00000)
 Metaspace       used 105851K, capacity 114320K, committed 114508K, reserved 1148928K
  class space    used 13725K, capacity 15101K, committed 15220K, reserved 1048576K
Event: 13471.883 GC heap after
Heap after GC invocations=30 (full 7):
 PSYoungGen      total 518656K, used 17576K [0x00000000d5580000, 0x00000000f7680000, 0x0000000100000000)
  eden space 484864K, 0% used [0x00000000d5580000,0x00000000d5580000,0x00000000f2f00000)
  from space 33792K, 52% used [0x00000000f2f00000,0x00000000f402a188,0x00000000f5000000)
  to   space 32768K, 0% used [0x00000000f5680000,0x00000000f5680000,0x00000000f7680000)
 ParOldGen       total 228352K, used 58925K [0x0000000080000000, 0x000000008df00000, 0x00000000d5580000)
  object space 228352K, 25% used [0x0000000080000000,0x000000008398b450,0x000000008df00000)
 Metaspace       used 105851K, capacity 114320K, committed 114508K, reserved 1148928K
  class space    used 13725K, capacity 15101K, committed 15220K, reserved 1048576K
}
Event: 13552.062 GC heap before
{Heap before GC invocations=31 (full 7):
 PSYoungGen      total 518656K, used 502440K [0x00000000d5580000, 0x00000000f7680000, 0x0000000100000000)
  eden space 484864K, 100% used [0x00000000d5580000,0x00000000f2f00000,0x00000000f2f00000)
  from space 33792K, 52% used [0x00000000f2f00000,0x00000000f402a188,0x00000000f5000000)
  to   space 32768K, 0% used [0x00000000f5680000,0x00000000f5680000,0x00000000f7680000)
 ParOldGen       total 228352K, used 58925K [0x0000000080000000, 0x000000008df00000, 0x00000000d5580000)
  object space 228352K, 25% used [0x0000000080000000,0x000000008398b450,0x000000008df00000)
 Metaspace       used 106097K, capacity 114660K, committed 114764K, reserved 1148928K
  class space    used 13739K, capacity 15125K, committed 15220K, reserved 1048576K
Event: 13552.096 GC heap after
Heap after GC invocations=31 (full 7):
 PSYoungGen      total 521216K, used 16864K [0x00000000d5580000, 0x00000000f7380000, 0x0000000100000000)
  eden space 491520K, 0% used [0x00000000d5580000,0x00000000d5580000,0x00000000f3580000)
  from space 29696K, 56% used [0x00000000f5680000,0x00000000f66f8040,0x00000000f7380000)
  to   space 31744K, 0% used [0x00000000f3580000,0x00000000f3580000,0x00000000f5480000)
 ParOldGen       total 228352K, used 58933K [0x0000000080000000, 0x000000008df00000, 0x00000000d5580000)
  object space 228352K, 25% used [0x0000000080000000,0x000000008398d450,0x000000008df00000)
 Metaspace       used 106097K, capacity 114660K, committed 114764K, reserved 1148928K
  class space    used 13739K, capacity 15125K, committed 15220K, reserved 1048576K
}

