# JRE version: OpenJDK Runtime Environment (8.0_242-b01) (build 1.8.0_242-release-1644-b01)
# Java VM: OpenJDK 64-Bit Server VM (25.242-b01 mixed mode windows-amd64 compressed oops)
Heap:
 PSYoungGen      total 662528K, used 322202K [0x00000000d5580000, 0x00000000ffe00000, 0x0000000100000000)
  eden space 628224K, 48% used [0x00000000d5580000,0x00000000e7eb6c88,0x00000000fbb00000)
  from space 34304K, 52% used [0x00000000fdc80000,0x00000000fedefba0,0x00000000ffe00000)
  to   space 34304K, 0% used [0x00000000fbb00000,0x00000000fbb00000,0x00000000fdc80000)
 ParOldGen       total 207872K, used 57137K [0x0000000080000000, 0x000000008cb00000, 0x00000000d5580000)
  object space 207872K, 27% used [0x0000000080000000,0x00000000837cc708,0x000000008cb00000)
 Metaspace       used 106052K, capacity 114570K, committed 114776K, reserved 1148928K
  class space    used 13746K, capacity 15124K, committed 15232K, reserved 1048576K
GC Heap History (10 events):
Event: 10284.917 GC heap before
{Heap before GC invocations=22 (full 5):
 PSYoungGen      total 651264K, used 456065K [0x00000000d5580000, 0x00000000ff600000, 0x0000000100000000)
  eden space 615936K, 74% used [0x00000000d5580000,0x00000000f12e0650,0x00000000faf00000)
  from space 35328K, 0% used [0x00000000fd380000,0x00000000fd380000,0x00000000ff600000)
  to   space 36352K, 0% used [0x00000000faf00000,0x00000000faf00000,0x00000000fd280000)
 ParOldGen       total 207872K, used 49373K [0x0000000080000000, 0x000000008cb00000, 0x00000000d5580000)
  object space 207872K, 23% used [0x0000000080000000,0x00000000830376c8,0x000000008cb00000)
 Metaspace       used 103104K, capacity 109780K, committed 111704K, reserved 1146880K
  class space    used 13441K, capacity 14575K, committed 14976K, reserved 1048576K
Event: 10284.935 GC heap after
Heap after GC invocations=22 (full 5):
 PSYoungGen      total 652288K, used 20106K [0x00000000d5580000, 0x00000000ff600000, 0x0000000100000000)
  eden space 615936K, 0% used [0x00000000d5580000,0x00000000d5580000,0x00000000faf00000)
  from space 36352K, 55% used [0x00000000faf00000,0x00000000fc2a28e0,0x00000000fd280000)
  to   space 36352K, 0% used [0x00000000fd280000,0x00000000fd280000,0x00000000ff600000)
 ParOldGen       total 207872K, used 49381K [0x0000000080000000, 0x000000008cb00000, 0x00000000d5580000)
  object space 207872K, 23% used [0x0000000080000000,0x00000000830396c8,0x000000008cb00000)
 Metaspace       used 103104K, capacity 109780K, committed 111704K, reserved 1146880K
  class space    used 13441K, capacity 14575K, committed 14976K, reserved 1048576K
}
Event: 10284.935 GC heap before
{Heap before GC invocations=23 (full 6):
 PSYoungGen      total 652288K, used 20106K [0x00000000d5580000, 0x00000000ff600000, 0x0000000100000000)
  eden space 615936K, 0% used [0x00000000d5580000,0x00000000d5580000,0x00000000faf00000)
  from space 36352K, 55% used [0x00000000faf00000,0x00000000fc2a28e0,0x00000000fd280000)
  to   space 36352K, 0% used [0x00000000fd280000,0x00000000fd280000,0x00000000ff600000)
 ParOldGen       total 207872K, used 49381K [0x0000000080000000, 0x000000008cb00000, 0x00000000d5580000)
  object space 207872K, 23% used [0x0000000080000000,0x00000000830396c8,0x000000008cb00000)
 Metaspace       used 103104K, capacity 109780K, committed 111704K, reserved 1146880K
  class space    used 13441K, capacity 14575K, committed 14976K, reserved 1048576K
Event: 10285.319 GC heap after
Heap after GC invocations=23 (full 6):
 PSYoungGen      total 652288K, used 0K [0x00000000d5580000, 0x00000000ff600000, 0x0000000100000000)
  eden space 615936K, 0% used [0x00000000d5580000,0x00000000d5580000,0x00000000faf00000)
  from space 36352K, 0% used [0x00000000faf00000,0x00000000faf00000,0x00000000fd280000)
  to   space 36352K, 0% used [0x00000000fd280000,0x00000000fd280000,0x00000000ff600000)
 ParOldGen       total 207872K, used 57121K [0x0000000080000000, 0x000000008cb00000, 0x00000000d5580000)
  object space 207872K, 27% used [0x0000000080000000,0x00000000837c8708,0x000000008cb00000)
 Metaspace       used 102775K, capacity 109158K, committed 111704K, reserved 1146880K
  class space    used 13377K, capacity 14457K, committed 14976K, reserved 1048576K
}
Event: 10591.228 GC heap before
{Heap before GC invocations=24 (full 6):
 PSYoungGen      total 652288K, used 615936K [0x00000000d5580000, 0x00000000ff600000, 0x0000000100000000)
  eden space 615936K, 100% used [0x00000000d5580000,0x00000000faf00000,0x00000000faf00000)
  from space 36352K, 0% used [0x00000000faf00000,0x00000000faf00000,0x00000000fd280000)
  to   space 36352K, 0% used [0x00000000fd280000,0x00000000fd280000,0x00000000ff600000)
 ParOldGen       total 207872K, used 57121K [0x0000000080000000, 0x000000008cb00000, 0x00000000d5580000)
  object space 207872K, 27% used [0x0000000080000000,0x00000000837c8708,0x000000008cb00000)
 Metaspace       used 104476K, capacity 112102K, committed 112472K, reserved 1146880K
  class space    used 13585K, capacity 14836K, committed 14976K, reserved 1048576K
Event: 10591.239 GC heap after
Heap after GC invocations=24 (full 6):
 PSYoungGen      total 653312K, used 9742K [0x00000000d5580000, 0x00000000ffe00000, 0x0000000100000000)
  eden space 616960K, 0% used [0x00000000d5580000,0x00000000d5580000,0x00000000fb000000)
  from space 36352K, 26% used [0x00000000fd280000,0x00000000fdc03b00,0x00000000ff600000)
  to   space 35328K, 0% used [0x00000000fb000000,0x00000000fb000000,0x00000000fd280000)
 ParOldGen       total 207872K, used 57129K [0x0000000080000000, 0x000000008cb00000, 0x00000000d5580000)
  object space 207872K, 27% used [0x0000000080000000,0x00000000837ca708,0x000000008cb00000)
 Metaspace       used 104476K, capacity 112102K, committed 112472K, reserved 1146880K
  class space    used 13585K, capacity 14836K, committed 14976K, reserved 1048576K
}
Event: 10719.166 GC heap before
{Heap before GC invocations=25 (full 6):
 PSYoungGen      total 653312K, used 626702K [0x00000000d5580000, 0x00000000ffe00000, 0x0000000100000000)
  eden space 616960K, 100% used [0x00000000d5580000,0x00000000fb000000,0x00000000fb000000)
  from space 36352K, 26% used [0x00000000fd280000,0x00000000fdc03b00,0x00000000ff600000)
  to   space 35328K, 0% used [0x00000000fb000000,0x00000000fb000000,0x00000000fd280000)
 ParOldGen       total 207872K, used 57129K [0x0000000080000000, 0x000000008cb00000, 0x00000000d5580000)
  object space 207872K, 27% used [0x0000000080000000,0x00000000837ca708,0x000000008cb00000)
 Metaspace       used 105478K, capacity 113810K, committed 113880K, reserved 1148928K
  class space    used 13711K, capacity 15062K, committed 15104K, reserved 1048576K
Event: 10719.200 GC heap after
Heap after GC invocations=25 (full 6):
 PSYoungGen      total 652288K, used 20510K [0x00000000d5580000, 0x00000000fff00000, 0x0000000100000000)
  eden space 616960K, 0% used [0x00000000d5580000,0x00000000d5580000,0x00000000fb000000)
  from space 35328K, 58% used [0x00000000fb000000,0x00000000fc407b60,0x00000000fd280000)
  to   space 35328K, 0% used [0x00000000fdc80000,0x00000000fdc80000,0x00000000fff00000)
 ParOldGen       total 207872K, used 57129K [0x0000000080000000, 0x000000008cb00000, 0x00000000d5580000)
  object space 207872K, 27% used [0x0000000080000000,0x00000000837ca708,0x000000008cb00000)
 Metaspace       used 105478K, capacity 113810K, committed 113880K, reserved 1148928K
  class space    used 13711K, capacity 15062K, committed 15104K, reserved 1048576K
}
Event: 11065.576 GC heap before
{Heap before GC invocations=26 (full 6):
 PSYoungGen      total 652288K, used 637470K [0x00000000d5580000, 0x00000000fff00000, 0x0000000100000000)
  eden space 616960K, 100% used [0x00000000d5580000,0x00000000fb000000,0x00000000fb000000)
  from space 35328K, 58% used [0x00000000fb000000,0x00000000fc407b60,0x00000000fd280000)
  to   space 35328K, 0% used [0x00000000fdc80000,0x00000000fdc80000,0x00000000fff00000)
 ParOldGen       total 207872K, used 57129K [0x0000000080000000, 0x000000008cb00000, 0x00000000d5580000)
  object space 207872K, 27% used [0x0000000080000000,0x00000000837ca708,0x000000008cb00000)
 Metaspace       used 105917K, capacity 114432K, committed 114776K, reserved 1148928K
  class space    used 13745K, capacity 15123K, committed 15232K, reserved 1048576K
Event: 11065.600 GC heap after
Heap after GC invocations=26 (full 6):
 PSYoungGen      total 662528K, used 17854K [0x00000000d5580000, 0x00000000ffe00000, 0x0000000100000000)
  eden space 628224K, 0% used [0x00000000d5580000,0x00000000d5580000,0x00000000fbb00000)
  from space 34304K, 52% used [0x00000000fdc80000,0x00000000fedefba0,0x00000000ffe00000)
  to   space 34304K, 0% used [0x00000000fbb00000,0x00000000fbb00000,0x00000000fdc80000)
 ParOldGen       total 207872K, used 57137K [0x0000000080000000, 0x000000008cb00000, 0x00000000d5580000)
  object space 207872K, 27% used [0x0000000080000000,0x00000000837cc708,0x000000008cb00000)
 Metaspace       used 105917K, capacity 114432K, committed 114776K, reserved 1148928K
  class space    used 13745K, capacity 15123K, committed 15232K, reserved 1048576K
}

