# JRE version: OpenJDK Runtime Environment (8.0_242-b01) (build 1.8.0_242-release-1644-b01)
# Java VM: OpenJDK 64-Bit Server VM (25.242-b01 mixed mode windows-amd64 compressed oops)
Heap:
 PSYoungGen      total 186880K, used 18469K [0x00000000d8380000, 0x00000000e6f00000, 0x0000000100000000)
  eden space 155136K, 11% used [0x00000000d8380000,0x00000000d9589478,0x00000000e1b00000)
  from space 31744K, 0% used [0x00000000e4080000,0x00000000e4080000,0x00000000e5f80000)
  to   space 38400K, 0% used [0x00000000e1b00000,0x00000000e1b00000,0x00000000e4080000)
 ParOldGen       total 119296K, used 52794K [0x0000000088a00000, 0x000000008fe80000, 0x00000000d8380000)
  object space 119296K, 44% used [0x0000000088a00000,0x000000008bd8e900,0x000000008fe80000)
 Metaspace       used 61221K, capacity 62492K, committed 62768K, reserved 1103872K
  class space    used 7374K, capacity 7679K, committed 7728K, reserved 1048576K
GC Heap History (10 events):
Event: 2.282 GC heap before
{Heap before GC invocations=7 (full 2):
 PSYoungGen      total 128000K, used 5100K [0x00000000d8380000, 0x00000000e2380000, 0x0000000100000000)
  eden space 122880K, 0% used [0x00000000d8380000,0x00000000d8380000,0x00000000dfb80000)
  from space 5120K, 99% used [0x00000000dfb80000,0x00000000e007b130,0x00000000e0080000)
  to   space 16896K, 0% used [0x00000000e1300000,0x00000000e1300000,0x00000000e2380000)
 ParOldGen       total 64512K, used 28482K [0x0000000088a00000, 0x000000008c900000, 0x00000000d8380000)
  object space 64512K, 44% used [0x0000000088a00000,0x000000008a5d09f0,0x000000008c900000)
 Metaspace       used 34595K, capacity 35124K, committed 35496K, reserved 1081344K
  class space    used 4415K, capacity 4549K, committed 4656K, reserved 1048576K
Event: 2.339 GC heap after
Heap after GC invocations=7 (full 2):
 PSYoungGen      total 128000K, used 0K [0x00000000d8380000, 0x00000000e2380000, 0x0000000100000000)
  eden space 122880K, 0% used [0x00000000d8380000,0x00000000d8380000,0x00000000dfb80000)
  from space 5120K, 0% used [0x00000000dfb80000,0x00000000dfb80000,0x00000000e0080000)
  to   space 16896K, 0% used [0x00000000e1300000,0x00000000e1300000,0x00000000e2380000)
 ParOldGen       total 119296K, used 28526K [0x0000000088a00000, 0x000000008fe80000, 0x00000000d8380000)
  object space 119296K, 23% used [0x0000000088a00000,0x000000008a5dba50,0x000000008fe80000)
 Metaspace       used 34595K, capacity 35124K, committed 35496K, reserved 1081344K
  class space    used 4415K, capacity 4549K, committed 4656K, reserved 1048576K
}
Event: 3.783 GC heap before
{Heap before GC invocations=8 (full 2):
 PSYoungGen      total 128000K, used 122880K [0x00000000d8380000, 0x00000000e2380000, 0x0000000100000000)
  eden space 122880K, 100% used [0x00000000d8380000,0x00000000dfb80000,0x00000000dfb80000)
  from space 5120K, 0% used [0x00000000dfb80000,0x00000000dfb80000,0x00000000e0080000)
  to   space 16896K, 0% used [0x00000000e1300000,0x00000000e1300000,0x00000000e2380000)
 ParOldGen       total 119296K, used 28526K [0x0000000088a00000, 0x000000008fe80000, 0x00000000d8380000)
  object space 119296K, 23% used [0x0000000088a00000,0x000000008a5dba50,0x000000008fe80000)
 Metaspace       used 46386K, capacity 47220K, committed 47536K, reserved 1091584K
  class space    used 5784K, capacity 6031K, committed 6064K, reserved 1048576K
Event: 3.807 GC heap after
Heap after GC invocations=8 (full 2):
 PSYoungGen      total 139264K, used 16868K [0x00000000d8380000, 0x00000000e5400000, 0x0000000100000000)
  eden space 122368K, 0% used [0x00000000d8380000,0x00000000d8380000,0x00000000dfb00000)
  from space 16896K, 99% used [0x00000000e1300000,0x00000000e2379228,0x00000000e2380000)
  to   space 24576K, 0% used [0x00000000dfb00000,0x00000000dfb00000,0x00000000e1300000)
 ParOldGen       total 119296K, used 37872K [0x0000000088a00000, 0x000000008fe80000, 0x00000000d8380000)
  object space 119296K, 31% used [0x0000000088a00000,0x000000008aefc390,0x000000008fe80000)
 Metaspace       used 46386K, capacity 47220K, committed 47536K, reserved 1091584K
  class space    used 5784K, capacity 6031K, committed 6064K, reserved 1048576K
}
Event: 6.022 GC heap before
{Heap before GC invocations=9 (full 2):
 PSYoungGen      total 139264K, used 139236K [0x00000000d8380000, 0x00000000e5400000, 0x0000000100000000)
  eden space 122368K, 100% used [0x00000000d8380000,0x00000000dfb00000,0x00000000dfb00000)
  from space 16896K, 99% used [0x00000000e1300000,0x00000000e2379228,0x00000000e2380000)
  to   space 24576K, 0% used [0x00000000dfb00000,0x00000000dfb00000,0x00000000e1300000)
 ParOldGen       total 119296K, used 37872K [0x0000000088a00000, 0x000000008fe80000, 0x00000000d8380000)
  object space 119296K, 31% used [0x0000000088a00000,0x000000008aefc390,0x000000008fe80000)
 Metaspace       used 51753K, capacity 52750K, committed 53040K, reserved 1095680K
  class space    used 6175K, capacity 6442K, committed 6448K, reserved 1048576K
Event: 6.051 GC heap after
Heap after GC invocations=9 (full 2):
 PSYoungGen      total 146944K, used 24560K [0x00000000d8380000, 0x00000000e5f80000, 0x0000000100000000)
  eden space 122368K, 0% used [0x00000000d8380000,0x00000000d8380000,0x00000000dfb00000)
  from space 24576K, 99% used [0x00000000dfb00000,0x00000000e12fc3b8,0x00000000e1300000)
  to   space 31744K, 0% used [0x00000000e4080000,0x00000000e4080000,0x00000000e5f80000)
 ParOldGen       total 119296K, used 44497K [0x0000000088a00000, 0x000000008fe80000, 0x00000000d8380000)
  object space 119296K, 37% used [0x0000000088a00000,0x000000008b574430,0x000000008fe80000)
 Metaspace       used 51753K, capacity 52750K, committed 53040K, reserved 1095680K
  class space    used 6175K, capacity 6442K, committed 6448K, reserved 1048576K
}
Event: 7.683 GC heap before
{Heap before GC invocations=10 (full 2):
 PSYoungGen      total 146944K, used 119880K [0x00000000d8380000, 0x00000000e5f80000, 0x0000000100000000)
  eden space 122368K, 77% used [0x00000000d8380000,0x00000000de095d20,0x00000000dfb00000)
  from space 24576K, 99% used [0x00000000dfb00000,0x00000000e12fc3b8,0x00000000e1300000)
  to   space 31744K, 0% used [0x00000000e4080000,0x00000000e4080000,0x00000000e5f80000)
 ParOldGen       total 119296K, used 44497K [0x0000000088a00000, 0x000000008fe80000, 0x00000000d8380000)
  object space 119296K, 37% used [0x0000000088a00000,0x000000008b574430,0x000000008fe80000)
 Metaspace       used 57869K, capacity 59088K, committed 59160K, reserved 1101824K
  class space    used 7037K, capacity 7343K, committed 7344K, reserved 1048576K
Event: 7.721 GC heap after
Heap after GC invocations=10 (full 2):
 PSYoungGen      total 186880K, used 31733K [0x00000000d8380000, 0x00000000e6f00000, 0x0000000100000000)
  eden space 155136K, 0% used [0x00000000d8380000,0x00000000d8380000,0x00000000e1b00000)
  from space 31744K, 99% used [0x00000000e4080000,0x00000000e5f7d408,0x00000000e5f80000)
  to   space 38400K, 0% used [0x00000000e1b00000,0x00000000e1b00000,0x00000000e4080000)
 ParOldGen       total 119296K, used 48211K [0x0000000088a00000, 0x000000008fe80000, 0x00000000d8380000)
  object space 119296K, 40% used [0x0000000088a00000,0x000000008b914ca0,0x000000008fe80000)
 Metaspace       used 57869K, capacity 59088K, committed 59160K, reserved 1101824K
  class space    used 7037K, capacity 7343K, committed 7344K, reserved 1048576K
}
Event: 7.721 GC heap before
{Heap before GC invocations=11 (full 3):
 PSYoungGen      total 186880K, used 31733K [0x00000000d8380000, 0x00000000e6f00000, 0x0000000100000000)
  eden space 155136K, 0% used [0x00000000d8380000,0x00000000d8380000,0x00000000e1b00000)
  from space 31744K, 99% used [0x00000000e4080000,0x00000000e5f7d408,0x00000000e5f80000)
  to   space 38400K, 0% used [0x00000000e1b00000,0x00000000e1b00000,0x00000000e4080000)
 ParOldGen       total 119296K, used 48211K [0x0000000088a00000, 0x000000008fe80000, 0x00000000d8380000)
  object space 119296K, 40% used [0x0000000088a00000,0x000000008b914ca0,0x000000008fe80000)
 Metaspace       used 57869K, capacity 59088K, committed 59160K, reserved 1101824K
  class space    used 7037K, capacity 7343K, committed 7344K, reserved 1048576K
Event: 7.919 GC heap after
Heap after GC invocations=11 (full 3):
 PSYoungGen      total 186880K, used 0K [0x00000000d8380000, 0x00000000e6f00000, 0x0000000100000000)
  eden space 155136K, 0% used [0x00000000d8380000,0x00000000d8380000,0x00000000e1b00000)
  from space 31744K, 0% used [0x00000000e4080000,0x00000000e4080000,0x00000000e5f80000)
  to   space 38400K, 0% used [0x00000000e1b00000,0x00000000e1b00000,0x00000000e4080000)
 ParOldGen       total 119296K, used 52794K [0x0000000088a00000, 0x000000008fe80000, 0x00000000d8380000)
  object space 119296K, 44% used [0x0000000088a00000,0x000000008bd8e900,0x000000008fe80000)
 Metaspace       used 57869K, capacity 59088K, committed 59160K, reserved 1101824K
  class space    used 7037K, capacity 7343K, committed 7344K, reserved 1048576K
}

