# JRE version: OpenJDK Runtime Environment (8.0_242-b01) (build 1.8.0_242-release-1644-b01)
# Java VM: OpenJDK 64-Bit Server VM (25.242-b01 mixed mode windows-amd64 compressed oops)
Heap:
 PSYoungGen      total 66560K, used 52907K [0x00000000d8380000, 0x00000000dc980000, 0x0000000100000000)
  eden space 61440K, 86% used [0x00000000d8380000,0x00000000db72aea8,0x00000000dbf80000)
  from space 5120K, 0% used [0x00000000dbf80000,0x00000000dbf80000,0x00000000dc480000)
  to   space 5120K, 0% used [0x00000000dc480000,0x00000000dc480000,0x00000000dc980000)
 ParOldGen       total 62464K, used 28506K [0x0000000088a00000, 0x000000008c700000, 0x00000000d8380000)
  object space 62464K, 45% used [0x0000000088a00000,0x000000008a5d6a48,0x000000008c700000)
 Metaspace       used 39319K, capacity 39996K, committed 40240K, reserved 1085440K
  class space    used 4942K, capacity 5104K, committed 5168K, reserved 1048576K
GC Heap History (10 events):
Event: 1.436 GC heap before
{Heap before GC invocations=3 (full 0):
 PSYoungGen      total 66560K, used 30084K [0x00000000d8380000, 0x00000000dc980000, 0x0000000100000000)
  eden space 61440K, 40% used [0x00000000d8380000,0x00000000d9be2a58,0x00000000dbf80000)
  from space 5120K, 99% used [0x00000000dc480000,0x00000000dc97e788,0x00000000dc980000)
  to   space 5120K, 0% used [0x00000000dbf80000,0x00000000dbf80000,0x00000000dc480000)
 ParOldGen       total 81920K, used 6514K [0x0000000088a00000, 0x000000008da00000, 0x00000000d8380000)
  object space 81920K, 7% used [0x0000000088a00000,0x000000008905ca80,0x000000008da00000)
 Metaspace       used 20774K, capacity 21190K, committed 21296K, reserved 1069056K
  class space    used 2451K, capacity 2593K, committed 2608K, reserved 1048576K
Event: 1.461 GC heap after
Heap after GC invocations=3 (full 0):
 PSYoungGen      total 66560K, used 5101K [0x00000000d8380000, 0x00000000dc980000, 0x0000000100000000)
  eden space 61440K, 0% used [0x00000000d8380000,0x00000000d8380000,0x00000000dbf80000)
  from space 5120K, 99% used [0x00000000dbf80000,0x00000000dc47b7c8,0x00000000dc480000)
  to   space 5120K, 0% used [0x00000000dc480000,0x00000000dc480000,0x00000000dc980000)
 ParOldGen       total 81920K, used 11887K [0x0000000088a00000, 0x000000008da00000, 0x00000000d8380000)
  object space 81920K, 14% used [0x0000000088a00000,0x000000008959bdc0,0x000000008da00000)
 Metaspace       used 20774K, capacity 21190K, committed 21296K, reserved 1069056K
  class space    used 2451K, capacity 2593K, committed 2608K, reserved 1048576K
}
Event: 1.461 GC heap before
{Heap before GC invocations=4 (full 1):
 PSYoungGen      total 66560K, used 5101K [0x00000000d8380000, 0x00000000dc980000, 0x0000000100000000)
  eden space 61440K, 0% used [0x00000000d8380000,0x00000000d8380000,0x00000000dbf80000)
  from space 5120K, 99% used [0x00000000dbf80000,0x00000000dc47b7c8,0x00000000dc480000)
  to   space 5120K, 0% used [0x00000000dc480000,0x00000000dc480000,0x00000000dc980000)
 ParOldGen       total 81920K, used 11887K [0x0000000088a00000, 0x000000008da00000, 0x00000000d8380000)
  object space 81920K, 14% used [0x0000000088a00000,0x000000008959bdc0,0x000000008da00000)
 Metaspace       used 20774K, capacity 21190K, committed 21296K, reserved 1069056K
  class space    used 2451K, capacity 2593K, committed 2608K, reserved 1048576K
Event: 1.517 GC heap after
Heap after GC invocations=4 (full 1):
 PSYoungGen      total 66560K, used 0K [0x00000000d8380000, 0x00000000dc980000, 0x0000000100000000)
  eden space 61440K, 0% used [0x00000000d8380000,0x00000000d8380000,0x00000000dbf80000)
  from space 5120K, 0% used [0x00000000dbf80000,0x00000000dbf80000,0x00000000dc480000)
  to   space 5120K, 0% used [0x00000000dc480000,0x00000000dc480000,0x00000000dc980000)
 ParOldGen       total 62464K, used 10326K [0x0000000088a00000, 0x000000008c700000, 0x00000000d8380000)
  object space 62464K, 16% used [0x0000000088a00000,0x0000000089415b48,0x000000008c700000)
 Metaspace       used 20774K, capacity 21190K, committed 21296K, reserved 1069056K
  class space    used 2451K, capacity 2593K, committed 2608K, reserved 1048576K
}
Event: 2.660 GC heap before
{Heap before GC invocations=5 (full 1):
 PSYoungGen      total 66560K, used 61440K [0x00000000d8380000, 0x00000000dc980000, 0x0000000100000000)
  eden space 61440K, 100% used [0x00000000d8380000,0x00000000dbf80000,0x00000000dbf80000)
  from space 5120K, 0% used [0x00000000dbf80000,0x00000000dbf80000,0x00000000dc480000)
  to   space 5120K, 0% used [0x00000000dc480000,0x00000000dc480000,0x00000000dc980000)
 ParOldGen       total 62464K, used 10326K [0x0000000088a00000, 0x000000008c700000, 0x00000000d8380000)
  object space 62464K, 16% used [0x0000000088a00000,0x0000000089415b48,0x000000008c700000)
 Metaspace       used 27680K, capacity 28236K, committed 28336K, reserved 1075200K
  class space    used 3333K, capacity 3479K, committed 3504K, reserved 1048576K
Event: 2.674 GC heap after
Heap after GC invocations=5 (full 1):
 PSYoungGen      total 66560K, used 5101K [0x00000000d8380000, 0x00000000dc980000, 0x0000000100000000)
  eden space 61440K, 0% used [0x00000000d8380000,0x00000000d8380000,0x00000000dbf80000)
  from space 5120K, 99% used [0x00000000dc480000,0x00000000dc97b5f0,0x00000000dc980000)
  to   space 5120K, 0% used [0x00000000dbf80000,0x00000000dbf80000,0x00000000dc480000)
 ParOldGen       total 62464K, used 19287K [0x0000000088a00000, 0x000000008c700000, 0x00000000d8380000)
  object space 62464K, 30% used [0x0000000088a00000,0x0000000089cd5d20,0x000000008c700000)
 Metaspace       used 27680K, capacity 28236K, committed 28336K, reserved 1075200K
  class space    used 3333K, capacity 3479K, committed 3504K, reserved 1048576K
}
Event: 3.272 GC heap before
{Heap before GC invocations=6 (full 1):
 PSYoungGen      total 66560K, used 42462K [0x00000000d8380000, 0x00000000dc980000, 0x0000000100000000)
  eden space 61440K, 60% used [0x00000000d8380000,0x00000000da7fc448,0x00000000dbf80000)
  from space 5120K, 99% used [0x00000000dc480000,0x00000000dc97b5f0,0x00000000dc980000)
  to   space 5120K, 0% used [0x00000000dbf80000,0x00000000dbf80000,0x00000000dc480000)
 ParOldGen       total 62464K, used 19287K [0x0000000088a00000, 0x000000008c700000, 0x00000000d8380000)
  object space 62464K, 30% used [0x0000000088a00000,0x0000000089cd5d20,0x000000008c700000)
 Metaspace       used 34649K, capacity 35178K, committed 35496K, reserved 1081344K
  class space    used 4416K, capacity 4549K, committed 4656K, reserved 1048576K
Event: 3.288 GC heap after
Heap after GC invocations=6 (full 1):
 PSYoungGen      total 66560K, used 5100K [0x00000000d8380000, 0x00000000dc980000, 0x0000000100000000)
  eden space 61440K, 0% used [0x00000000d8380000,0x00000000d8380000,0x00000000dbf80000)
  from space 5120K, 99% used [0x00000000dbf80000,0x00000000dc47b130,0x00000000dc480000)
  to   space 5120K, 0% used [0x00000000dc480000,0x00000000dc480000,0x00000000dc980000)
 ParOldGen       total 62464K, used 28518K [0x0000000088a00000, 0x000000008c700000, 0x00000000d8380000)
  object space 62464K, 45% used [0x0000000088a00000,0x000000008a5d98b8,0x000000008c700000)
 Metaspace       used 34649K, capacity 35178K, committed 35496K, reserved 1081344K
  class space    used 4416K, capacity 4549K, committed 4656K, reserved 1048576K
}
Event: 3.288 GC heap before
{Heap before GC invocations=7 (full 2):
 PSYoungGen      total 66560K, used 5100K [0x00000000d8380000, 0x00000000dc980000, 0x0000000100000000)
  eden space 61440K, 0% used [0x00000000d8380000,0x00000000d8380000,0x00000000dbf80000)
  from space 5120K, 99% used [0x00000000dbf80000,0x00000000dc47b130,0x00000000dc480000)
  to   space 5120K, 0% used [0x00000000dc480000,0x00000000dc480000,0x00000000dc980000)
 ParOldGen       total 62464K, used 28518K [0x0000000088a00000, 0x000000008c700000, 0x00000000d8380000)
  object space 62464K, 45% used [0x0000000088a00000,0x000000008a5d98b8,0x000000008c700000)
 Metaspace       used 34649K, capacity 35178K, committed 35496K, reserved 1081344K
  class space    used 4416K, capacity 4549K, committed 4656K, reserved 1048576K
Event: 3.389 GC heap after
Heap after GC invocations=7 (full 2):
 PSYoungGen      total 66560K, used 0K [0x00000000d8380000, 0x00000000dc980000, 0x0000000100000000)
  eden space 61440K, 0% used [0x00000000d8380000,0x00000000d8380000,0x00000000dbf80000)
  from space 5120K, 0% used [0x00000000dbf80000,0x00000000dbf80000,0x00000000dc480000)
  to   space 5120K, 0% used [0x00000000dc480000,0x00000000dc480000,0x00000000dc980000)
 ParOldGen       total 62464K, used 28506K [0x0000000088a00000, 0x000000008c700000, 0x00000000d8380000)
  object space 62464K, 45% used [0x0000000088a00000,0x000000008a5d6a48,0x000000008c700000)
 Metaspace       used 34649K, capacity 35178K, committed 35496K, reserved 1081344K
  class space    used 4416K, capacity 4549K, committed 4656K, reserved 1048576K
}

