# JRE version: OpenJDK Runtime Environment (8.0_242-b01) (build 1.8.0_242-release-1644-b01)
# Java VM: OpenJDK 64-Bit Server VM (25.242-b01 mixed mode windows-amd64 compressed oops)
Heap:
 PSYoungGen      total 66560K, used 18806K [0x00000000d8380000, 0x00000000de300000, 0x0000000100000000)
  eden space 61440K, 22% used [0x00000000d8380000,0x00000000d90e4cb0,0x00000000dbf80000)
  from space 5120K, 99% used [0x00000000dc480000,0x00000000dc978c80,0x00000000dc980000)
  to   space 5120K, 0% used [0x00000000dbf80000,0x00000000dbf80000,0x00000000dc480000)
 ParOldGen       total 65024K, used 19172K [0x0000000088a00000, 0x000000008c980000, 0x00000000d8380000)
  object space 65024K, 29% used [0x0000000088a00000,0x0000000089cb92a0,0x000000008c980000)
 Metaspace       used 30053K, capacity 30610K, committed 30768K, reserved 1077248K
  class space    used 3641K, capacity 3800K, committed 3888K, reserved 1048576K
GC Heap History (10 events):
Event: 0.447 GC heap before
{Heap before GC invocations=1 (full 0):
 PSYoungGen      total 35840K, used 30720K [0x00000000d8380000, 0x00000000dab80000, 0x0000000100000000)
  eden space 30720K, 100% used [0x00000000d8380000,0x00000000da180000,0x00000000da180000)
  from space 5120K, 0% used [0x00000000da680000,0x00000000da680000,0x00000000dab80000)
  to   space 5120K, 0% used [0x00000000da180000,0x00000000da180000,0x00000000da680000)
 ParOldGen       total 81920K, used 0K [0x0000000088a00000, 0x000000008da00000, 0x00000000d8380000)
  object space 81920K, 0% used [0x0000000088a00000,0x0000000088a00000,0x000000008da00000)
 Metaspace       used 9717K, capacity 9852K, committed 10112K, reserved 1058816K
  class space    used 1048K, capacity 1116K, committed 1152K, reserved 1048576K
Event: 0.453 GC heap after
Heap after GC invocations=1 (full 0):
 PSYoungGen      total 35840K, used 5105K [0x00000000d8380000, 0x00000000dc980000, 0x0000000100000000)
  eden space 30720K, 0% used [0x00000000d8380000,0x00000000d8380000,0x00000000da180000)
  from space 5120K, 99% used [0x00000000da180000,0x00000000da67c628,0x00000000da680000)
  to   space 5120K, 0% used [0x00000000dc480000,0x00000000dc480000,0x00000000dc980000)
 ParOldGen       total 81920K, used 2160K [0x0000000088a00000, 0x000000008da00000, 0x00000000d8380000)
  object space 81920K, 2% used [0x0000000088a00000,0x0000000088c1c1a0,0x000000008da00000)
 Metaspace       used 9717K, capacity 9852K, committed 10112K, reserved 1058816K
  class space    used 1048K, capacity 1116K, committed 1152K, reserved 1048576K
}
Event: 0.802 GC heap before
{Heap before GC invocations=2 (full 0):
 PSYoungGen      total 35840K, used 35825K [0x00000000d8380000, 0x00000000dc980000, 0x0000000100000000)
  eden space 30720K, 100% used [0x00000000d8380000,0x00000000da180000,0x00000000da180000)
  from space 5120K, 99% used [0x00000000da180000,0x00000000da67c628,0x00000000da680000)
  to   space 5120K, 0% used [0x00000000dc480000,0x00000000dc480000,0x00000000dc980000)
 ParOldGen       total 81920K, used 2160K [0x0000000088a00000, 0x000000008da00000, 0x00000000d8380000)
  object space 81920K, 2% used [0x0000000088a00000,0x0000000088c1c1a0,0x000000008da00000)
 Metaspace       used 14812K, capacity 15162K, committed 15488K, reserved 1062912K
  class space    used 1713K, capacity 1803K, committed 1920K, reserved 1048576K
Event: 0.809 GC heap after
Heap after GC invocations=2 (full 0):
 PSYoungGen      total 66560K, used 5090K [0x00000000d8380000, 0x00000000dc980000, 0x0000000100000000)
  eden space 61440K, 0% used [0x00000000d8380000,0x00000000d8380000,0x00000000dbf80000)
  from space 5120K, 99% used [0x00000000dc480000,0x00000000dc978be0,0x00000000dc980000)
  to   space 5120K, 0% used [0x00000000dbf80000,0x00000000dbf80000,0x00000000dc480000)
 ParOldGen       total 81920K, used 6554K [0x0000000088a00000, 0x000000008da00000, 0x00000000d8380000)
  object space 81920K, 8% used [0x0000000088a00000,0x0000000089066a90,0x000000008da00000)
 Metaspace       used 14812K, capacity 15162K, committed 15488K, reserved 1062912K
  class space    used 1713K, capacity 1803K, committed 1920K, reserved 1048576K
}
Event: 1.081 GC heap before
{Heap before GC invocations=3 (full 0):
 PSYoungGen      total 66560K, used 30084K [0x00000000d8380000, 0x00000000dc980000, 0x0000000100000000)
  eden space 61440K, 40% used [0x00000000d8380000,0x00000000d9be85e0,0x00000000dbf80000)
  from space 5120K, 99% used [0x00000000dc480000,0x00000000dc978be0,0x00000000dc980000)
  to   space 5120K, 0% used [0x00000000dbf80000,0x00000000dbf80000,0x00000000dc480000)
 ParOldGen       total 81920K, used 6554K [0x0000000088a00000, 0x000000008da00000, 0x00000000d8380000)
  object space 81920K, 8% used [0x0000000088a00000,0x0000000089066a90,0x000000008da00000)
 Metaspace       used 20780K, capacity 21190K, committed 21296K, reserved 1069056K
  class space    used 2453K, capacity 2593K, committed 2608K, reserved 1048576K
Event: 1.089 GC heap after
Heap after GC invocations=3 (full 0):
 PSYoungGen      total 66560K, used 5099K [0x00000000d8380000, 0x00000000dc980000, 0x0000000100000000)
  eden space 61440K, 0% used [0x00000000d8380000,0x00000000d8380000,0x00000000dbf80000)
  from space 5120K, 99% used [0x00000000dbf80000,0x00000000dc47acc8,0x00000000dc480000)
  to   space 5120K, 0% used [0x00000000dc480000,0x00000000dc480000,0x00000000dc980000)
 ParOldGen       total 81920K, used 11932K [0x0000000088a00000, 0x000000008da00000, 0x00000000d8380000)
  object space 81920K, 14% used [0x0000000088a00000,0x00000000895a7088,0x000000008da00000)
 Metaspace       used 20780K, capacity 21190K, committed 21296K, reserved 1069056K
  class space    used 2453K, capacity 2593K, committed 2608K, reserved 1048576K
}
Event: 1.089 GC heap before
{Heap before GC invocations=4 (full 1):
 PSYoungGen      total 66560K, used 5099K [0x00000000d8380000, 0x00000000dc980000, 0x0000000100000000)
  eden space 61440K, 0% used [0x00000000d8380000,0x00000000d8380000,0x00000000dbf80000)
  from space 5120K, 99% used [0x00000000dbf80000,0x00000000dc47acc8,0x00000000dc480000)
  to   space 5120K, 0% used [0x00000000dc480000,0x00000000dc480000,0x00000000dc980000)
 ParOldGen       total 81920K, used 11932K [0x0000000088a00000, 0x000000008da00000, 0x00000000d8380000)
  object space 81920K, 14% used [0x0000000088a00000,0x00000000895a7088,0x000000008da00000)
 Metaspace       used 20780K, capacity 21190K, committed 21296K, reserved 1069056K
  class space    used 2453K, capacity 2593K, committed 2608K, reserved 1048576K
Event: 1.116 GC heap after
Heap after GC invocations=4 (full 1):
 PSYoungGen      total 66560K, used 0K [0x00000000d8380000, 0x00000000dc980000, 0x0000000100000000)
  eden space 61440K, 0% used [0x00000000d8380000,0x00000000d8380000,0x00000000dbf80000)
  from space 5120K, 0% used [0x00000000dbf80000,0x00000000dbf80000,0x00000000dc480000)
  to   space 5120K, 0% used [0x00000000dc480000,0x00000000dc480000,0x00000000dc980000)
 ParOldGen       total 65024K, used 10336K [0x0000000088a00000, 0x000000008c980000, 0x00000000d8380000)
  object space 65024K, 15% used [0x0000000088a00000,0x00000000894181f0,0x000000008c980000)
 Metaspace       used 20780K, capacity 21190K, committed 21296K, reserved 1069056K
  class space    used 2453K, capacity 2593K, committed 2608K, reserved 1048576K
}
Event: 1.800 GC heap before
{Heap before GC invocations=5 (full 1):
 PSYoungGen      total 66560K, used 61440K [0x00000000d8380000, 0x00000000dc980000, 0x0000000100000000)
  eden space 61440K, 100% used [0x00000000d8380000,0x00000000dbf80000,0x00000000dbf80000)
  from space 5120K, 0% used [0x00000000dbf80000,0x00000000dbf80000,0x00000000dc480000)
  to   space 5120K, 0% used [0x00000000dc480000,0x00000000dc480000,0x00000000dc980000)
 ParOldGen       total 65024K, used 10336K [0x0000000088a00000, 0x000000008c980000, 0x00000000d8380000)
  object space 65024K, 15% used [0x0000000088a00000,0x00000000894181f0,0x000000008c980000)
 Metaspace       used 27597K, capacity 28172K, committed 28336K, reserved 1075200K
  class space    used 3321K, capacity 3479K, committed 3504K, reserved 1048576K
Event: 1.809 GC heap after
Heap after GC invocations=5 (full 1):
 PSYoungGen      total 66560K, used 5091K [0x00000000d8380000, 0x00000000de300000, 0x0000000100000000)
  eden space 61440K, 0% used [0x00000000d8380000,0x00000000d8380000,0x00000000dbf80000)
  from space 5120K, 99% used [0x00000000dc480000,0x00000000dc978c80,0x00000000dc980000)
  to   space 5120K, 0% used [0x00000000dbf80000,0x00000000dbf80000,0x00000000dc480000)
 ParOldGen       total 65024K, used 19172K [0x0000000088a00000, 0x000000008c980000, 0x00000000d8380000)
  object space 65024K, 29% used [0x0000000088a00000,0x0000000089cb92a0,0x000000008c980000)
 Metaspace       used 27597K, capacity 28172K, committed 28336K, reserved 1075200K
  class space    used 3321K, capacity 3479K, committed 3504K, reserved 1048576K
}

