# JRE version: OpenJDK Runtime Environment (8.0_242-b01) (build 1.8.0_242-release-1644-b01)
# Java VM: OpenJDK 64-Bit Server VM (25.242-b01 mixed mode windows-amd64 compressed oops)
Heap:
 PSYoungGen      total 403968K, used 143749K [0x00000000d5580000, 0x00000000f3180000, 0x0000000100000000)
  eden space 374272K, 30% used [0x00000000d5580000,0x00000000dc631e18,0x00000000ec300000)
  from space 29696K, 95% used [0x00000000ec300000,0x00000000edeaf7b0,0x00000000ee000000)
  to   space 33792K, 0% used [0x00000000f1080000,0x00000000f1080000,0x00000000f3180000)
 ParOldGen       total 138240K, used 66420K [0x0000000080000000, 0x0000000088700000, 0x00000000d5580000)
  object space 138240K, 48% used [0x0000000080000000,0x00000000840dd178,0x0000000088700000)
 Metaspace       used 90471K, capacity 95188K, committed 95232K, reserved 1132544K
  class space    used 12159K, capacity 13042K, committed 13056K, reserved 1048576K
GC Heap History (10 events):
Event: 8.319 GC heap before
{Heap before GC invocations=10 (full 2):
 PSYoungGen      total 254464K, used 239616K [0x00000000d5580000, 0x00000000ec380000, 0x0000000100000000)
  eden space 239616K, 100% used [0x00000000d5580000,0x00000000e3f80000,0x00000000e3f80000)
  from space 14848K, 0% used [0x00000000e3f80000,0x00000000e3f80000,0x00000000e4e00000)
  to   space 14336K, 0% used [0x00000000eb580000,0x00000000eb580000,0x00000000ec380000)
 ParOldGen       total 86016K, used 15502K [0x0000000080000000, 0x0000000085400000, 0x00000000d5580000)
  object space 86016K, 18% used [0x0000000080000000,0x0000000080f23b58,0x0000000085400000)
 Metaspace       used 46319K, capacity 48152K, committed 48384K, reserved 1091584K
  class space    used 6268K, capacity 6616K, committed 6656K, reserved 1048576K
Event: 8.371 GC heap after
Heap after GC invocations=10 (full 2):
 PSYoungGen      total 332800K, used 14328K [0x00000000d5580000, 0x00000000ec380000, 0x0000000100000000)
  eden space 318464K, 0% used [0x00000000d5580000,0x00000000d5580000,0x00000000e8c80000)
  from space 14336K, 99% used [0x00000000eb580000,0x00000000ec37e010,0x00000000ec380000)
  to   space 17920K, 0% used [0x00000000ea080000,0x00000000ea080000,0x00000000eb200000)
 ParOldGen       total 86016K, used 19391K [0x0000000080000000, 0x0000000085400000, 0x00000000d5580000)
  object space 86016K, 22% used [0x0000000080000000,0x00000000812eff28,0x0000000085400000)
 Metaspace       used 46319K, capacity 48152K, committed 48384K, reserved 1091584K
  class space    used 6268K, capacity 6616K, committed 6656K, reserved 1048576K
}
Event: 10.557 GC heap before
{Heap before GC invocations=11 (full 2):
 PSYoungGen      total 332800K, used 146512K [0x00000000d5580000, 0x00000000ec380000, 0x0000000100000000)
  eden space 318464K, 41% used [0x00000000d5580000,0x00000000dd6963e0,0x00000000e8c80000)
  from space 14336K, 99% used [0x00000000eb580000,0x00000000ec37e010,0x00000000ec380000)
  to   space 17920K, 0% used [0x00000000ea080000,0x00000000ea080000,0x00000000eb200000)
 ParOldGen       total 86016K, used 19391K [0x0000000080000000, 0x0000000085400000, 0x00000000d5580000)
  object space 86016K, 22% used [0x0000000080000000,0x00000000812eff28,0x0000000085400000)
 Metaspace       used 56725K, capacity 58976K, committed 59028K, reserved 1099776K
  class space    used 7685K, capacity 8145K, committed 8192K, reserved 1048576K
Event: 10.627 GC heap after
Heap after GC invocations=11 (full 2):
 PSYoungGen      total 356864K, used 17910K [0x00000000d5580000, 0x00000000ef700000, 0x0000000100000000)
  eden space 338944K, 0% used [0x00000000d5580000,0x00000000d5580000,0x00000000ea080000)
  from space 17920K, 99% used [0x00000000ea080000,0x00000000eb1fd820,0x00000000eb200000)
  to   space 23552K, 0% used [0x00000000ee000000,0x00000000ee000000,0x00000000ef700000)
 ParOldGen       total 86016K, used 26508K [0x0000000080000000, 0x0000000085400000, 0x00000000d5580000)
  object space 86016K, 30% used [0x0000000080000000,0x00000000819e3118,0x0000000085400000)
 Metaspace       used 56725K, capacity 58976K, committed 59028K, reserved 1099776K
  class space    used 7685K, capacity 8145K, committed 8192K, reserved 1048576K
}
Event: 10.627 GC heap before
{Heap before GC invocations=12 (full 3):
 PSYoungGen      total 356864K, used 17910K [0x00000000d5580000, 0x00000000ef700000, 0x0000000100000000)
  eden space 338944K, 0% used [0x00000000d5580000,0x00000000d5580000,0x00000000ea080000)
  from space 17920K, 99% used [0x00000000ea080000,0x00000000eb1fd820,0x00000000eb200000)
  to   space 23552K, 0% used [0x00000000ee000000,0x00000000ee000000,0x00000000ef700000)
 ParOldGen       total 86016K, used 26508K [0x0000000080000000, 0x0000000085400000, 0x00000000d5580000)
  object space 86016K, 30% used [0x0000000080000000,0x00000000819e3118,0x0000000085400000)
 Metaspace       used 56725K, capacity 58976K, committed 59028K, reserved 1099776K
  class space    used 7685K, capacity 8145K, committed 8192K, reserved 1048576K
Event: 11.343 GC heap after
Heap after GC invocations=12 (full 3):
 PSYoungGen      total 356864K, used 0K [0x00000000d5580000, 0x00000000ef700000, 0x0000000100000000)
  eden space 338944K, 0% used [0x00000000d5580000,0x00000000d5580000,0x00000000ea080000)
  from space 17920K, 0% used [0x00000000ea080000,0x00000000ea080000,0x00000000eb200000)
  to   space 23552K, 0% used [0x00000000ee000000,0x00000000ee000000,0x00000000ef700000)
 ParOldGen       total 138240K, used 37704K [0x0000000080000000, 0x0000000088700000, 0x00000000d5580000)
  object space 138240K, 27% used [0x0000000080000000,0x00000000824d2278,0x0000000088700000)
 Metaspace       used 56721K, capacity 58964K, committed 59028K, reserved 1099776K
  class space    used 7683K, capacity 8143K, committed 8192K, reserved 1048576K
}
Event: 19.822 GC heap before
{Heap before GC invocations=13 (full 3):
 PSYoungGen      total 356864K, used 338944K [0x00000000d5580000, 0x00000000ef700000, 0x0000000100000000)
  eden space 338944K, 100% used [0x00000000d5580000,0x00000000ea080000,0x00000000ea080000)
  from space 17920K, 0% used [0x00000000ea080000,0x00000000ea080000,0x00000000eb200000)
  to   space 23552K, 0% used [0x00000000ee000000,0x00000000ee000000,0x00000000ef700000)
 ParOldGen       total 138240K, used 37704K [0x0000000080000000, 0x0000000088700000, 0x00000000d5580000)
  object space 138240K, 27% used [0x0000000080000000,0x00000000824d2278,0x0000000088700000)
 Metaspace       used 68632K, capacity 71746K, committed 72064K, reserved 1112064K
  class space    used 9386K, capacity 10005K, committed 10112K, reserved 1048576K
Event: 19.924 GC heap after
Heap after GC invocations=13 (full 3):
 PSYoungGen      total 397824K, used 23533K [0x00000000d5580000, 0x00000000f0c80000, 0x0000000100000000)
  eden space 374272K, 0% used [0x00000000d5580000,0x00000000d5580000,0x00000000ec300000)
  from space 23552K, 99% used [0x00000000ee000000,0x00000000ef6fb778,0x00000000ef700000)
  to   space 29696K, 0% used [0x00000000ec300000,0x00000000ec300000,0x00000000ee000000)
 ParOldGen       total 138240K, used 45124K [0x0000000080000000, 0x0000000088700000, 0x00000000d5580000)
  object space 138240K, 32% used [0x0000000080000000,0x0000000082c11208,0x0000000088700000)
 Metaspace       used 68632K, capacity 71746K, committed 72064K, reserved 1112064K
  class space    used 9386K, capacity 10005K, committed 10112K, reserved 1048576K
}
Event: 145.415 GC heap before
{Heap before GC invocations=14 (full 3):
 PSYoungGen      total 397824K, used 397805K [0x00000000d5580000, 0x00000000f0c80000, 0x0000000100000000)
  eden space 374272K, 100% used [0x00000000d5580000,0x00000000ec300000,0x00000000ec300000)
  from space 23552K, 99% used [0x00000000ee000000,0x00000000ef6fb778,0x00000000ef700000)
  to   space 29696K, 0% used [0x00000000ec300000,0x00000000ec300000,0x00000000ee000000)
 ParOldGen       total 138240K, used 45124K [0x0000000080000000, 0x0000000088700000, 0x00000000d5580000)
  object space 138240K, 32% used [0x0000000080000000,0x0000000082c11208,0x0000000088700000)
 Metaspace       used 89898K, capacity 94464K, committed 94720K, reserved 1130496K
  class space    used 12133K, capacity 12998K, committed 13056K, reserved 1048576K
Event: 145.483 GC heap after
Heap after GC invocations=14 (full 3):
 PSYoungGen      total 403968K, used 28349K [0x00000000d5580000, 0x00000000f3180000, 0x0000000100000000)
  eden space 374272K, 0% used [0x00000000d5580000,0x00000000d5580000,0x00000000ec300000)
  from space 29696K, 95% used [0x00000000ec300000,0x00000000edeaf7b0,0x00000000ee000000)
  to   space 33792K, 0% used [0x00000000f1080000,0x00000000f1080000,0x00000000f3180000)
 ParOldGen       total 138240K, used 66420K [0x0000000080000000, 0x0000000088700000, 0x00000000d5580000)
  object space 138240K, 48% used [0x0000000080000000,0x00000000840dd178,0x0000000088700000)
 Metaspace       used 89898K, capacity 94464K, committed 94720K, reserved 1130496K
  class space    used 12133K, capacity 12998K, committed 13056K, reserved 1048576K
}

