# JRE version: OpenJDK Runtime Environment (8.0_242-b01) (build 1.8.0_242-release-1644-b01)
# Java VM: OpenJDK 64-Bit Server VM (25.242-b01 mixed mode windows-amd64 compressed oops)
Heap:
 PSYoungGen      total 253952K, used 67552K [0x00000000d5580000, 0x00000000ec180000, 0x0000000100000000)
  eden space 239616K, 22% used [0x00000000d5580000,0x00000000d897bc88,0x00000000e3f80000)
  from space 14336K, 99% used [0x00000000eb380000,0x00000000ec17c4d8,0x00000000ec180000)
  to   space 14848K, 0% used [0x00000000e3f80000,0x00000000e3f80000,0x00000000e4e00000)
 ParOldGen       total 81408K, used 18482K [0x0000000080000000, 0x0000000084f80000, 0x00000000d5580000)
  object space 81408K, 22% used [0x0000000080000000,0x000000008120c888,0x0000000084f80000)
 Metaspace       used 51110K, capacity 53116K, committed 53336K, reserved 1095680K
  class space    used 6796K, capacity 7244K, committed 7296K, reserved 1048576K
GC Heap History (10 events):
Event: 2.212 GC heap before
{Heap before GC invocations=6 (full 1):
 PSYoungGen      total 128000K, used 5096K [0x00000000d5580000, 0x00000000e5c80000, 0x0000000100000000)
  eden space 122880K, 0% used [0x00000000d5580000,0x00000000d5580000,0x00000000dcd80000)
  from space 5120K, 99% used [0x00000000dcd80000,0x00000000dd27a050,0x00000000dd280000)
  to   space 11776K, 0% used [0x00000000e5100000,0x00000000e5100000,0x00000000e5c80000)
 ParOldGen       total 81920K, used 11173K [0x0000000080000000, 0x0000000085000000, 0x00000000d5580000)
  object space 81920K, 13% used [0x0000000080000000,0x0000000080ae9778,0x0000000085000000)
 Metaspace       used 20537K, capacity 21204K, committed 21248K, reserved 1067008K
  class space    used 2863K, capacity 3048K, committed 3072K, reserved 1048576K
Event: 2.252 GC heap after
Heap after GC invocations=6 (full 1):
 PSYoungGen      total 128000K, used 0K [0x00000000d5580000, 0x00000000e5c80000, 0x0000000100000000)
  eden space 122880K, 0% used [0x00000000d5580000,0x00000000d5580000,0x00000000dcd80000)
  from space 5120K, 0% used [0x00000000dcd80000,0x00000000dcd80000,0x00000000dd280000)
  to   space 11776K, 0% used [0x00000000e5100000,0x00000000e5100000,0x00000000e5c80000)
 ParOldGen       total 55296K, used 8160K [0x0000000080000000, 0x0000000083600000, 0x00000000d5580000)
  object space 55296K, 14% used [0x0000000080000000,0x00000000807f82c0,0x0000000083600000)
 Metaspace       used 20537K, capacity 21204K, committed 21248K, reserved 1067008K
  class space    used 2863K, capacity 3048K, committed 3072K, reserved 1048576K
}
Event: 3.438 GC heap before
{Heap before GC invocations=7 (full 1):
 PSYoungGen      total 128000K, used 122880K [0x00000000d5580000, 0x00000000e5c80000, 0x0000000100000000)
  eden space 122880K, 100% used [0x00000000d5580000,0x00000000dcd80000,0x00000000dcd80000)
  from space 5120K, 0% used [0x00000000dcd80000,0x00000000dcd80000,0x00000000dd280000)
  to   space 11776K, 0% used [0x00000000e5100000,0x00000000e5100000,0x00000000e5c80000)
 ParOldGen       total 55296K, used 8160K [0x0000000080000000, 0x0000000083600000, 0x00000000d5580000)
  object space 55296K, 14% used [0x0000000080000000,0x00000000807f82c0,0x0000000083600000)
 Metaspace       used 32680K, capacity 33718K, committed 33920K, reserved 1079296K
  class space    used 4447K, capacity 4722K, committed 4736K, reserved 1048576K
Event: 3.449 GC heap after
Heap after GC invocations=7 (full 1):
 PSYoungGen      total 215040K, used 11759K [0x00000000d5580000, 0x00000000e5c80000, 0x0000000100000000)
  eden space 203264K, 0% used [0x00000000d5580000,0x00000000d5580000,0x00000000e1c00000)
  from space 11776K, 99% used [0x00000000e5100000,0x00000000e5c7bdf0,0x00000000e5c80000)
  to   space 14848K, 0% used [0x00000000e3f80000,0x00000000e3f80000,0x00000000e4e00000)
 ParOldGen       total 55296K, used 10275K [0x0000000080000000, 0x0000000083600000, 0x00000000d5580000)
  object space 55296K, 18% used [0x0000000080000000,0x0000000080a08e58,0x0000000083600000)
 Metaspace       used 32680K, capacity 33718K, committed 33920K, reserved 1079296K
  class space    used 4447K, capacity 4722K, committed 4736K, reserved 1048576K
}
Event: 3.717 GC heap before
{Heap before GC invocations=8 (full 1):
 PSYoungGen      total 215040K, used 53687K [0x00000000d5580000, 0x00000000e5c80000, 0x0000000100000000)
  eden space 203264K, 20% used [0x00000000d5580000,0x00000000d7e72188,0x00000000e1c00000)
  from space 11776K, 99% used [0x00000000e5100000,0x00000000e5c7bdf0,0x00000000e5c80000)
  to   space 14848K, 0% used [0x00000000e3f80000,0x00000000e3f80000,0x00000000e4e00000)
 ParOldGen       total 55296K, used 10275K [0x0000000080000000, 0x0000000083600000, 0x00000000d5580000)
  object space 55296K, 18% used [0x0000000080000000,0x0000000080a08e58,0x0000000083600000)
 Metaspace       used 34238K, capacity 35398K, committed 35416K, reserved 1079296K
  class space    used 4704K, capacity 4974K, committed 4992K, reserved 1048576K
Event: 3.734 GC heap after
Heap after GC invocations=8 (full 1):
 PSYoungGen      total 254464K, used 8789K [0x00000000d5580000, 0x00000000ec180000, 0x0000000100000000)
  eden space 239616K, 0% used [0x00000000d5580000,0x00000000d5580000,0x00000000e3f80000)
  from space 14848K, 59% used [0x00000000e3f80000,0x00000000e4815670,0x00000000e4e00000)
  to   space 14336K, 0% used [0x00000000eb380000,0x00000000eb380000,0x00000000ec180000)
 ParOldGen       total 55296K, used 10283K [0x0000000080000000, 0x0000000083600000, 0x00000000d5580000)
  object space 55296K, 18% used [0x0000000080000000,0x0000000080a0ae58,0x0000000083600000)
 Metaspace       used 34238K, capacity 35398K, committed 35416K, reserved 1079296K
  class space    used 4704K, capacity 4974K, committed 4992K, reserved 1048576K
}
Event: 3.734 GC heap before
{Heap before GC invocations=9 (full 2):
 PSYoungGen      total 254464K, used 8789K [0x00000000d5580000, 0x00000000ec180000, 0x0000000100000000)
  eden space 239616K, 0% used [0x00000000d5580000,0x00000000d5580000,0x00000000e3f80000)
  from space 14848K, 59% used [0x00000000e3f80000,0x00000000e4815670,0x00000000e4e00000)
  to   space 14336K, 0% used [0x00000000eb380000,0x00000000eb380000,0x00000000ec180000)
 ParOldGen       total 55296K, used 10283K [0x0000000080000000, 0x0000000083600000, 0x00000000d5580000)
  object space 55296K, 18% used [0x0000000080000000,0x0000000080a0ae58,0x0000000083600000)
 Metaspace       used 34238K, capacity 35398K, committed 35416K, reserved 1079296K
  class space    used 4704K, capacity 4974K, committed 4992K, reserved 1048576K
Event: 3.827 GC heap after
Heap after GC invocations=9 (full 2):
 PSYoungGen      total 254464K, used 0K [0x00000000d5580000, 0x00000000ec180000, 0x0000000100000000)
  eden space 239616K, 0% used [0x00000000d5580000,0x00000000d5580000,0x00000000e3f80000)
  from space 14848K, 0% used [0x00000000e3f80000,0x00000000e3f80000,0x00000000e4e00000)
  to   space 14336K, 0% used [0x00000000eb380000,0x00000000eb380000,0x00000000ec180000)
 ParOldGen       total 81408K, used 15398K [0x0000000080000000, 0x0000000084f80000, 0x00000000d5580000)
  object space 81408K, 18% used [0x0000000080000000,0x0000000080f09960,0x0000000084f80000)
 Metaspace       used 34238K, capacity 35398K, committed 35416K, reserved 1079296K
  class space    used 4704K, capacity 4974K, committed 4992K, reserved 1048576K
}
Event: 6.051 GC heap before
{Heap before GC invocations=10 (full 2):
 PSYoungGen      total 254464K, used 239616K [0x00000000d5580000, 0x00000000ec180000, 0x0000000100000000)
  eden space 239616K, 100% used [0x00000000d5580000,0x00000000e3f80000,0x00000000e3f80000)
  from space 14848K, 0% used [0x00000000e3f80000,0x00000000e3f80000,0x00000000e4e00000)
  to   space 14336K, 0% used [0x00000000eb380000,0x00000000eb380000,0x00000000ec180000)
 ParOldGen       total 81408K, used 15398K [0x0000000080000000, 0x0000000084f80000, 0x00000000d5580000)
  object space 81408K, 18% used [0x0000000080000000,0x0000000080f09960,0x0000000084f80000)
 Metaspace       used 45644K, capacity 47456K, committed 47704K, reserved 1091584K
  class space    used 6158K, capacity 6514K, committed 6528K, reserved 1048576K
Event: 6.076 GC heap after
Heap after GC invocations=10 (full 2):
 PSYoungGen      total 253952K, used 14321K [0x00000000d5580000, 0x00000000ec180000, 0x0000000100000000)
  eden space 239616K, 0% used [0x00000000d5580000,0x00000000d5580000,0x00000000e3f80000)
  from space 14336K, 99% used [0x00000000eb380000,0x00000000ec17c4d8,0x00000000ec180000)
  to   space 14848K, 0% used [0x00000000e3f80000,0x00000000e3f80000,0x00000000e4e00000)
 ParOldGen       total 81408K, used 18482K [0x0000000080000000, 0x0000000084f80000, 0x00000000d5580000)
  object space 81408K, 22% used [0x0000000080000000,0x000000008120c888,0x0000000084f80000)
 Metaspace       used 45644K, capacity 47456K, committed 47704K, reserved 1091584K
  class space    used 6158K, capacity 6514K, committed 6528K, reserved 1048576K
}

