# JRE version: OpenJDK Runtime Environment (8.0_242-b01) (build 1.8.0_242-release-1644-b01)
# Java VM: OpenJDK 64-Bit Server VM (25.242-b01 mixed mode windows-amd64 compressed oops)
Heap:
 PSYoungGen      total 484352K, used 223960K [0x00000000d5580000, 0x00000000fab80000, 0x0000000100000000)
  eden space 452608K, 43% used [0x00000000d5580000,0x00000000e168ebb0,0x00000000f0f80000)
  from space 31744K, 82% used [0x00000000f0f80000,0x00000000f2927680,0x00000000f2e80000)
  to   space 34304K, 0% used [0x00000000f8a00000,0x00000000f8a00000,0x00000000fab80000)
 ParOldGen       total 119808K, used 69927K [0x0000000080000000, 0x0000000087500000, 0x00000000d5580000)
  object space 119808K, 58% used [0x0000000080000000,0x0000000084449ca8,0x0000000087500000)
 Metaspace       used 90785K, capacity 95696K, committed 95872K, reserved 1132544K
  class space    used 12189K, capacity 13106K, committed 13184K, reserved 1048576K
GC Heap History (10 events):
Event: 4.825 GC heap before
{Heap before GC invocations=10 (full 2):
 PSYoungGen      total 253952K, used 238592K [0x00000000d5580000, 0x00000000ed500000, 0x0000000100000000)
  eden space 238592K, 100% used [0x00000000d5580000,0x00000000e3e80000,0x00000000e3e80000)
  from space 15360K, 0% used [0x00000000e3e80000,0x00000000e3e80000,0x00000000e4d80000)
  to   space 14336K, 0% used [0x00000000ec700000,0x00000000ec700000,0x00000000ed500000)
 ParOldGen       total 77312K, used 15440K [0x0000000080000000, 0x0000000084b80000, 0x00000000d5580000)
  object space 77312K, 19% used [0x0000000080000000,0x0000000080f142a0,0x0000000084b80000)
 Metaspace       used 45523K, capacity 47336K, committed 47488K, reserved 1089536K
  class space    used 6138K, capacity 6480K, committed 6528K, reserved 1048576K
Event: 4.841 GC heap after
Heap after GC invocations=10 (full 2):
 PSYoungGen      total 373760K, used 14325K [0x00000000d5580000, 0x00000000ee000000, 0x0000000100000000)
  eden space 359424K, 0% used [0x00000000d5580000,0x00000000d5580000,0x00000000eb480000)
  from space 14336K, 99% used [0x00000000ec700000,0x00000000ed4fd6e0,0x00000000ed500000)
  to   space 18944K, 0% used [0x00000000eb480000,0x00000000eb480000,0x00000000ec700000)
 ParOldGen       total 77312K, used 20764K [0x0000000080000000, 0x0000000084b80000, 0x00000000d5580000)
  object space 77312K, 26% used [0x0000000080000000,0x00000000814471e8,0x0000000084b80000)
 Metaspace       used 45523K, capacity 47336K, committed 47488K, reserved 1089536K
  class space    used 6138K, capacity 6480K, committed 6528K, reserved 1048576K
}
Event: 6.110 GC heap before
{Heap before GC invocations=11 (full 2):
 PSYoungGen      total 373760K, used 156569K [0x00000000d5580000, 0x00000000ee000000, 0x0000000100000000)
  eden space 359424K, 39% used [0x00000000d5580000,0x00000000de069108,0x00000000eb480000)
  from space 14336K, 99% used [0x00000000ec700000,0x00000000ed4fd6e0,0x00000000ed500000)
  to   space 18944K, 0% used [0x00000000eb480000,0x00000000eb480000,0x00000000ec700000)
 ParOldGen       total 77312K, used 20764K [0x0000000080000000, 0x0000000084b80000, 0x00000000d5580000)
  object space 77312K, 26% used [0x0000000080000000,0x00000000814471e8,0x0000000084b80000)
 Metaspace       used 56667K, capacity 58888K, committed 59028K, reserved 1099776K
  class space    used 7664K, capacity 8115K, committed 8192K, reserved 1048576K
Event: 6.136 GC heap after
Heap after GC invocations=11 (full 2):
 PSYoungGen      total 378368K, used 18924K [0x00000000d5580000, 0x00000000f4d80000, 0x0000000100000000)
  eden space 359424K, 0% used [0x00000000d5580000,0x00000000d5580000,0x00000000eb480000)
  from space 18944K, 99% used [0x00000000eb480000,0x00000000ec6fb018,0x00000000ec700000)
  to   space 24064K, 0% used [0x00000000f3600000,0x00000000f3600000,0x00000000f4d80000)
 ParOldGen       total 77312K, used 26834K [0x0000000080000000, 0x0000000084b80000, 0x00000000d5580000)
  object space 77312K, 34% used [0x0000000080000000,0x0000000081a34a10,0x0000000084b80000)
 Metaspace       used 56667K, capacity 58888K, committed 59028K, reserved 1099776K
  class space    used 7664K, capacity 8115K, committed 8192K, reserved 1048576K
}
Event: 6.136 GC heap before
{Heap before GC invocations=12 (full 3):
 PSYoungGen      total 378368K, used 18924K [0x00000000d5580000, 0x00000000f4d80000, 0x0000000100000000)
  eden space 359424K, 0% used [0x00000000d5580000,0x00000000d5580000,0x00000000eb480000)
  from space 18944K, 99% used [0x00000000eb480000,0x00000000ec6fb018,0x00000000ec700000)
  to   space 24064K, 0% used [0x00000000f3600000,0x00000000f3600000,0x00000000f4d80000)
 ParOldGen       total 77312K, used 26834K [0x0000000080000000, 0x0000000084b80000, 0x00000000d5580000)
  object space 77312K, 34% used [0x0000000080000000,0x0000000081a34a10,0x0000000084b80000)
 Metaspace       used 56667K, capacity 58888K, committed 59028K, reserved 1099776K
  class space    used 7664K, capacity 8115K, committed 8192K, reserved 1048576K
Event: 6.293 GC heap after
Heap after GC invocations=12 (full 3):
 PSYoungGen      total 378368K, used 0K [0x00000000d5580000, 0x00000000f4d80000, 0x0000000100000000)
  eden space 359424K, 0% used [0x00000000d5580000,0x00000000d5580000,0x00000000eb480000)
  from space 18944K, 0% used [0x00000000eb480000,0x00000000eb480000,0x00000000ec700000)
  to   space 24064K, 0% used [0x00000000f3600000,0x00000000f3600000,0x00000000f4d80000)
 ParOldGen       total 119808K, used 37688K [0x0000000080000000, 0x0000000087500000, 0x00000000d5580000)
  object space 119808K, 31% used [0x0000000080000000,0x00000000824ce050,0x0000000087500000)
 Metaspace       used 56658K, capacity 58858K, committed 59028K, reserved 1099776K
  class space    used 7661K, capacity 8110K, committed 8192K, reserved 1048576K
}
Event: 9.759 GC heap before
{Heap before GC invocations=13 (full 3):
 PSYoungGen      total 378368K, used 359424K [0x00000000d5580000, 0x00000000f4d80000, 0x0000000100000000)
  eden space 359424K, 100% used [0x00000000d5580000,0x00000000eb480000,0x00000000eb480000)
  from space 18944K, 0% used [0x00000000eb480000,0x00000000eb480000,0x00000000ec700000)
  to   space 24064K, 0% used [0x00000000f3600000,0x00000000f3600000,0x00000000f4d80000)
 ParOldGen       total 119808K, used 37688K [0x0000000080000000, 0x0000000087500000, 0x00000000d5580000)
  object space 119808K, 31% used [0x0000000080000000,0x00000000824ce050,0x0000000087500000)
 Metaspace       used 71812K, capacity 74926K, committed 75264K, reserved 1114112K
  class space    used 9789K, capacity 10399K, committed 10496K, reserved 1048576K
Event: 9.796 GC heap after
Heap after GC invocations=13 (full 3):
 PSYoungGen      total 473600K, used 24062K [0x00000000d5580000, 0x00000000f4d80000, 0x0000000100000000)
  eden space 449536K, 0% used [0x00000000d5580000,0x00000000d5580000,0x00000000f0c80000)
  from space 24064K, 99% used [0x00000000f3600000,0x00000000f4d7f8d8,0x00000000f4d80000)
  to   space 31744K, 0% used [0x00000000f0f80000,0x00000000f0f80000,0x00000000f2e80000)
 ParOldGen       total 119808K, used 48327K [0x0000000080000000, 0x0000000087500000, 0x00000000d5580000)
  object space 119808K, 40% used [0x0000000080000000,0x0000000082f31e18,0x0000000087500000)
 Metaspace       used 71812K, capacity 74926K, committed 75264K, reserved 1114112K
  class space    used 9789K, capacity 10399K, committed 10496K, reserved 1048576K
}
Event: 131.935 GC heap before
{Heap before GC invocations=14 (full 3):
 PSYoungGen      total 473600K, used 473598K [0x00000000d5580000, 0x00000000f4d80000, 0x0000000100000000)
  eden space 449536K, 100% used [0x00000000d5580000,0x00000000f0c80000,0x00000000f0c80000)
  from space 24064K, 99% used [0x00000000f3600000,0x00000000f4d7f8d8,0x00000000f4d80000)
  to   space 31744K, 0% used [0x00000000f0f80000,0x00000000f0f80000,0x00000000f2e80000)
 ParOldGen       total 119808K, used 48327K [0x0000000080000000, 0x0000000087500000, 0x00000000d5580000)
  object space 119808K, 40% used [0x0000000080000000,0x0000000082f31e18,0x0000000087500000)
 Metaspace       used 81757K, capacity 85598K, committed 85760K, reserved 1124352K
  class space    used 10933K, capacity 11651K, committed 11776K, reserved 1048576K
Event: 131.971 GC heap after
Heap after GC invocations=14 (full 3):
 PSYoungGen      total 484352K, used 26269K [0x00000000d5580000, 0x00000000fab80000, 0x0000000100000000)
  eden space 452608K, 0% used [0x00000000d5580000,0x00000000d5580000,0x00000000f0f80000)
  from space 31744K, 82% used [0x00000000f0f80000,0x00000000f2927680,0x00000000f2e80000)
  to   space 34304K, 0% used [0x00000000f8a00000,0x00000000f8a00000,0x00000000fab80000)
 ParOldGen       total 119808K, used 69927K [0x0000000080000000, 0x0000000087500000, 0x00000000d5580000)
  object space 119808K, 58% used [0x0000000080000000,0x0000000084449ca8,0x0000000087500000)
 Metaspace       used 81757K, capacity 85598K, committed 85760K, reserved 1124352K
  class space    used 10933K, capacity 11651K, committed 11776K, reserved 1048576K
}

