# JRE version: OpenJDK Runtime Environment (8.0_242-b01) (build 1.8.0_242-release-1644-b01)
# Java VM: OpenJDK 64-Bit Server VM (25.242-b01 mixed mode windows-amd64 compressed oops)
Heap:
 PSYoungGen      total 254464K, used 12845K [0x00000000d5580000, 0x00000000e8d80000, 0x0000000100000000)
  eden space 239616K, 5% used [0x00000000d5580000,0x00000000d620b5d8,0x00000000e3f80000)
  from space 14848K, 0% used [0x00000000e7f00000,0x00000000e7f00000,0x00000000e8d80000)
  to   space 14848K, 0% used [0x00000000e3f80000,0x00000000e3f80000,0x00000000e4e00000)
 ParOldGen       total 59904K, used 18366K [0x0000000080000000, 0x0000000083a80000, 0x00000000d5580000)
  object space 59904K, 30% used [0x0000000080000000,0x00000000811efab8,0x0000000083a80000)
 Metaspace       used 36965K, capacity 38506K, committed 38744K, reserved 1083392K
  class space    used 5076K, capacity 5384K, committed 5504K, reserved 1048576K
GC Heap History (10 events):
Event: 2.688 GC heap before
{Heap before GC invocations=7 (full 1):
 PSYoungGen      total 128000K, used 122880K [0x00000000d5580000, 0x00000000e5c80000, 0x0000000100000000)
  eden space 122880K, 100% used [0x00000000d5580000,0x00000000dcd80000,0x00000000dcd80000)
  from space 5120K, 0% used [0x00000000dcd80000,0x00000000dcd80000,0x00000000dd280000)
  to   space 11776K, 0% used [0x00000000e5100000,0x00000000e5100000,0x00000000e5c80000)
 ParOldGen       total 59904K, used 8173K [0x0000000080000000, 0x0000000083a80000, 0x00000000d5580000)
  object space 59904K, 13% used [0x0000000080000000,0x00000000807fb760,0x0000000083a80000)
 Metaspace       used 32652K, capacity 33712K, committed 33920K, reserved 1079296K
  class space    used 4446K, capacity 4721K, committed 4736K, reserved 1048576K
Event: 2.699 GC heap after
Heap after GC invocations=7 (full 1):
 PSYoungGen      total 194560K, used 11763K [0x00000000d5580000, 0x00000000e5c80000, 0x0000000100000000)
  eden space 182784K, 0% used [0x00000000d5580000,0x00000000d5580000,0x00000000e0800000)
  from space 11776K, 99% used [0x00000000e5100000,0x00000000e5c7ce18,0x00000000e5c80000)
  to   space 14848K, 0% used [0x00000000e3f80000,0x00000000e3f80000,0x00000000e4e00000)
 ParOldGen       total 59904K, used 10236K [0x0000000080000000, 0x0000000083a80000, 0x00000000d5580000)
  object space 59904K, 17% used [0x0000000080000000,0x00000000809ff3e8,0x0000000083a80000)
 Metaspace       used 32652K, capacity 33712K, committed 33920K, reserved 1079296K
  class space    used 4446K, capacity 4721K, committed 4736K, reserved 1048576K
}
Event: 2.900 GC heap before
{Heap before GC invocations=8 (full 1):
 PSYoungGen      total 194560K, used 55480K [0x00000000d5580000, 0x00000000e5c80000, 0x0000000100000000)
  eden space 182784K, 23% used [0x00000000d5580000,0x00000000d80315a8,0x00000000e0800000)
  from space 11776K, 99% used [0x00000000e5100000,0x00000000e5c7ce18,0x00000000e5c80000)
  to   space 14848K, 0% used [0x00000000e3f80000,0x00000000e3f80000,0x00000000e4e00000)
 ParOldGen       total 59904K, used 10236K [0x0000000080000000, 0x0000000083a80000, 0x00000000d5580000)
  object space 59904K, 17% used [0x0000000080000000,0x00000000809ff3e8,0x0000000083a80000)
 Metaspace       used 34249K, capacity 35398K, committed 35416K, reserved 1079296K
  class space    used 4711K, capacity 4974K, committed 4992K, reserved 1048576K
Event: 2.930 GC heap after
Heap after GC invocations=8 (full 1):
 PSYoungGen      total 254464K, used 8952K [0x00000000d5580000, 0x00000000e8d80000, 0x0000000100000000)
  eden space 239616K, 0% used [0x00000000d5580000,0x00000000d5580000,0x00000000e3f80000)
  from space 14848K, 60% used [0x00000000e3f80000,0x00000000e483e310,0x00000000e4e00000)
  to   space 14848K, 0% used [0x00000000e7f00000,0x00000000e7f00000,0x00000000e8d80000)
 ParOldGen       total 59904K, used 10244K [0x0000000080000000, 0x0000000083a80000, 0x00000000d5580000)
  object space 59904K, 17% used [0x0000000080000000,0x0000000080a013e8,0x0000000083a80000)
 Metaspace       used 34249K, capacity 35398K, committed 35416K, reserved 1079296K
  class space    used 4711K, capacity 4974K, committed 4992K, reserved 1048576K
}
Event: 2.930 GC heap before
{Heap before GC invocations=9 (full 2):
 PSYoungGen      total 254464K, used 8952K [0x00000000d5580000, 0x00000000e8d80000, 0x0000000100000000)
  eden space 239616K, 0% used [0x00000000d5580000,0x00000000d5580000,0x00000000e3f80000)
  from space 14848K, 60% used [0x00000000e3f80000,0x00000000e483e310,0x00000000e4e00000)
  to   space 14848K, 0% used [0x00000000e7f00000,0x00000000e7f00000,0x00000000e8d80000)
 ParOldGen       total 59904K, used 10244K [0x0000000080000000, 0x0000000083a80000, 0x00000000d5580000)
  object space 59904K, 17% used [0x0000000080000000,0x0000000080a013e8,0x0000000083a80000)
 Metaspace       used 34249K, capacity 35398K, committed 35416K, reserved 1079296K
  class space    used 4711K, capacity 4974K, committed 4992K, reserved 1048576K
Event: 2.999 GC heap after
Heap after GC invocations=9 (full 2):
 PSYoungGen      total 254464K, used 0K [0x00000000d5580000, 0x00000000e8d80000, 0x0000000100000000)
  eden space 239616K, 0% used [0x00000000d5580000,0x00000000d5580000,0x00000000e3f80000)
  from space 14848K, 0% used [0x00000000e3f80000,0x00000000e3f80000,0x00000000e4e00000)
  to   space 14848K, 0% used [0x00000000e7f00000,0x00000000e7f00000,0x00000000e8d80000)
 ParOldGen       total 59904K, used 15510K [0x0000000080000000, 0x0000000083a80000, 0x00000000d5580000)
  object space 59904K, 25% used [0x0000000080000000,0x0000000080f259f8,0x0000000083a80000)
 Metaspace       used 34249K, capacity 35398K, committed 35416K, reserved 1079296K
  class space    used 4711K, capacity 4974K, committed 4992K, reserved 1048576K
}
Event: 3.474 GC heap before
{Heap before GC invocations=10 (full 2):
 PSYoungGen      total 254464K, used 146290K [0x00000000d5580000, 0x00000000e8d80000, 0x0000000100000000)
  eden space 239616K, 61% used [0x00000000d5580000,0x00000000de45c950,0x00000000e3f80000)
  from space 14848K, 0% used [0x00000000e3f80000,0x00000000e3f80000,0x00000000e4e00000)
  to   space 14848K, 0% used [0x00000000e7f00000,0x00000000e7f00000,0x00000000e8d80000)
 ParOldGen       total 59904K, used 15510K [0x0000000080000000, 0x0000000083a80000, 0x00000000d5580000)
  object space 59904K, 25% used [0x0000000080000000,0x0000000080f259f8,0x0000000083a80000)
 Metaspace       used 36533K, capacity 38024K, committed 38104K, reserved 1085440K
  class space    used 5006K, capacity 5298K, committed 5376K, reserved 1048576K
Event: 3.482 GC heap after
Heap after GC invocations=10 (full 2):
 PSYoungGen      total 254464K, used 5263K [0x00000000d5580000, 0x00000000e8d80000, 0x0000000100000000)
  eden space 239616K, 0% used [0x00000000d5580000,0x00000000d5580000,0x00000000e3f80000)
  from space 14848K, 35% used [0x00000000e7f00000,0x00000000e8423c10,0x00000000e8d80000)
  to   space 14848K, 0% used [0x00000000e3f80000,0x00000000e3f80000,0x00000000e4e00000)
 ParOldGen       total 59904K, used 15518K [0x0000000080000000, 0x0000000083a80000, 0x00000000d5580000)
  object space 59904K, 25% used [0x0000000080000000,0x0000000080f279f8,0x0000000083a80000)
 Metaspace       used 36533K, capacity 38024K, committed 38104K, reserved 1085440K
  class space    used 5006K, capacity 5298K, committed 5376K, reserved 1048576K
}
Event: 3.482 GC heap before
{Heap before GC invocations=11 (full 3):
 PSYoungGen      total 254464K, used 5263K [0x00000000d5580000, 0x00000000e8d80000, 0x0000000100000000)
  eden space 239616K, 0% used [0x00000000d5580000,0x00000000d5580000,0x00000000e3f80000)
  from space 14848K, 35% used [0x00000000e7f00000,0x00000000e8423c10,0x00000000e8d80000)
  to   space 14848K, 0% used [0x00000000e3f80000,0x00000000e3f80000,0x00000000e4e00000)
 ParOldGen       total 59904K, used 15518K [0x0000000080000000, 0x0000000083a80000, 0x00000000d5580000)
  object space 59904K, 25% used [0x0000000080000000,0x0000000080f279f8,0x0000000083a80000)
 Metaspace       used 36533K, capacity 38024K, committed 38104K, reserved 1085440K
  class space    used 5006K, capacity 5298K, committed 5376K, reserved 1048576K
Event: 3.613 GC heap after
Heap after GC invocations=11 (full 3):
 PSYoungGen      total 254464K, used 0K [0x00000000d5580000, 0x00000000e8d80000, 0x0000000100000000)
  eden space 239616K, 0% used [0x00000000d5580000,0x00000000d5580000,0x00000000e3f80000)
  from space 14848K, 0% used [0x00000000e7f00000,0x00000000e7f00000,0x00000000e8d80000)
  to   space 14848K, 0% used [0x00000000e3f80000,0x00000000e3f80000,0x00000000e4e00000)
 ParOldGen       total 59904K, used 18366K [0x0000000080000000, 0x0000000083a80000, 0x00000000d5580000)
  object space 59904K, 30% used [0x0000000080000000,0x00000000811efab8,0x0000000083a80000)
 Metaspace       used 36528K, capacity 38006K, committed 38104K, reserved 1083392K
  class space    used 5004K, capacity 5295K, committed 5376K, reserved 1048576K
}

