# JRE version: OpenJDK Runtime Environment (8.0_242-b01) (build 1.8.0_242-release-1644-b01)
# Java VM: OpenJDK 64-Bit Server VM (25.242-b01 mixed mode windows-amd64 compressed oops)
Heap:
 PSYoungGen      total 237056K, used 133132K [0x00000000d5580000, 0x00000000e5c80000, 0x0000000100000000)
  eden space 222208K, 59% used [0x00000000d5580000,0x00000000dd783128,0x00000000e2e80000)
  from space 14848K, 0% used [0x00000000e3f80000,0x00000000e3f80000,0x00000000e4e00000)
  to   space 11776K, 0% used [0x00000000e5100000,0x00000000e5100000,0x00000000e5c80000)
 ParOldGen       total 70656K, used 15520K [0x0000000080000000, 0x0000000084500000, 0x00000000d5580000)
  object space 70656K, 21% used [0x0000000080000000,0x0000000080f280d8,0x0000000084500000)
 Metaspace       used 36398K, capacity 37852K, committed 38104K, reserved 1081344K
  class space    used 4985K, capacity 5289K, committed 5376K, reserved 1048576K
GC Heap History (10 events):
Event: 1.925 GC heap before
{Heap before GC invocations=5 (full 0):
 PSYoungGen      total 128000K, used 24069K [0x00000000d5580000, 0x00000000dd780000, 0x0000000100000000)
  eden space 122880K, 15% used [0x00000000d5580000,0x00000000d6807490,0x00000000dcd80000)
  from space 5120K, 99% used [0x00000000dd280000,0x00000000dd77a040,0x00000000dd780000)
  to   space 5120K, 0% used [0x00000000dcd80000,0x00000000dcd80000,0x00000000dd280000)
 ParOldGen       total 81920K, used 9458K [0x0000000080000000, 0x0000000085000000, 0x00000000d5580000)
  object space 81920K, 11% used [0x0000000080000000,0x000000008093c8e0,0x0000000085000000)
 Metaspace       used 20455K, capacity 21204K, committed 21248K, reserved 1067008K
  class space    used 2844K, capacity 3048K, committed 3072K, reserved 1048576K
Event: 1.930 GC heap after
Heap after GC invocations=5 (full 0):
 PSYoungGen      total 128000K, used 5100K [0x00000000d5580000, 0x00000000e5c80000, 0x0000000100000000)
  eden space 122880K, 0% used [0x00000000d5580000,0x00000000d5580000,0x00000000dcd80000)
  from space 5120K, 99% used [0x00000000dcd80000,0x00000000dd27b070,0x00000000dd280000)
  to   space 11776K, 0% used [0x00000000e5100000,0x00000000e5100000,0x00000000e5c80000)
 ParOldGen       total 81920K, used 10973K [0x0000000080000000, 0x0000000085000000, 0x00000000d5580000)
  object space 81920K, 13% used [0x0000000080000000,0x0000000080ab76c0,0x0000000085000000)
 Metaspace       used 20455K, capacity 21204K, committed 21248K, reserved 1067008K
  class space    used 2844K, capacity 3048K, committed 3072K, reserved 1048576K
}
Event: 1.930 GC heap before
{Heap before GC invocations=6 (full 1):
 PSYoungGen      total 128000K, used 5100K [0x00000000d5580000, 0x00000000e5c80000, 0x0000000100000000)
  eden space 122880K, 0% used [0x00000000d5580000,0x00000000d5580000,0x00000000dcd80000)
  from space 5120K, 99% used [0x00000000dcd80000,0x00000000dd27b070,0x00000000dd280000)
  to   space 11776K, 0% used [0x00000000e5100000,0x00000000e5100000,0x00000000e5c80000)
 ParOldGen       total 81920K, used 10973K [0x0000000080000000, 0x0000000085000000, 0x00000000d5580000)
  object space 81920K, 13% used [0x0000000080000000,0x0000000080ab76c0,0x0000000085000000)
 Metaspace       used 20455K, capacity 21204K, committed 21248K, reserved 1067008K
  class space    used 2844K, capacity 3048K, committed 3072K, reserved 1048576K
Event: 1.962 GC heap after
Heap after GC invocations=6 (full 1):
 PSYoungGen      total 128000K, used 0K [0x00000000d5580000, 0x00000000e5c80000, 0x0000000100000000)
  eden space 122880K, 0% used [0x00000000d5580000,0x00000000d5580000,0x00000000dcd80000)
  from space 5120K, 0% used [0x00000000dcd80000,0x00000000dcd80000,0x00000000dd280000)
  to   space 11776K, 0% used [0x00000000e5100000,0x00000000e5100000,0x00000000e5c80000)
 ParOldGen       total 50176K, used 8047K [0x0000000080000000, 0x0000000083100000, 0x00000000d5580000)
  object space 50176K, 16% used [0x0000000080000000,0x00000000807dbdd8,0x0000000083100000)
 Metaspace       used 20455K, capacity 21204K, committed 21248K, reserved 1067008K
  class space    used 2844K, capacity 3048K, committed 3072K, reserved 1048576K
}
Event: 2.848 GC heap before
{Heap before GC invocations=7 (full 1):
 PSYoungGen      total 128000K, used 122880K [0x00000000d5580000, 0x00000000e5c80000, 0x0000000100000000)
  eden space 122880K, 100% used [0x00000000d5580000,0x00000000dcd80000,0x00000000dcd80000)
  from space 5120K, 0% used [0x00000000dcd80000,0x00000000dcd80000,0x00000000dd280000)
  to   space 11776K, 0% used [0x00000000e5100000,0x00000000e5100000,0x00000000e5c80000)
 ParOldGen       total 50176K, used 8047K [0x0000000080000000, 0x0000000083100000, 0x00000000d5580000)
  object space 50176K, 16% used [0x0000000080000000,0x00000000807dbdd8,0x0000000083100000)
 Metaspace       used 32635K, capacity 33718K, committed 33920K, reserved 1079296K
  class space    used 4444K, capacity 4722K, committed 4736K, reserved 1048576K
Event: 2.858 GC heap after
Heap after GC invocations=7 (full 1):
 PSYoungGen      total 233984K, used 11756K [0x00000000d5580000, 0x00000000e5c80000, 0x0000000100000000)
  eden space 222208K, 0% used [0x00000000d5580000,0x00000000d5580000,0x00000000e2e80000)
  from space 11776K, 99% used [0x00000000e5100000,0x00000000e5c7b3e0,0x00000000e5c80000)
  to   space 14848K, 0% used [0x00000000e3f80000,0x00000000e3f80000,0x00000000e4e00000)
 ParOldGen       total 50176K, used 9862K [0x0000000080000000, 0x0000000083100000, 0x00000000d5580000)
  object space 50176K, 19% used [0x0000000080000000,0x00000000809a1b60,0x0000000083100000)
 Metaspace       used 32635K, capacity 33718K, committed 33920K, reserved 1079296K
  class space    used 4444K, capacity 4722K, committed 4736K, reserved 1048576K
}
Event: 3.071 GC heap before
{Heap before GC invocations=8 (full 1):
 PSYoungGen      total 233984K, used 57554K [0x00000000d5580000, 0x00000000e5c80000, 0x0000000100000000)
  eden space 222208K, 20% used [0x00000000d5580000,0x00000000d8239740,0x00000000e2e80000)
  from space 11776K, 99% used [0x00000000e5100000,0x00000000e5c7b3e0,0x00000000e5c80000)
  to   space 14848K, 0% used [0x00000000e3f80000,0x00000000e3f80000,0x00000000e4e00000)
 ParOldGen       total 50176K, used 9862K [0x0000000080000000, 0x0000000083100000, 0x00000000d5580000)
  object space 50176K, 19% used [0x0000000080000000,0x00000000809a1b60,0x0000000083100000)
 Metaspace       used 34256K, capacity 35398K, committed 35416K, reserved 1079296K
  class space    used 4711K, capacity 4974K, committed 4992K, reserved 1048576K
Event: 3.092 GC heap after
Heap after GC invocations=8 (full 1):
 PSYoungGen      total 237056K, used 8902K [0x00000000d5580000, 0x00000000e5c80000, 0x0000000100000000)
  eden space 222208K, 0% used [0x00000000d5580000,0x00000000d5580000,0x00000000e2e80000)
  from space 14848K, 59% used [0x00000000e3f80000,0x00000000e4831920,0x00000000e4e00000)
  to   space 11776K, 0% used [0x00000000e5100000,0x00000000e5100000,0x00000000e5c80000)
 ParOldGen       total 50176K, used 9870K [0x0000000080000000, 0x0000000083100000, 0x00000000d5580000)
  object space 50176K, 19% used [0x0000000080000000,0x00000000809a3b60,0x0000000083100000)
 Metaspace       used 34256K, capacity 35398K, committed 35416K, reserved 1079296K
  class space    used 4711K, capacity 4974K, committed 4992K, reserved 1048576K
}
Event: 3.092 GC heap before
{Heap before GC invocations=9 (full 2):
 PSYoungGen      total 237056K, used 8902K [0x00000000d5580000, 0x00000000e5c80000, 0x0000000100000000)
  eden space 222208K, 0% used [0x00000000d5580000,0x00000000d5580000,0x00000000e2e80000)
  from space 14848K, 59% used [0x00000000e3f80000,0x00000000e4831920,0x00000000e4e00000)
  to   space 11776K, 0% used [0x00000000e5100000,0x00000000e5100000,0x00000000e5c80000)
 ParOldGen       total 50176K, used 9870K [0x0000000080000000, 0x0000000083100000, 0x00000000d5580000)
  object space 50176K, 19% used [0x0000000080000000,0x00000000809a3b60,0x0000000083100000)
 Metaspace       used 34256K, capacity 35398K, committed 35416K, reserved 1079296K
  class space    used 4711K, capacity 4974K, committed 4992K, reserved 1048576K
Event: 3.175 GC heap after
Heap after GC invocations=9 (full 2):
 PSYoungGen      total 237056K, used 0K [0x00000000d5580000, 0x00000000e5c80000, 0x0000000100000000)
  eden space 222208K, 0% used [0x00000000d5580000,0x00000000d5580000,0x00000000e2e80000)
  from space 14848K, 0% used [0x00000000e3f80000,0x00000000e3f80000,0x00000000e4e00000)
  to   space 11776K, 0% used [0x00000000e5100000,0x00000000e5100000,0x00000000e5c80000)
 ParOldGen       total 70656K, used 15520K [0x0000000080000000, 0x0000000084500000, 0x00000000d5580000)
  object space 70656K, 21% used [0x0000000080000000,0x0000000080f280d8,0x0000000084500000)
 Metaspace       used 34256K, capacity 35398K, committed 35416K, reserved 1079296K
  class space    used 4711K, capacity 4974K, committed 4992K, reserved 1048576K
}

