# JRE version: OpenJDK Runtime Environment (8.0_242-b01) (build 1.8.0_242-release-1644-b01)
# Java VM: OpenJDK 64-Bit Server VM (25.242-b01 mixed mode windows-amd64 compressed oops)
Heap:
 PSYoungGen      total 228864K, used 78122K [0x00000000d5580000, 0x00000000e5c80000, 0x0000000100000000)
  eden space 217088K, 30% used [0x00000000d5580000,0x00000000d964d548,0x00000000e2980000)
  from space 11776K, 99% used [0x00000000e5100000,0x00000000e5c7d3c8,0x00000000e5c80000)
  to   space 14848K, 0% used [0x00000000e3f80000,0x00000000e3f80000,0x00000000e4e00000)
 ParOldGen       total 75776K, used 19347K [0x0000000080000000, 0x0000000084a00000, 0x00000000d5580000)
  object space 75776K, 25% used [0x0000000080000000,0x00000000812e4c58,0x0000000084a00000)
 Metaspace       used 51309K, capacity 53298K, committed 53592K, reserved 1095680K
  class space    used 6819K, capacity 7245K, committed 7296K, reserved 1048576K
GC Heap History (10 events):
Event: 1.802 GC heap before
{Heap before GC invocations=6 (full 1):
 PSYoungGen      total 128000K, used 5112K [0x00000000d5580000, 0x00000000e5c80000, 0x0000000100000000)
  eden space 122880K, 0% used [0x00000000d5580000,0x00000000d5580000,0x00000000dcd80000)
  from space 5120K, 99% used [0x00000000dcd80000,0x00000000dd27e040,0x00000000dd280000)
  to   space 11776K, 0% used [0x00000000e5100000,0x00000000e5100000,0x00000000e5c80000)
 ParOldGen       total 81920K, used 11316K [0x0000000080000000, 0x0000000085000000, 0x00000000d5580000)
  object space 81920K, 13% used [0x0000000080000000,0x0000000080b0d080,0x0000000085000000)
 Metaspace       used 20530K, capacity 21204K, committed 21248K, reserved 1067008K
  class space    used 2860K, capacity 3048K, committed 3072K, reserved 1048576K
Event: 1.836 GC heap after
Heap after GC invocations=6 (full 1):
 PSYoungGen      total 128000K, used 0K [0x00000000d5580000, 0x00000000e5c80000, 0x0000000100000000)
  eden space 122880K, 0% used [0x00000000d5580000,0x00000000d5580000,0x00000000dcd80000)
  from space 5120K, 0% used [0x00000000dcd80000,0x00000000dcd80000,0x00000000dd280000)
  to   space 11776K, 0% used [0x00000000e5100000,0x00000000e5100000,0x00000000e5c80000)
 ParOldGen       total 56320K, used 12920K [0x0000000080000000, 0x0000000083700000, 0x00000000d5580000)
  object space 56320K, 22% used [0x0000000080000000,0x0000000080c9e198,0x0000000083700000)
 Metaspace       used 20530K, capacity 21204K, committed 21248K, reserved 1067008K
  class space    used 2860K, capacity 3048K, committed 3072K, reserved 1048576K
}
Event: 2.739 GC heap before
{Heap before GC invocations=7 (full 1):
 PSYoungGen      total 128000K, used 122880K [0x00000000d5580000, 0x00000000e5c80000, 0x0000000100000000)
  eden space 122880K, 100% used [0x00000000d5580000,0x00000000dcd80000,0x00000000dcd80000)
  from space 5120K, 0% used [0x00000000dcd80000,0x00000000dcd80000,0x00000000dd280000)
  to   space 11776K, 0% used [0x00000000e5100000,0x00000000e5100000,0x00000000e5c80000)
 ParOldGen       total 56320K, used 12920K [0x0000000080000000, 0x0000000083700000, 0x00000000d5580000)
  object space 56320K, 22% used [0x0000000080000000,0x0000000080c9e198,0x0000000083700000)
 Metaspace       used 32653K, capacity 33712K, committed 33920K, reserved 1079296K
  class space    used 4446K, capacity 4721K, committed 4736K, reserved 1048576K
Event: 2.750 GC heap after
Heap after GC invocations=7 (full 1):
 PSYoungGen      total 228864K, used 11769K [0x00000000d5580000, 0x00000000e5c80000, 0x0000000100000000)
  eden space 217088K, 0% used [0x00000000d5580000,0x00000000d5580000,0x00000000e2980000)
  from space 11776K, 99% used [0x00000000e5100000,0x00000000e5c7e508,0x00000000e5c80000)
  to   space 14848K, 0% used [0x00000000e3f80000,0x00000000e3f80000,0x00000000e4e00000)
 ParOldGen       total 56320K, used 14983K [0x0000000080000000, 0x0000000083700000, 0x00000000d5580000)
  object space 56320K, 26% used [0x0000000080000000,0x0000000080ea1f40,0x0000000083700000)
 Metaspace       used 32653K, capacity 33712K, committed 33920K, reserved 1079296K
  class space    used 4446K, capacity 4721K, committed 4736K, reserved 1048576K
}
Event: 2.958 GC heap before
{Heap before GC invocations=8 (full 1):
 PSYoungGen      total 228864K, used 57182K [0x00000000d5580000, 0x00000000e5c80000, 0x0000000100000000)
  eden space 217088K, 20% used [0x00000000d5580000,0x00000000d81d96e8,0x00000000e2980000)
  from space 11776K, 99% used [0x00000000e5100000,0x00000000e5c7e508,0x00000000e5c80000)
  to   space 14848K, 0% used [0x00000000e3f80000,0x00000000e3f80000,0x00000000e4e00000)
 ParOldGen       total 56320K, used 14983K [0x0000000080000000, 0x0000000083700000, 0x00000000d5580000)
  object space 56320K, 26% used [0x0000000080000000,0x0000000080ea1f40,0x0000000083700000)
 Metaspace       used 34243K, capacity 35398K, committed 35416K, reserved 1079296K
  class space    used 4711K, capacity 4974K, committed 4992K, reserved 1048576K
Event: 2.978 GC heap after
Heap after GC invocations=8 (full 1):
 PSYoungGen      total 231936K, used 8904K [0x00000000d5580000, 0x00000000e5c80000, 0x0000000100000000)
  eden space 217088K, 0% used [0x00000000d5580000,0x00000000d5580000,0x00000000e2980000)
  from space 14848K, 59% used [0x00000000e3f80000,0x00000000e4832320,0x00000000e4e00000)
  to   space 11776K, 0% used [0x00000000e5100000,0x00000000e5100000,0x00000000e5c80000)
 ParOldGen       total 56320K, used 14991K [0x0000000080000000, 0x0000000083700000, 0x00000000d5580000)
  object space 56320K, 26% used [0x0000000080000000,0x0000000080ea3f40,0x0000000083700000)
 Metaspace       used 34243K, capacity 35398K, committed 35416K, reserved 1079296K
  class space    used 4711K, capacity 4974K, committed 4992K, reserved 1048576K
}
Event: 2.978 GC heap before
{Heap before GC invocations=9 (full 2):
 PSYoungGen      total 231936K, used 8904K [0x00000000d5580000, 0x00000000e5c80000, 0x0000000100000000)
  eden space 217088K, 0% used [0x00000000d5580000,0x00000000d5580000,0x00000000e2980000)
  from space 14848K, 59% used [0x00000000e3f80000,0x00000000e4832320,0x00000000e4e00000)
  to   space 11776K, 0% used [0x00000000e5100000,0x00000000e5100000,0x00000000e5c80000)
 ParOldGen       total 56320K, used 14991K [0x0000000080000000, 0x0000000083700000, 0x00000000d5580000)
  object space 56320K, 26% used [0x0000000080000000,0x0000000080ea3f40,0x0000000083700000)
 Metaspace       used 34243K, capacity 35398K, committed 35416K, reserved 1079296K
  class space    used 4711K, capacity 4974K, committed 4992K, reserved 1048576K
Event: 3.100 GC heap after
Heap after GC invocations=9 (full 2):
 PSYoungGen      total 231936K, used 0K [0x00000000d5580000, 0x00000000e5c80000, 0x0000000100000000)
  eden space 217088K, 0% used [0x00000000d5580000,0x00000000d5580000,0x00000000e2980000)
  from space 14848K, 0% used [0x00000000e3f80000,0x00000000e3f80000,0x00000000e4e00000)
  to   space 11776K, 0% used [0x00000000e5100000,0x00000000e5100000,0x00000000e5c80000)
 ParOldGen       total 75776K, used 15546K [0x0000000080000000, 0x0000000084a00000, 0x00000000d5580000)
  object space 75776K, 20% used [0x0000000080000000,0x0000000080f2ebe0,0x0000000084a00000)
 Metaspace       used 34243K, capacity 35398K, committed 35416K, reserved 1079296K
  class space    used 4711K, capacity 4974K, committed 4992K, reserved 1048576K
}
Event: 4.393 GC heap before
{Heap before GC invocations=10 (full 2):
 PSYoungGen      total 231936K, used 217088K [0x00000000d5580000, 0x00000000e5c80000, 0x0000000100000000)
  eden space 217088K, 100% used [0x00000000d5580000,0x00000000e2980000,0x00000000e2980000)
  from space 14848K, 0% used [0x00000000e3f80000,0x00000000e3f80000,0x00000000e4e00000)
  to   space 11776K, 0% used [0x00000000e5100000,0x00000000e5100000,0x00000000e5c80000)
 ParOldGen       total 75776K, used 15546K [0x0000000080000000, 0x0000000084a00000, 0x00000000d5580000)
  object space 75776K, 20% used [0x0000000080000000,0x0000000080f2ebe0,0x0000000084a00000)
 Metaspace       used 45181K, capacity 47050K, committed 47192K, reserved 1089536K
  class space    used 6099K, capacity 6447K, committed 6528K, reserved 1048576K
Event: 4.407 GC heap after
Heap after GC invocations=10 (full 2):
 PSYoungGen      total 228864K, used 11764K [0x00000000d5580000, 0x00000000e5c80000, 0x0000000100000000)
  eden space 217088K, 0% used [0x00000000d5580000,0x00000000d5580000,0x00000000e2980000)
  from space 11776K, 99% used [0x00000000e5100000,0x00000000e5c7d3c8,0x00000000e5c80000)
  to   space 14848K, 0% used [0x00000000e3f80000,0x00000000e3f80000,0x00000000e4e00000)
 ParOldGen       total 75776K, used 19347K [0x0000000080000000, 0x0000000084a00000, 0x00000000d5580000)
  object space 75776K, 25% used [0x0000000080000000,0x00000000812e4c58,0x0000000084a00000)
 Metaspace       used 45181K, capacity 47050K, committed 47192K, reserved 1089536K
  class space    used 6099K, capacity 6447K, committed 6528K, reserved 1048576K
}

