# JRE version: OpenJDK Runtime Environment (8.0_242-b01) (build 1.8.0_242-release-1644-b01)
# Java VM: OpenJDK 64-Bit Server VM (25.242-b01 mixed mode windows-amd64 compressed oops)
Heap:
 PSYoungGen      total 66560K, used 34452K [0x00000000d8380000, 0x00000000dc980000, 0x0000000100000000)
  eden space 61440K, 56% used [0x00000000d8380000,0x00000000da5253b8,0x00000000dbf80000)
  from space 5120K, 0% used [0x00000000dc480000,0x00000000dc480000,0x00000000dc980000)
  to   space 5120K, 0% used [0x00000000dbf80000,0x00000000dbf80000,0x00000000dc480000)
 ParOldGen       total 62464K, used 8324K [0x0000000088a00000, 0x000000008c700000, 0x00000000d8380000)
  object space 62464K, 13% used [0x0000000088a00000,0x00000000892213d0,0x000000008c700000)
 Metaspace       used 22185K, capacity 22694K, committed 22784K, reserved 1071104K
  class space    used 2637K, capacity 2770K, committed 2816K, reserved 1048576K
GC Heap History (6 events):
Event: 0.482 GC heap before
{Heap before GC invocations=1 (full 0):
 PSYoungGen      total 35840K, used 30720K [0x00000000d8380000, 0x00000000dab80000, 0x0000000100000000)
  eden space 30720K, 100% used [0x00000000d8380000,0x00000000da180000,0x00000000da180000)
  from space 5120K, 0% used [0x00000000da680000,0x00000000da680000,0x00000000dab80000)
  to   space 5120K, 0% used [0x00000000da180000,0x00000000da180000,0x00000000da680000)
 ParOldGen       total 81920K, used 0K [0x0000000088a00000, 0x000000008da00000, 0x00000000d8380000)
  object space 81920K, 0% used [0x0000000088a00000,0x0000000088a00000,0x000000008da00000)
 Metaspace       used 9731K, capacity 9852K, committed 10112K, reserved 1058816K
  class space    used 1048K, capacity 1116K, committed 1152K, reserved 1048576K
Event: 0.488 GC heap after
Heap after GC invocations=1 (full 0):
 PSYoungGen      total 35840K, used 5113K [0x00000000d8380000, 0x00000000dc980000, 0x0000000100000000)
  eden space 30720K, 0% used [0x00000000d8380000,0x00000000d8380000,0x00000000da180000)
  from space 5120K, 99% used [0x00000000da180000,0x00000000da67e588,0x00000000da680000)
  to   space 5120K, 0% used [0x00000000dc480000,0x00000000dc480000,0x00000000dc980000)
 ParOldGen       total 81920K, used 2196K [0x0000000088a00000, 0x000000008da00000, 0x00000000d8380000)
  object space 81920K, 2% used [0x0000000088a00000,0x0000000088c25048,0x000000008da00000)
 Metaspace       used 9731K, capacity 9852K, committed 10112K, reserved 1058816K
  class space    used 1048K, capacity 1116K, committed 1152K, reserved 1048576K
}
Event: 0.823 GC heap before
{Heap before GC invocations=2 (full 0):
 PSYoungGen      total 35840K, used 32574K [0x00000000d8380000, 0x00000000dc980000, 0x0000000100000000)
  eden space 30720K, 89% used [0x00000000d8380000,0x00000000d9e513e0,0x00000000da180000)
  from space 5120K, 99% used [0x00000000da180000,0x00000000da67e588,0x00000000da680000)
  to   space 5120K, 0% used [0x00000000dc480000,0x00000000dc480000,0x00000000dc980000)
 ParOldGen       total 81920K, used 2196K [0x0000000088a00000, 0x000000008da00000, 0x00000000d8380000)
  object space 81920K, 2% used [0x0000000088a00000,0x0000000088c25048,0x000000008da00000)
 Metaspace       used 13925K, capacity 14242K, committed 14336K, reserved 1067008K
  class space    used 1621K, capacity 1727K, committed 1792K, reserved 1048576K
Event: 0.832 GC heap after
Heap after GC invocations=2 (full 0):
 PSYoungGen      total 66560K, used 5097K [0x00000000d8380000, 0x00000000dc980000, 0x0000000100000000)
  eden space 61440K, 0% used [0x00000000d8380000,0x00000000d8380000,0x00000000dbf80000)
  from space 5120K, 99% used [0x00000000dc480000,0x00000000dc97a7f0,0x00000000dc980000)
  to   space 5120K, 0% used [0x00000000dbf80000,0x00000000dbf80000,0x00000000dc480000)
 ParOldGen       total 81920K, used 5690K [0x0000000088a00000, 0x000000008da00000, 0x00000000d8380000)
  object space 81920K, 6% used [0x0000000088a00000,0x0000000088f8eba8,0x000000008da00000)
 Metaspace       used 13925K, capacity 14242K, committed 14336K, reserved 1067008K
  class space    used 1621K, capacity 1727K, committed 1792K, reserved 1048576K
}
Event: 0.832 GC heap before
{Heap before GC invocations=3 (full 1):
 PSYoungGen      total 66560K, used 5097K [0x00000000d8380000, 0x00000000dc980000, 0x0000000100000000)
  eden space 61440K, 0% used [0x00000000d8380000,0x00000000d8380000,0x00000000dbf80000)
  from space 5120K, 99% used [0x00000000dc480000,0x00000000dc97a7f0,0x00000000dc980000)
  to   space 5120K, 0% used [0x00000000dbf80000,0x00000000dbf80000,0x00000000dc480000)
 ParOldGen       total 81920K, used 5690K [0x0000000088a00000, 0x000000008da00000, 0x00000000d8380000)
  object space 81920K, 6% used [0x0000000088a00000,0x0000000088f8eba8,0x000000008da00000)
 Metaspace       used 13925K, capacity 14242K, committed 14336K, reserved 1067008K
  class space    used 1621K, capacity 1727K, committed 1792K, reserved 1048576K
Event: 0.857 GC heap after
Heap after GC invocations=3 (full 1):
 PSYoungGen      total 66560K, used 0K [0x00000000d8380000, 0x00000000dc980000, 0x0000000100000000)
  eden space 61440K, 0% used [0x00000000d8380000,0x00000000d8380000,0x00000000dbf80000)
  from space 5120K, 0% used [0x00000000dc480000,0x00000000dc480000,0x00000000dc980000)
  to   space 5120K, 0% used [0x00000000dbf80000,0x00000000dbf80000,0x00000000dc480000)
 ParOldGen       total 62464K, used 8324K [0x0000000088a00000, 0x000000008c700000, 0x00000000d8380000)
  object space 62464K, 13% used [0x0000000088a00000,0x00000000892213d0,0x000000008c700000)
 Metaspace       used 13925K, capacity 14242K, committed 14336K, reserved 1064960K
  class space    used 1621K, capacity 1727K, committed 1792K, reserved 1048576K
}

